20:18:06.202 [main                     ] DEBUG Logger               - Configured Logger
20:18:06.269 [main                     ] DEBUG GameApplication      - Logging settings
Title: Clicky Cooker
Version: 0.0
Width: 800
Height: 500
Fullscreen: false
Intro: false
Profiling: false
Single step:false
App Mode: DEVELOPER
Menu Key: ESCAPE
Stage Style: DECORATED
Scene Factory: class com.almasb.fxgl.app.scene.SceneFactory

20:18:07.678 [JavaFX Application Thread] DEBUG FXGLApplication      - Initializing FXGL
20:18:07.689 [JavaFX Application Thread] INFO  Engine               - FXGL-17.2 (20.08.2022 16.50) on WINDOWS (J:19 FX:19-ea)
20:18:07.691 [JavaFX Application Thread] DEBUG Engine               - JRE Vendor Name: Oracle Corporation
20:18:07.692 [JavaFX Application Thread] DEBUG Engine               - Running on OS: Windows 10 version 10.0
20:18:07.692 [JavaFX Application Thread] DEBUG Engine               - Architecture: amd64
20:18:07.692 [JavaFX Application Thread] INFO  Engine               - Source code and latest versions at: https://github.com/AlmasB/FXGL
20:18:07.693 [JavaFX Application Thread] INFO  Engine               -       Ask questions and discuss at: https://github.com/AlmasB/FXGL/discussions
20:18:07.693 [JavaFX Application Thread] INFO  Engine               -              Join the FXGL chat at: https://gitter.im/AlmasB/FXGL
20:18:08.016 [JavaFX Application Thread] DEBUG PrimaryStageWindow   - Creating a JavaFX scene
20:18:08.145 [JavaFX Application Thread] DEBUG PrimaryStageWindow   - Target settings size: 800.0 x 500.0
20:18:08.146 [JavaFX Application Thread] DEBUG PrimaryStageWindow   - Scaled scene size:    800.0 x 500.0
20:18:08.146 [JavaFX Application Thread] DEBUG PrimaryStageWindow   - Scaled ratio: (1.0, 1.0)
20:18:08.148 [JavaFX Application Thread] DEBUG PrimaryStageWindow   - Set initial scene to FXGLStartupScene
20:18:08.164 [JavaFX Application Thread] DEBUG PrimaryStageWindow   - Opening main window
20:18:08.372 [JavaFX Application Thread] DEBUG PrimaryStageWindow   - Window border size: (16.0, 39.0)
20:18:08.372 [JavaFX Application Thread] DEBUG PrimaryStageWindow   - Scaled size: 800.0 x 500.0
20:18:08.372 [JavaFX Application Thread] DEBUG PrimaryStageWindow   - Scaled ratio: (1.0, 1.0)
20:18:08.372 [JavaFX Application Thread] DEBUG PrimaryStageWindow   - Scene size: 800.0 x 500.0
20:18:08.373 [JavaFX Application Thread] DEBUG PrimaryStageWindow   - Stage size: 816.0 x 539.0
20:18:08.456 [FXGL Background Thread 1 ] DEBUG Engine               - Initializing environment variables
20:18:08.541 [FXGL Background Thread 1 ] DEBUG FXGLAssetLoaderServi - User app class for loading assets: class com.example.clickycooker.App
20:18:08.541 [FXGL Background Thread 1 ] DEBUG GameApplicationServi - Applying CSS: fxgl_dark.css
20:18:08.542 [FXGL Background Thread 1 ] DEBUG FXGLAssetLoaderServi - Loading from file system: jar:file:/C:/Users/Deus/.m2/repository/com/github/almasb/fxgl/17.2/fxgl-17.2.jar!/fxglassets/ui/css/fxgl_dark.css
20:18:08.613 [FXGL Background Thread 1 ] DEBUG GameApplicationServi - Initializing application scenes
20:18:08.764 [FXGL Background Thread 1 ] DEBUG GameWorld            - Game world initialized
20:18:08.860 [FXGL Background Thread 1 ] DEBUG PhysicsWorld         - Physics world initialized: appHeight=500, physics.ppm=50.0
20:18:08.860 [FXGL Background Thread 1 ] DEBUG PhysicsWorld         - Using strategy: BRUTE_FORCE
20:18:08.865 [FXGL Background Thread 1 ] DEBUG GameScene            - Game scene initialized: 800x500
20:18:08.893 [FXGL Background Thread 1 ] WARN  FXGL.DefaultMenu     - FXGLDefaultMenu is not designed for resolutions < 800x600
20:18:08.893 [FXGL Background Thread 1 ] DEBUG FXGL.DefaultMenu     - createMenuBodyGameMenu()
20:18:08.925 [FXGL Background Thread 1 ] DEBUG FXGL.DefaultMenu     - createOptionsMenu()
20:18:08.946 [FXGL Background Thread 1 ] DEBUG FXGLAssetLoaderServi - Loading from file system: jar:file:/C:/Users/Deus/.m2/repository/com/github/almasb/fxgl/17.2/fxgl-17.2.jar!/fxglassets/textures/particles/smoke.png
20:18:09.150 [FXGL Background Thread 1 ] DEBUG FXGLAssetLoaderServi - Loading from file system: jar:file:/C:/Users/Deus/.m2/repository/com/github/almasb/fxgl/17.2/fxgl-17.2.jar!/fxglassets/textures/particles/trace_horizontal.png
20:18:09.186 [FXGL Background Thread 1 ] DEBUG GameApplicationServi - Application scenes initialized
20:18:09.210 [FXGL Background Thread 1 ] DEBUG SystemBundleService  - Loading FXGL system data
20:18:09.217 [FXGL Background Thread 1 ] DEBUG FileSystemAccess     - Reading from: C:\Users\Deus\Desktop\Clicky Cooker\system\fxgl.bundle
20:18:09.253 [FXGL Background Thread 1 ] DEBUG SystemBundleService  - Bundle FXGL: {}
20:18:09.253 [FXGL Background Thread 1 ] DEBUG UpdaterService       - Checking for updates
20:18:09.262 [FXGL Background Thread 1 ] DEBUG FXGLApplication      - Loading default localization
20:18:09.263 [FXGL Background Thread 1 ] DEBUG FXGLAssetLoaderServi - Loading from file system: jar:file:/C:/Users/Deus/.m2/repository/com/github/almasb/fxgl/17.2/fxgl-17.2.jar!/fxglassets/languages/english.lang
20:18:09.280 [FXGL Background Thread 4 ] DEBUG FXGLApplication      - Loading fonts
20:18:09.281 [FXGL Background Thread 4 ] DEBUG FXGLAssetLoaderServi - Loading from file system: jar:file:/C:/Users/Deus/.m2/repository/com/github/almasb/fxgl/17.2/fxgl-17.2.jar!/fxglassets/ui/fonts/VarelaRound-Regular.ttf
20:18:09.315 [FXGL Background Thread 1 ] INFO  FXGLApplication      - FXGL initialization took: 0.858 sec
20:18:09.317 [JavaFX Application Thread] DEBUG FXGLAssetLoaderServi - Loading from file system: jar:file:/C:/Users/Deus/.m2/repository/com/github/almasb/fxgl/17.2/fxgl-17.2.jar!/fxglassets/textures/fxgl_icon.png
20:18:09.350 [JavaFX Application Thread] DEBUG FXGLAssetLoaderServi - Loading from file system: file:/C:/Users/Deus/Desktop/Clicky%20Cooker/target/classes/assets/textures/cursor.png
20:18:09.406 [JavaFX Application Thread] DEBUG Input                - Registered new binding: Screenshot - CTRL+8
20:18:09.408 [JavaFX Application Thread] DEBUG Input                - Registered new binding: System info dump - CTRL+9
20:18:09.408 [JavaFX Application Thread] DEBUG Input                - Registered new binding: Restart - CTRL+R
20:18:09.410 [JavaFX Application Thread] DEBUG Input                - Registered new binding: Toggle Debug Camera - CTRL+7
20:18:09.416 [JavaFX Application Thread] DEBUG LoopRunner           - Starting loop
20:18:09.416 [JavaFX Application Thread] DEBUG LoopRunner           - Initializing JavaFX AnimationTimerLoop
20:18:09.418 [JavaFX Application Thread] DEBUG GameApplicationServi - Starting new game
20:18:09.419 [JavaFX Application Thread] DEBUG Input                - Clearing active input actions
20:18:09.436 [JavaFX Application Thread] DEBUG GameApplicationServi - Removing overlay from FXGLStartupScene and adding to FXGLLoadingScene
20:18:09.437 [JavaFX Application Thread] DEBUG PrimaryStageWindow   - FXGLStartupScene -> FXGLLoadingScene
20:18:09.437 [JavaFX Application Thread] DEBUG GameApplicationServi - Clearing previous game
20:18:09.437 [JavaFX Application Thread] DEBUG GameScene            - Clearing game scene
20:18:09.437 [JavaFX Application Thread] DEBUG GameWorld            - Clearing game world
20:18:09.437 [JavaFX Application Thread] DEBUG PhysicsWorld         - Clearing physics world
20:18:09.512 [FXGL Background Thread 1 ] DEBUG FXGLApplication      - Initializing game
20:18:09.878 [FXGL Background Thread 1 ] INFO  FXGLApplication      - Game initialization took: 0.366 sec
20:18:09.879 [JavaFX Application Thread] DEBUG Input                - Clearing active input actions
20:18:09.893 [JavaFX Application Thread] DEBUG GameApplicationServi - Removing overlay from FXGLLoadingScene and adding to GameScene
20:18:09.938 [JavaFX Application Thread] DEBUG PrimaryStageWindow   - FXGLLoadingScene -> GameScene
20:18:10.476 [FXGL Background Thread 4 ] DEBUG FXGLAssetLoaderServi - Loading from file system: jar:file:/C:/Users/Deus/.m2/repository/com/github/almasb/fxgl/17.2/fxgl-17.2.jar!/fxglassets/ui/fonts/Abel-Regular.ttf
20:18:10.503 [FXGL Background Thread 4 ] DEBUG FXGLAssetLoaderServi - Loading from file system: jar:file:/C:/Users/Deus/.m2/repository/com/github/almasb/fxgl/17.2/fxgl-17.2.jar!/fxglassets/ui/fonts/TerminalLandMono-Regular.otf
20:18:10.544 [FXGL Background Thread 4 ] DEBUG FXGLAssetLoaderServi - Loading from file system: jar:file:/C:/Users/Deus/.m2/repository/com/github/almasb/fxgl/17.2/fxgl-17.2.jar!/fxglassets/ui/fonts/Courier-Prime.ttf
20:18:10.571 [JavaFX Application Thread] DEBUG FXGLApplication      - Registering font factories with UI factory
20:18:12.260 [FXGL Background Thread 3 ] DEBUG Engine               - Logging environment variables
20:18:12.260 [FXGL Background Thread 3 ] DEBUG Engine               - achievements: []
20:18:12.261 [FXGL Background Thread 3 ] DEBUG Engine               - actualHeight: 500.0
20:18:12.261 [FXGL Background Thread 3 ] DEBUG Engine               - actualHeightProperty: ReadOnlyDoubleProperty [value: 500.0]
20:18:12.261 [FXGL Background Thread 3 ] DEBUG Engine               - actualWidth: 800.0
20:18:12.261 [FXGL Background Thread 3 ] DEBUG Engine               - actualWidthProperty: ReadOnlyDoubleProperty [value: 800.0]
20:18:12.261 [FXGL Background Thread 3 ] DEBUG Engine               - appIcon: fxgl_icon.png
20:18:12.261 [FXGL Background Thread 3 ] DEBUG Engine               - applicationMode: DEVELOPER
20:18:12.261 [FXGL Background Thread 3 ] DEBUG Engine               - cSSList: [fxgl_dark.css]
20:18:12.261 [FXGL Background Thread 3 ] DEBUG Engine               - collisionDetectionStrategy: BRUTE_FORCE
20:18:12.261 [FXGL Background Thread 3 ] DEBUG Engine               - configClass: Optional.empty
20:18:12.261 [FXGL Background Thread 3 ] DEBUG Engine               - credits: []
20:18:12.262 [FXGL Background Thread 3 ] DEBUG Engine               - defaultCursor: CursorInfo(imageName=cursor.png, hotspotX=20.0, hotspotY=20.0)
20:18:12.262 [FXGL Background Thread 3 ] DEBUG Engine               - devBBoxColorProperty: ObjectProperty [value: 0xff0000ff]
20:18:12.262 [FXGL Background Thread 3 ] DEBUG Engine               - devEnableDebugCameraProperty: BooleanProperty [value: false]
20:18:12.262 [FXGL Background Thread 3 ] DEBUG Engine               - devSensorColorProperty: ObjectProperty [value: 0xffff00ff]
20:18:12.262 [FXGL Background Thread 3 ] DEBUG Engine               - devShowBBoxProperty: BooleanProperty [value: false]
20:18:12.263 [FXGL Background Thread 3 ] DEBUG Engine               - devShowPositionProperty: BooleanProperty [value: false]
20:18:12.263 [FXGL Background Thread 3 ] DEBUG Engine               - enabledMenuItems: []
20:18:12.263 [FXGL Background Thread 3 ] DEBUG Engine               - engineServices: [class com.almasb.fxgl.app.services.FXGLAssetLoaderService, class com.almasb.fxgl.app.FXGLApplication$GameApplicationService, class com.almasb.fxgl.app.services.FXGLDialogService, class com.almasb.fxgl.app.services.IOTaskExecutorService, class com.almasb.fxgl.io.FileSystemService, class com.almasb.fxgl.localization.LocalizationService, class com.almasb.fxgl.app.services.SystemBundleService, class com.almasb.fxgl.profile.SaveLoadService, class com.almasb.fxgl.ui.FXGLUIFactoryServiceProvider, class com.almasb.fxgl.ui.FXGLDialogFactoryServiceProvider, class com.almasb.fxgl.audio.AudioPlayer, class com.almasb.fxgl.notification.impl.NotificationServiceProvider, class com.almasb.fxgl.achievement.AchievementService, class com.almasb.fxgl.cutscene.CutsceneService, class com.almasb.fxgl.minigames.MiniGameService, class com.almasb.fxgl.net.NetService, class com.almasb.fxgl.app.services.UpdaterService, class com.almasb.fxgl.dev.DevService]
20:18:12.263 [FXGL Background Thread 3 ] DEBUG Engine               - fontGame: Abel-Regular.ttf
20:18:12.263 [FXGL Background Thread 3 ] DEBUG Engine               - fontMono: TerminalLandMono-Regular.otf
20:18:12.263 [FXGL Background Thread 3 ] DEBUG Engine               - fontText: Courier-Prime.ttf
20:18:12.263 [FXGL Background Thread 3 ] DEBUG Engine               - fontUI: VarelaRound-Regular.ttf
20:18:12.263 [FXGL Background Thread 3 ] DEBUG Engine               - fullScreen: BooleanProperty [value: false]
20:18:12.263 [FXGL Background Thread 3 ] DEBUG Engine               - gameDifficulty: MEDIUM
20:18:12.263 [FXGL Background Thread 3 ] DEBUG Engine               - gameDifficultyProperty: ObjectProperty [value: MEDIUM]
20:18:12.263 [FXGL Background Thread 3 ] DEBUG Engine               - globalMusicVolume: 0.5
20:18:12.263 [FXGL Background Thread 3 ] DEBUG Engine               - globalMusicVolumeProperty: DoubleProperty [value: 0.5]
20:18:12.264 [FXGL Background Thread 3 ] DEBUG Engine               - globalSoundVolume: 0.5
20:18:12.264 [FXGL Background Thread 3 ] DEBUG Engine               - globalSoundVolumeProperty: DoubleProperty [value: 0.5]
20:18:12.264 [FXGL Background Thread 3 ] DEBUG Engine               - height: 500
20:18:12.264 [FXGL Background Thread 3 ] DEBUG Engine               - is3D: false
20:18:12.264 [FXGL Background Thread 3 ] DEBUG Engine               - isAndroid: false
20:18:12.264 [FXGL Background Thread 3 ] DEBUG Engine               - isBrowser: false
20:18:12.264 [FXGL Background Thread 3 ] DEBUG Engine               - isClickFeedbackEnabled: false
20:18:12.264 [FXGL Background Thread 3 ] DEBUG Engine               - isCloseConfirmation: false
20:18:12.265 [FXGL Background Thread 3 ] DEBUG Engine               - isDesktop: true
20:18:12.265 [FXGL Background Thread 3 ] DEBUG Engine               - isDeveloperMenuEnabled: false
20:18:12.265 [FXGL Background Thread 3 ] DEBUG Engine               - isEmbedded: false
20:18:12.265 [FXGL Background Thread 3 ] DEBUG Engine               - isEntityPreloadEnabled: true
20:18:12.265 [FXGL Background Thread 3 ] DEBUG Engine               - isExperimentalTiledLargeMap: false
20:18:12.265 [FXGL Background Thread 3 ] DEBUG Engine               - isFileSystemWriteAllowed: true
20:18:12.265 [FXGL Background Thread 3 ] DEBUG Engine               - isFullScreenAllowed: false
20:18:12.265 [FXGL Background Thread 3 ] DEBUG Engine               - isFullScreenFromStart: false
20:18:12.265 [FXGL Background Thread 3 ] DEBUG Engine               - isGameMenuEnabled: true
20:18:12.265 [FXGL Background Thread 3 ] DEBUG Engine               - isIOS: false
20:18:12.265 [FXGL Background Thread 3 ] DEBUG Engine               - isIntroEnabled: false
20:18:12.265 [FXGL Background Thread 3 ] DEBUG Engine               - isLinux: false
20:18:12.265 [FXGL Background Thread 3 ] DEBUG Engine               - isMac: false
20:18:12.265 [FXGL Background Thread 3 ] DEBUG Engine               - isMainMenuEnabled: false
20:18:12.266 [FXGL Background Thread 3 ] DEBUG Engine               - isManualResizeEnabled: false
20:18:12.266 [FXGL Background Thread 3 ] DEBUG Engine               - isMobile: false
20:18:12.266 [FXGL Background Thread 3 ] DEBUG Engine               - isNative: false
20:18:12.266 [FXGL Background Thread 3 ] DEBUG Engine               - isPauseMusicWhenMinimized: true
20:18:12.266 [FXGL Background Thread 3 ] DEBUG Engine               - isPreserveResizeRatio: false
20:18:12.266 [FXGL Background Thread 3 ] DEBUG Engine               - isProfilingEnabled: false
20:18:12.266 [FXGL Background Thread 3 ] DEBUG Engine               - isScaleAffectedOnResize: true
20:18:12.266 [FXGL Background Thread 3 ] DEBUG Engine               - isSingleStep: false
20:18:12.266 [FXGL Background Thread 3 ] DEBUG Engine               - isUserProfileEnabled: false
20:18:12.266 [FXGL Background Thread 3 ] DEBUG Engine               - isWindows: true
20:18:12.266 [FXGL Background Thread 3 ] DEBUG Engine               - language: ObjectProperty [value: ENGLISH]
20:18:12.267 [FXGL Background Thread 3 ] DEBUG Engine               - menuKey: ESCAPE
20:18:12.267 [FXGL Background Thread 3 ] DEBUG Engine               - mouseSensitivity: 0.2
20:18:12.267 [FXGL Background Thread 3 ] DEBUG Engine               - notificationViewClass: class com.almasb.fxgl.notification.view.XboxNotificationView
20:18:12.267 [FXGL Background Thread 3 ] DEBUG Engine               - pixelsPerMeter: 50.0
20:18:12.267 [FXGL Background Thread 3 ] DEBUG Engine               - platform: WINDOWS
20:18:12.267 [FXGL Background Thread 3 ] DEBUG Engine               - prefHeightProperty: ReadOnlyDoubleProperty [value: 500.0]
20:18:12.267 [FXGL Background Thread 3 ] DEBUG Engine               - prefWidthProperty: ReadOnlyDoubleProperty [value: 800.0]
20:18:12.267 [FXGL Background Thread 3 ] DEBUG Engine               - profileDir: profiles/
20:18:12.267 [FXGL Background Thread 3 ] DEBUG Engine               - profileName: StringProperty [value: DEFAULT]
20:18:12.267 [FXGL Background Thread 3 ] DEBUG Engine               - randomSeed: -1
20:18:12.268 [FXGL Background Thread 3 ] DEBUG Engine               - runtimeInfo: RuntimeInfo(platform=WINDOWS, version=17.2, build=20.08.2022 16.50)
20:18:12.268 [FXGL Background Thread 3 ] DEBUG Engine               - saveFileExt: sav
20:18:12.268 [FXGL Background Thread 3 ] DEBUG Engine               - scaledHeightProp$fxgl: DoubleProperty [bound, value: 500.0]
20:18:12.268 [FXGL Background Thread 3 ] DEBUG Engine               - scaledWidthProp$fxgl: DoubleProperty [bound, value: 800.0]
20:18:12.268 [FXGL Background Thread 3 ] DEBUG Engine               - sceneFactory: com.almasb.fxgl.app.scene.SceneFactory@7838b925
20:18:12.268 [FXGL Background Thread 3 ] DEBUG Engine               - secondsIn24h: 60
20:18:12.268 [FXGL Background Thread 3 ] DEBUG Engine               - soundMenuBack: menu/back.wav
20:18:12.268 [FXGL Background Thread 3 ] DEBUG Engine               - soundMenuPress: menu/press.wav
20:18:12.268 [FXGL Background Thread 3 ] DEBUG Engine               - soundMenuSelect: menu/select.wav
20:18:12.268 [FXGL Background Thread 3 ] DEBUG Engine               - soundNotification: core/notification.wav
20:18:12.268 [FXGL Background Thread 3 ] DEBUG Engine               - stageStyle: DECORATED
20:18:12.269 [FXGL Background Thread 3 ] DEBUG Engine               - supportedLanguages: [ENGLISH, FRENCH, GERMAN, HUNGARIAN, RUSSIAN]
20:18:12.269 [FXGL Background Thread 3 ] DEBUG Engine               - ticksPerSecond: -1
20:18:12.269 [FXGL Background Thread 3 ] DEBUG Engine               - title: Clicky Cooker
20:18:12.269 [FXGL Background Thread 3 ] DEBUG Engine               - urlGithub: https://github.com/AlmasB/FXGL
20:18:12.269 [FXGL Background Thread 3 ] DEBUG Engine               - urlLeaderboard: http://fxgl-top.herokuapp.com/
20:18:12.269 [FXGL Background Thread 3 ] DEBUG Engine               - urlPOM: https://raw.githubusercontent.com/AlmasB/FXGL/release/README.md
20:18:12.269 [FXGL Background Thread 3 ] DEBUG Engine               - userAppClass: class com.example.clickycooker.App
20:18:12.269 [FXGL Background Thread 3 ] DEBUG Engine               - version: 0.0
20:18:12.269 [FXGL Background Thread 3 ] DEBUG Engine               - versionCheckDays: 7
20:18:12.269 [FXGL Background Thread 3 ] DEBUG Engine               - width: 800
20:18:12.269 [FXGL Background Thread 3 ] DEBUG Engine               - Logging services
20:18:12.269 [FXGL Background Thread 3 ] DEBUG Engine               - class com.almasb.fxgl.app.services.FXGLAssetLoaderService
20:18:12.269 [FXGL Background Thread 3 ] DEBUG Engine               - class com.almasb.fxgl.app.FXGLApplication$GameApplicationService
20:18:12.269 [FXGL Background Thread 3 ] DEBUG Engine               - class com.almasb.fxgl.app.services.FXGLDialogService
20:18:12.270 [FXGL Background Thread 3 ] DEBUG Engine               - class com.almasb.fxgl.app.services.IOTaskExecutorService
20:18:12.270 [FXGL Background Thread 3 ] DEBUG Engine               - class com.almasb.fxgl.io.FileSystemService
20:18:12.270 [FXGL Background Thread 3 ] DEBUG Engine               - class com.almasb.fxgl.localization.LocalizationService
20:18:12.270 [FXGL Background Thread 3 ] DEBUG Engine               - class com.almasb.fxgl.app.services.SystemBundleService
20:18:12.270 [FXGL Background Thread 3 ] DEBUG Engine               - class com.almasb.fxgl.profile.SaveLoadService
20:18:12.270 [FXGL Background Thread 3 ] DEBUG Engine               - class com.almasb.fxgl.ui.FXGLUIFactoryServiceProvider
20:18:12.270 [FXGL Background Thread 3 ] DEBUG Engine               - class com.almasb.fxgl.ui.FXGLDialogFactoryServiceProvider
20:18:12.270 [FXGL Background Thread 3 ] DEBUG Engine               - class com.almasb.fxgl.audio.AudioPlayer
20:18:12.270 [FXGL Background Thread 3 ] DEBUG Engine               - class com.almasb.fxgl.notification.impl.NotificationServiceProvider
20:18:12.270 [FXGL Background Thread 3 ] DEBUG Engine               - class com.almasb.fxgl.achievement.AchievementService
20:18:12.270 [FXGL Background Thread 3 ] DEBUG Engine               - class com.almasb.fxgl.cutscene.CutsceneService
20:18:12.270 [FXGL Background Thread 3 ] DEBUG Engine               - class com.almasb.fxgl.minigames.MiniGameService
20:18:12.270 [FXGL Background Thread 3 ] DEBUG Engine               - class com.almasb.fxgl.net.NetService
20:18:12.270 [FXGL Background Thread 3 ] DEBUG Engine               - class com.almasb.fxgl.app.services.UpdaterService
20:18:12.270 [FXGL Background Thread 3 ] DEBUG Engine               - class com.almasb.fxgl.dev.DevService
20:18:42.458 [JavaFX Application Thread] DEBUG FXGLApplication      - Exiting FXGL
20:18:42.458 [JavaFX Application Thread] DEBUG LoopRunner           - Stopping loop
20:18:42.458 [JavaFX Application Thread] DEBUG SystemBundleService  - Saving FXGL system data
20:18:42.461 [JavaFX Application Thread] DEBUG FileSystemAccess     - Writing to: C:\Users\Deus\Desktop\Clicky Cooker\system\fxgl.bundle
20:18:42.464 [JavaFX Application Thread] DEBUG Async                - Shutting down background threads
20:18:42.464 [JavaFX Application Thread] DEBUG PrimaryStageWindow   - Closing main window
20:18:42.484 [JavaFX Application Thread] DEBUG Logger               - Closing Logger
