13:32:02.763 [main                     ] DEBUG Logger               - Configured Logger
13:32:02.806 [main                     ] DEBUG GameApplication      - Logging settings
Title: Clicky Cooker
Version: 0.0
Width: 800
Height: 500
Fullscreen: false
Intro: false
Profiling: false
Single step:false
App Mode: DEVELOPER
Menu Key: ESCAPE
Stage Style: DECORATED
Scene Factory: class com.almasb.fxgl.app.scene.SceneFactory

13:32:03.429 [JavaFX Application Thread] DEBUG FXGLApplication      - Initializing FXGL
13:32:03.437 [JavaFX Application Thread] INFO  Engine               - FXGL-17.2 (20.08.2022 16.50) on WINDOWS (J:19.0.1 FX:19-ea)
13:32:03.437 [JavaFX Application Thread] DEBUG Engine               - JRE Vendor Name: Oracle Corporation
13:32:03.438 [JavaFX Application Thread] DEBUG Engine               - Running on OS: Windows 10 version 10.0
13:32:03.438 [JavaFX Application Thread] DEBUG Engine               - Architecture: amd64
13:32:03.438 [JavaFX Application Thread] INFO  Engine               - Source code and latest versions at: https://github.com/AlmasB/FXGL
13:32:03.439 [JavaFX Application Thread] INFO  Engine               -       Ask questions and discuss at: https://github.com/AlmasB/FXGL/discussions
13:32:03.439 [JavaFX Application Thread] INFO  Engine               -              Join the FXGL chat at: https://gitter.im/AlmasB/FXGL
13:32:03.668 [JavaFX Application Thread] DEBUG PrimaryStageWindow   - Creating a JavaFX scene
13:32:03.759 [JavaFX Application Thread] DEBUG PrimaryStageWindow   - Target settings size: 800.0 x 500.0
13:32:03.759 [JavaFX Application Thread] DEBUG PrimaryStageWindow   - Scaled scene size:    800.0 x 500.0
13:32:03.760 [JavaFX Application Thread] DEBUG PrimaryStageWindow   - Scaled ratio: (1.0, 1.0)
13:32:03.761 [JavaFX Application Thread] DEBUG PrimaryStageWindow   - Set initial scene to FXGLStartupScene
13:32:03.773 [JavaFX Application Thread] DEBUG PrimaryStageWindow   - Opening main window
13:32:03.915 [JavaFX Application Thread] DEBUG PrimaryStageWindow   - Window border size: (14.66668701171875, 37.33331298828125)
13:32:03.915 [JavaFX Application Thread] DEBUG PrimaryStageWindow   - Scaled size: 800.0 x 500.0
13:32:03.916 [JavaFX Application Thread] DEBUG PrimaryStageWindow   - Scaled ratio: (1.0, 1.0)
13:32:03.916 [JavaFX Application Thread] DEBUG PrimaryStageWindow   - Scene size: 800.0 x 500.0
13:32:03.916 [JavaFX Application Thread] DEBUG PrimaryStageWindow   - Stage size: 814.6666870117188 x 537.3333129882812
13:32:03.932 [FXGL Background Thread 1 ] DEBUG Engine               - Initializing environment variables
13:32:04.036 [FXGL Background Thread 1 ] DEBUG FXGLAssetLoaderServi - User app class for loading assets: class com.example.clickycooker.App
13:32:04.037 [FXGL Background Thread 1 ] DEBUG GameApplicationServi - Applying CSS: fxgl_dark.css
13:32:04.038 [FXGL Background Thread 1 ] DEBUG FXGLAssetLoaderServi - Loading from file system: jar:file:/C:/Users/trist/.m2/repository/com/github/almasb/fxgl/17.2/fxgl-17.2.jar!/fxglassets/ui/css/fxgl_dark.css
13:32:04.108 [FXGL Background Thread 1 ] DEBUG GameApplicationServi - Initializing application scenes
13:32:04.205 [FXGL Background Thread 1 ] DEBUG GameWorld            - Game world initialized
13:32:04.308 [FXGL Background Thread 1 ] DEBUG PhysicsWorld         - Physics world initialized: appHeight=500, physics.ppm=50.0
13:32:04.308 [FXGL Background Thread 1 ] DEBUG PhysicsWorld         - Using strategy: BRUTE_FORCE
13:32:04.316 [FXGL Background Thread 1 ] DEBUG GameScene            - Game scene initialized: 800x500
13:32:04.343 [FXGL Background Thread 1 ] WARN  FXGL.DefaultMenu     - FXGLDefaultMenu is not designed for resolutions < 800x600
13:32:04.343 [FXGL Background Thread 1 ] DEBUG FXGL.DefaultMenu     - createMenuBodyGameMenu()
13:32:04.381 [FXGL Background Thread 1 ] DEBUG FXGL.DefaultMenu     - createOptionsMenu()
13:32:04.404 [FXGL Background Thread 1 ] DEBUG FXGLAssetLoaderServi - Loading from file system: jar:file:/C:/Users/trist/.m2/repository/com/github/almasb/fxgl/17.2/fxgl-17.2.jar!/fxglassets/textures/particles/smoke.png
13:32:04.603 [FXGL Background Thread 1 ] DEBUG FXGLAssetLoaderServi - Loading from file system: jar:file:/C:/Users/trist/.m2/repository/com/github/almasb/fxgl/17.2/fxgl-17.2.jar!/fxglassets/textures/particles/trace_horizontal.png
13:32:04.650 [FXGL Background Thread 1 ] DEBUG GameApplicationServi - Application scenes initialized
13:32:04.680 [FXGL Background Thread 1 ] DEBUG SystemBundleService  - Loading FXGL system data
13:32:04.688 [FXGL Background Thread 1 ] DEBUG FileSystemAccess     - Reading from: C:\Users\trist\Desktop\Clicky Cooker\system\fxgl.bundle
13:32:04.723 [FXGL Background Thread 1 ] DEBUG SystemBundleService  - Bundle FXGL: {}
13:32:04.723 [FXGL Background Thread 1 ] DEBUG UpdaterService       - Checking for updates
13:32:04.732 [FXGL Background Thread 1 ] DEBUG FXGLApplication      - Loading default localization
13:32:04.733 [FXGL Background Thread 1 ] DEBUG FXGLAssetLoaderServi - Loading from file system: jar:file:/C:/Users/trist/.m2/repository/com/github/almasb/fxgl/17.2/fxgl-17.2.jar!/fxglassets/languages/english.lang
13:32:04.762 [FXGL Background Thread 1 ] INFO  FXGLApplication      - FXGL initialization took: 0.830 sec
13:32:04.763 [JavaFX Application Thread] DEBUG FXGLAssetLoaderServi - Loading from file system: jar:file:/C:/Users/trist/.m2/repository/com/github/almasb/fxgl/17.2/fxgl-17.2.jar!/fxglassets/textures/fxgl_icon.png
13:32:04.831 [FXGL Background Thread 4 ] DEBUG FXGLApplication      - Loading fonts
13:32:04.834 [FXGL Background Thread 4 ] DEBUG FXGLAssetLoaderServi - Loading from file system: jar:file:/C:/Users/trist/.m2/repository/com/github/almasb/fxgl/17.2/fxgl-17.2.jar!/fxglassets/ui/fonts/VarelaRound-Regular.ttf
13:32:04.835 [JavaFX Application Thread] DEBUG FXGLAssetLoaderServi - Loading from file system: file:/C:/Users/trist/Desktop/Clicky%20Cooker/target/classes/assets/textures/cursor.png
13:32:04.980 [JavaFX Application Thread] DEBUG Input                - Registered new binding: Screenshot - CTRL+8
13:32:04.981 [JavaFX Application Thread] DEBUG Input                - Registered new binding: System info dump - CTRL+9
13:32:04.982 [JavaFX Application Thread] DEBUG Input                - Registered new binding: Restart - CTRL+R
13:32:04.983 [JavaFX Application Thread] DEBUG Input                - Registered new binding: Toggle Debug Camera - CTRL+7
13:32:04.988 [JavaFX Application Thread] DEBUG LoopRunner           - Starting loop
13:32:04.988 [JavaFX Application Thread] DEBUG LoopRunner           - Initializing JavaFX AnimationTimerLoop
13:32:04.991 [JavaFX Application Thread] DEBUG GameApplicationServi - Starting new game
13:32:04.991 [JavaFX Application Thread] DEBUG Input                - Clearing active input actions
13:32:05.007 [JavaFX Application Thread] DEBUG GameApplicationServi - Removing overlay from FXGLStartupScene and adding to FXGLLoadingScene
13:32:05.008 [JavaFX Application Thread] DEBUG PrimaryStageWindow   - FXGLStartupScene -> FXGLLoadingScene
13:32:05.008 [JavaFX Application Thread] DEBUG GameApplicationServi - Clearing previous game
13:32:05.008 [JavaFX Application Thread] DEBUG GameScene            - Clearing game scene
13:32:05.008 [JavaFX Application Thread] DEBUG GameWorld            - Clearing game world
13:32:05.008 [JavaFX Application Thread] DEBUG PhysicsWorld         - Clearing physics world
13:32:05.011 [FXGL Background Thread 1 ] DEBUG FXGLApplication      - Initializing game
13:32:05.353 [JavaFX Application Thread] DEBUG LoopRunner           - Stopping loop
13:32:05.356 [JavaFX Application Thread] FATAL FXGLApplication      - Uncaught Exception:
java.lang.RuntimeException: Initialization failed
	at com.almasb.fxgl.app.FXGLApplication$InitAppTask.failed(FXGLApplication.kt:343)
	at javafx.concurrent.Task.setState(Task.java:710)
	at javafx.concurrent.Task$TaskCallable.lambda$call$2(Task.java:1456)
	at com.sun.javafx.application.PlatformImpl.lambda$runLater$10(PlatformImpl.java:457)
	at java.base/java.security.AccessController.doPrivileged(AccessController.java:399)
	at com.sun.javafx.application.PlatformImpl.lambda$runLater$11(PlatformImpl.java:456)
	at com.sun.glass.ui.InvokeLaterDispatcher$Future.run(InvokeLaterDispatcher.java:96)
	at com.sun.glass.ui.win.WinApplication._runLoop(Native Method)
	at com.sun.glass.ui.win.WinApplication.lambda$runLoop$3(WinApplication.java:184)
	at java.base/java.lang.Thread.run(Thread.java:1589)
Caused by: java.lang.RuntimeException: java.lang.IllegalMonitorStateException: current thread is not owner
	at com.example.clickycooker.App.initGame(App.java:27)
	at com.almasb.fxgl.app.FXGLApplication$InitAppTask.initGame(FXGLApplication.kt:339)
	at com.almasb.fxgl.app.FXGLApplication$InitAppTask.call(FXGLApplication.kt:319)
	at com.almasb.fxgl.app.FXGLApplication$InitAppTask.call(FXGLApplication.kt:311)
	at javafx.concurrent.Task$TaskCallable.call(Task.java:1426)
	at java.base/java.util.concurrent.FutureTask.run(FutureTask.java:317)
	at java.base/java.util.concurrent.Executors$RunnableAdapter.call(Executors.java:577)
	at java.base/java.util.concurrent.FutureTask.run(FutureTask.java:317)
	at java.base/java.util.concurrent.ThreadPoolExecutor.runWorker(ThreadPoolExecutor.java:1144)
	at java.base/java.util.concurrent.ThreadPoolExecutor$Worker.run(ThreadPoolExecutor.java:642)
	... 1 more
Caused by: java.lang.IllegalMonitorStateException: current thread is not owner
	at java.base/java.lang.Object.wait0(Native Method)
	at java.base/java.lang.Object.wait(Object.java:366)
	at com.example.clickycooker.GameManager.<init>(GameManager.java:60)
	at com.example.clickycooker.App.initGame(App.java:25)
	... 10 more

13:32:05.356 [JavaFX Application Thread] FATAL FXGLApplication      - Application will now exit
13:32:05.403 [JavaFX Application Thread] DEBUG PrimaryStageWindow   - Push state: ErrorSubScene
13:32:05.403 [JavaFX Application Thread] DEBUG Input                - Clearing active input actions
13:32:05.414 [JavaFX Application Thread] DEBUG GameApplicationServi - Removing overlay from FXGLLoadingScene and adding to ErrorSubScene
13:32:05.415 [JavaFX Application Thread] DEBUG PrimaryStageWindow   - FXGLLoadingScene -> ErrorSubScene
13:32:05.522 [FXGL Background Thread 4 ] DEBUG FXGLAssetLoaderServi - Loading from file system: jar:file:/C:/Users/trist/.m2/repository/com/github/almasb/fxgl/17.2/fxgl-17.2.jar!/fxglassets/ui/fonts/Abel-Regular.ttf
13:32:05.538 [FXGL Background Thread 4 ] DEBUG FXGLAssetLoaderServi - Loading from file system: jar:file:/C:/Users/trist/.m2/repository/com/github/almasb/fxgl/17.2/fxgl-17.2.jar!/fxglassets/ui/fonts/TerminalLandMono-Regular.otf
13:32:05.554 [FXGL Background Thread 4 ] DEBUG FXGLAssetLoaderServi - Loading from file system: jar:file:/C:/Users/trist/.m2/repository/com/github/almasb/fxgl/17.2/fxgl-17.2.jar!/fxglassets/ui/fonts/Courier-Prime.ttf
13:32:05.906 [JavaFX Application Thread] DEBUG FXGLApplication      - Registering font factories with UI factory
13:32:07.739 [FXGL Background Thread 3 ] DEBUG Engine               - Logging environment variables
13:32:07.739 [FXGL Background Thread 3 ] DEBUG Engine               - achievements: []
13:32:07.740 [FXGL Background Thread 3 ] DEBUG Engine               - actualHeight: 500.0
13:32:07.740 [FXGL Background Thread 3 ] DEBUG Engine               - actualHeightProperty: ReadOnlyDoubleProperty [value: 500.0]
13:32:07.740 [FXGL Background Thread 3 ] DEBUG Engine               - actualWidth: 800.0
13:32:07.740 [FXGL Background Thread 3 ] DEBUG Engine               - actualWidthProperty: ReadOnlyDoubleProperty [value: 800.0]
13:32:07.740 [FXGL Background Thread 3 ] DEBUG Engine               - appIcon: fxgl_icon.png
13:32:07.740 [FXGL Background Thread 3 ] DEBUG Engine               - applicationMode: DEVELOPER
13:32:07.740 [FXGL Background Thread 3 ] DEBUG Engine               - cSSList: [fxgl_dark.css]
13:32:07.740 [FXGL Background Thread 3 ] DEBUG Engine               - collisionDetectionStrategy: BRUTE_FORCE
13:32:07.740 [FXGL Background Thread 3 ] DEBUG Engine               - configClass: Optional.empty
13:32:07.740 [FXGL Background Thread 3 ] DEBUG Engine               - credits: []
13:32:07.741 [FXGL Background Thread 3 ] DEBUG Engine               - defaultCursor: CursorInfo(imageName=cursor.png, hotspotX=20.0, hotspotY=20.0)
13:32:07.741 [FXGL Background Thread 3 ] DEBUG Engine               - devBBoxColorProperty: ObjectProperty [value: 0xff0000ff]
13:32:07.741 [FXGL Background Thread 3 ] DEBUG Engine               - devEnableDebugCameraProperty: BooleanProperty [value: false]
13:32:07.741 [FXGL Background Thread 3 ] DEBUG Engine               - devSensorColorProperty: ObjectProperty [value: 0xffff00ff]
13:32:07.741 [FXGL Background Thread 3 ] DEBUG Engine               - devShowBBoxProperty: BooleanProperty [value: false]
13:32:07.741 [FXGL Background Thread 3 ] DEBUG Engine               - devShowPositionProperty: BooleanProperty [value: false]
13:32:07.741 [FXGL Background Thread 3 ] DEBUG Engine               - enabledMenuItems: []
13:32:07.742 [FXGL Background Thread 3 ] DEBUG Engine               - engineServices: [class com.almasb.fxgl.app.services.FXGLAssetLoaderService, class com.almasb.fxgl.app.FXGLApplication$GameApplicationService, class com.almasb.fxgl.app.services.FXGLDialogService, class com.almasb.fxgl.app.services.IOTaskExecutorService, class com.almasb.fxgl.io.FileSystemService, class com.almasb.fxgl.localization.LocalizationService, class com.almasb.fxgl.app.services.SystemBundleService, class com.almasb.fxgl.profile.SaveLoadService, class com.almasb.fxgl.ui.FXGLUIFactoryServiceProvider, class com.almasb.fxgl.ui.FXGLDialogFactoryServiceProvider, class com.almasb.fxgl.audio.AudioPlayer, class com.almasb.fxgl.notification.impl.NotificationServiceProvider, class com.almasb.fxgl.achievement.AchievementService, class com.almasb.fxgl.cutscene.CutsceneService, class com.almasb.fxgl.minigames.MiniGameService, class com.almasb.fxgl.net.NetService, class com.almasb.fxgl.app.services.UpdaterService, class com.almasb.fxgl.dev.DevService]
13:32:07.742 [FXGL Background Thread 3 ] DEBUG Engine               - fontGame: Abel-Regular.ttf
13:32:07.742 [FXGL Background Thread 3 ] DEBUG Engine               - fontMono: TerminalLandMono-Regular.otf
13:32:07.742 [FXGL Background Thread 3 ] DEBUG Engine               - fontText: Courier-Prime.ttf
13:32:07.742 [FXGL Background Thread 3 ] DEBUG Engine               - fontUI: VarelaRound-Regular.ttf
13:32:07.742 [FXGL Background Thread 3 ] DEBUG Engine               - fullScreen: BooleanProperty [value: false]
13:32:07.742 [FXGL Background Thread 3 ] DEBUG Engine               - gameDifficulty: MEDIUM
13:32:07.742 [FXGL Background Thread 3 ] DEBUG Engine               - gameDifficultyProperty: ObjectProperty [value: MEDIUM]
13:32:07.742 [FXGL Background Thread 3 ] DEBUG Engine               - globalMusicVolume: 0.5
13:32:07.742 [FXGL Background Thread 3 ] DEBUG Engine               - globalMusicVolumeProperty: DoubleProperty [value: 0.5]
13:32:07.742 [FXGL Background Thread 3 ] DEBUG Engine               - globalSoundVolume: 0.5
13:32:07.742 [FXGL Background Thread 3 ] DEBUG Engine               - globalSoundVolumeProperty: DoubleProperty [value: 0.5]
13:32:07.743 [FXGL Background Thread 3 ] DEBUG Engine               - height: 500
13:32:07.743 [FXGL Background Thread 3 ] DEBUG Engine               - is3D: false
13:32:07.743 [FXGL Background Thread 3 ] DEBUG Engine               - isAndroid: false
13:32:07.743 [FXGL Background Thread 3 ] DEBUG Engine               - isBrowser: false
13:32:07.743 [FXGL Background Thread 3 ] DEBUG Engine               - isClickFeedbackEnabled: false
13:32:07.743 [FXGL Background Thread 3 ] DEBUG Engine               - isCloseConfirmation: false
13:32:07.743 [FXGL Background Thread 3 ] DEBUG Engine               - isDesktop: true
13:32:07.743 [FXGL Background Thread 3 ] DEBUG Engine               - isDeveloperMenuEnabled: false
13:32:07.743 [FXGL Background Thread 3 ] DEBUG Engine               - isEmbedded: false
13:32:07.743 [FXGL Background Thread 3 ] DEBUG Engine               - isEntityPreloadEnabled: true
13:32:07.743 [FXGL Background Thread 3 ] DEBUG Engine               - isExperimentalTiledLargeMap: false
13:32:07.743 [FXGL Background Thread 3 ] DEBUG Engine               - isFileSystemWriteAllowed: true
13:32:07.743 [FXGL Background Thread 3 ] DEBUG Engine               - isFullScreenAllowed: false
13:32:07.743 [FXGL Background Thread 3 ] DEBUG Engine               - isFullScreenFromStart: false
13:32:07.744 [FXGL Background Thread 3 ] DEBUG Engine               - isGameMenuEnabled: true
13:32:07.744 [FXGL Background Thread 3 ] DEBUG Engine               - isIOS: false
13:32:07.744 [FXGL Background Thread 3 ] DEBUG Engine               - isIntroEnabled: false
13:32:07.744 [FXGL Background Thread 3 ] DEBUG Engine               - isLinux: false
13:32:07.744 [FXGL Background Thread 3 ] DEBUG Engine               - isMac: false
13:32:07.744 [FXGL Background Thread 3 ] DEBUG Engine               - isMainMenuEnabled: false
13:32:07.744 [FXGL Background Thread 3 ] DEBUG Engine               - isManualResizeEnabled: false
13:32:07.744 [FXGL Background Thread 3 ] DEBUG Engine               - isMobile: false
13:32:07.744 [FXGL Background Thread 3 ] DEBUG Engine               - isNative: false
13:32:07.744 [FXGL Background Thread 3 ] DEBUG Engine               - isPauseMusicWhenMinimized: true
13:32:07.744 [FXGL Background Thread 3 ] DEBUG Engine               - isPreserveResizeRatio: false
13:32:07.744 [FXGL Background Thread 3 ] DEBUG Engine               - isProfilingEnabled: false
13:32:07.744 [FXGL Background Thread 3 ] DEBUG Engine               - isScaleAffectedOnResize: true
13:32:07.744 [FXGL Background Thread 3 ] DEBUG Engine               - isSingleStep: false
13:32:07.744 [FXGL Background Thread 3 ] DEBUG Engine               - isUserProfileEnabled: false
13:32:07.744 [FXGL Background Thread 3 ] DEBUG Engine               - isWindows: true
13:32:07.744 [FXGL Background Thread 3 ] DEBUG Engine               - language: ObjectProperty [value: ENGLISH]
13:32:07.744 [FXGL Background Thread 3 ] DEBUG Engine               - menuKey: ESCAPE
13:32:07.744 [FXGL Background Thread 3 ] DEBUG Engine               - mouseSensitivity: 0.2
13:32:07.745 [FXGL Background Thread 3 ] DEBUG Engine               - notificationViewClass: class com.almasb.fxgl.notification.view.XboxNotificationView
13:32:07.745 [FXGL Background Thread 3 ] DEBUG Engine               - pixelsPerMeter: 50.0
13:32:07.745 [FXGL Background Thread 3 ] DEBUG Engine               - platform: WINDOWS
13:32:07.745 [FXGL Background Thread 3 ] DEBUG Engine               - prefHeightProperty: ReadOnlyDoubleProperty [value: 500.0]
13:32:07.745 [FXGL Background Thread 3 ] DEBUG Engine               - prefWidthProperty: ReadOnlyDoubleProperty [value: 800.0]
13:32:07.745 [FXGL Background Thread 3 ] DEBUG Engine               - profileDir: profiles/
13:32:07.745 [FXGL Background Thread 3 ] DEBUG Engine               - profileName: StringProperty [value: DEFAULT]
13:32:07.745 [FXGL Background Thread 3 ] DEBUG Engine               - randomSeed: -1
13:32:07.745 [FXGL Background Thread 3 ] DEBUG Engine               - runtimeInfo: RuntimeInfo(platform=WINDOWS, version=17.2, build=20.08.2022 16.50)
13:32:07.745 [FXGL Background Thread 3 ] DEBUG Engine               - saveFileExt: sav
13:32:07.746 [FXGL Background Thread 3 ] DEBUG Engine               - scaledHeightProp$fxgl: DoubleProperty [bound, value: 500.0]
13:32:07.746 [FXGL Background Thread 3 ] DEBUG Engine               - scaledWidthProp$fxgl: DoubleProperty [bound, value: 800.0]
13:32:07.746 [FXGL Background Thread 3 ] DEBUG Engine               - sceneFactory: com.almasb.fxgl.app.scene.SceneFactory@670abedc
13:32:07.746 [FXGL Background Thread 3 ] DEBUG Engine               - secondsIn24h: 60
13:32:07.746 [FXGL Background Thread 3 ] DEBUG Engine               - soundMenuBack: menu/back.wav
13:32:07.746 [FXGL Background Thread 3 ] DEBUG Engine               - soundMenuPress: menu/press.wav
13:32:07.746 [FXGL Background Thread 3 ] DEBUG Engine               - soundMenuSelect: menu/select.wav
13:32:07.746 [FXGL Background Thread 3 ] DEBUG Engine               - soundNotification: core/notification.wav
13:32:07.746 [FXGL Background Thread 3 ] DEBUG Engine               - stageStyle: DECORATED
13:32:07.746 [FXGL Background Thread 3 ] DEBUG Engine               - supportedLanguages: [ENGLISH, FRENCH, GERMAN, HUNGARIAN, RUSSIAN]
13:32:07.746 [FXGL Background Thread 3 ] DEBUG Engine               - ticksPerSecond: -1
13:32:07.746 [FXGL Background Thread 3 ] DEBUG Engine               - title: Clicky Cooker
13:32:07.746 [FXGL Background Thread 3 ] DEBUG Engine               - urlGithub: https://github.com/AlmasB/FXGL
13:32:07.747 [FXGL Background Thread 3 ] DEBUG Engine               - urlLeaderboard: http://fxgl-top.herokuapp.com/
13:32:07.747 [FXGL Background Thread 3 ] DEBUG Engine               - urlPOM: https://raw.githubusercontent.com/AlmasB/FXGL/release/README.md
13:32:07.747 [FXGL Background Thread 3 ] DEBUG Engine               - userAppClass: class com.example.clickycooker.App
13:32:07.747 [FXGL Background Thread 3 ] DEBUG Engine               - version: 0.0
13:32:07.747 [FXGL Background Thread 3 ] DEBUG Engine               - versionCheckDays: 7
13:32:07.747 [FXGL Background Thread 3 ] DEBUG Engine               - width: 800
13:32:07.747 [FXGL Background Thread 3 ] DEBUG Engine               - Logging services
13:32:07.747 [FXGL Background Thread 3 ] DEBUG Engine               - class com.almasb.fxgl.app.services.FXGLAssetLoaderService
13:32:07.747 [FXGL Background Thread 3 ] DEBUG Engine               - class com.almasb.fxgl.app.FXGLApplication$GameApplicationService
13:32:07.747 [FXGL Background Thread 3 ] DEBUG Engine               - class com.almasb.fxgl.app.services.FXGLDialogService
13:32:07.747 [FXGL Background Thread 3 ] DEBUG Engine               - class com.almasb.fxgl.app.services.IOTaskExecutorService
13:32:07.747 [FXGL Background Thread 3 ] DEBUG Engine               - class com.almasb.fxgl.io.FileSystemService
13:32:07.747 [FXGL Background Thread 3 ] DEBUG Engine               - class com.almasb.fxgl.localization.LocalizationService
13:32:07.747 [FXGL Background Thread 3 ] DEBUG Engine               - class com.almasb.fxgl.app.services.SystemBundleService
13:32:07.747 [FXGL Background Thread 3 ] DEBUG Engine               - class com.almasb.fxgl.profile.SaveLoadService
13:32:07.747 [FXGL Background Thread 3 ] DEBUG Engine               - class com.almasb.fxgl.ui.FXGLUIFactoryServiceProvider
13:32:07.747 [FXGL Background Thread 3 ] DEBUG Engine               - class com.almasb.fxgl.ui.FXGLDialogFactoryServiceProvider
13:32:07.748 [FXGL Background Thread 3 ] DEBUG Engine               - class com.almasb.fxgl.audio.AudioPlayer
13:32:07.748 [FXGL Background Thread 3 ] DEBUG Engine               - class com.almasb.fxgl.notification.impl.NotificationServiceProvider
13:32:07.748 [FXGL Background Thread 3 ] DEBUG Engine               - class com.almasb.fxgl.achievement.AchievementService
13:32:07.748 [FXGL Background Thread 3 ] DEBUG Engine               - class com.almasb.fxgl.cutscene.CutsceneService
13:32:07.748 [FXGL Background Thread 3 ] DEBUG Engine               - class com.almasb.fxgl.minigames.MiniGameService
13:32:07.748 [FXGL Background Thread 3 ] DEBUG Engine               - class com.almasb.fxgl.net.NetService
13:32:07.748 [FXGL Background Thread 3 ] DEBUG Engine               - class com.almasb.fxgl.app.services.UpdaterService
13:32:07.748 [FXGL Background Thread 3 ] DEBUG Engine               - class com.almasb.fxgl.dev.DevService
13:32:07.829 [JavaFX Application Thread] DEBUG FXGLApplication      - Exiting FXGL
13:32:07.829 [JavaFX Application Thread] DEBUG Async                - Shutting down background threads
13:32:07.829 [JavaFX Application Thread] DEBUG PrimaryStageWindow   - Closing main window
13:32:07.841 [JavaFX Application Thread] DEBUG Logger               - Closing Logger
