03:01:44.942 [main                     ] DEBUG Logger               - Configured Logger
03:01:44.980 [main                     ] DEBUG GameApplication      - Logging settings
Title: Clicky Cooker
Version: 0.0
Width: 800
Height: 500
Fullscreen: false
Intro: false
Profiling: false
Single step:false
App Mode: DEVELOPER
Menu Key: ESCAPE
Stage Style: DECORATED
Scene Factory: class com.almasb.fxgl.app.scene.SceneFactory

03:01:45.656 [JavaFX Application Thread] DEBUG FXGLApplication      - Initializing FXGL
03:01:45.662 [JavaFX Application Thread] INFO  Engine               - FXGL-17.2 (20.08.2022 16.50) on WINDOWS (J:19 FX:19-ea)
03:01:45.662 [JavaFX Application Thread] DEBUG Engine               - JRE Vendor Name: Oracle Corporation
03:01:45.663 [JavaFX Application Thread] DEBUG Engine               - Running on OS: Windows 10 version 10.0
03:01:45.663 [JavaFX Application Thread] DEBUG Engine               - Architecture: amd64
03:01:45.663 [JavaFX Application Thread] INFO  Engine               - Source code and latest versions at: https://github.com/AlmasB/FXGL
03:01:45.663 [JavaFX Application Thread] INFO  Engine               -       Ask questions and discuss at: https://github.com/AlmasB/FXGL/discussions
03:01:45.663 [JavaFX Application Thread] INFO  Engine               -              Join the FXGL chat at: https://gitter.im/AlmasB/FXGL
03:01:45.849 [JavaFX Application Thread] DEBUG PrimaryStageWindow   - Creating a JavaFX scene
03:01:45.925 [JavaFX Application Thread] DEBUG PrimaryStageWindow   - Target settings size: 800.0 x 500.0
03:01:45.926 [JavaFX Application Thread] DEBUG PrimaryStageWindow   - Scaled scene size:    800.0 x 500.0
03:01:45.926 [JavaFX Application Thread] DEBUG PrimaryStageWindow   - Scaled ratio: (1.0, 1.0)
03:01:45.928 [JavaFX Application Thread] DEBUG PrimaryStageWindow   - Set initial scene to FXGLStartupScene
03:01:45.939 [JavaFX Application Thread] DEBUG PrimaryStageWindow   - Opening main window
03:01:46.056 [JavaFX Application Thread] DEBUG PrimaryStageWindow   - Window border size: (16.0, 39.0)
03:01:46.057 [JavaFX Application Thread] DEBUG PrimaryStageWindow   - Scaled size: 800.0 x 500.0
03:01:46.057 [JavaFX Application Thread] DEBUG PrimaryStageWindow   - Scaled ratio: (1.0, 1.0)
03:01:46.057 [JavaFX Application Thread] DEBUG PrimaryStageWindow   - Scene size: 800.0 x 500.0
03:01:46.057 [JavaFX Application Thread] DEBUG PrimaryStageWindow   - Stage size: 816.0 x 539.0
03:01:46.068 [FXGL Background Thread 1 ] DEBUG Engine               - Initializing environment variables
03:01:46.144 [FXGL Background Thread 1 ] DEBUG FXGLAssetLoaderServi - User app class for loading assets: class com.example.clickycooker.App
03:01:46.145 [FXGL Background Thread 1 ] DEBUG GameApplicationServi - Applying CSS: fxgl_dark.css
03:01:46.146 [FXGL Background Thread 1 ] DEBUG FXGLAssetLoaderServi - Loading from file system: jar:file:/C:/Users/Deus/.m2/repository/com/github/almasb/fxgl/17.2/fxgl-17.2.jar!/fxglassets/ui/css/fxgl_dark.css
03:01:46.207 [FXGL Background Thread 1 ] DEBUG GameApplicationServi - Initializing application scenes
03:01:46.294 [FXGL Background Thread 1 ] DEBUG GameWorld            - Game world initialized
03:01:46.367 [FXGL Background Thread 1 ] DEBUG PhysicsWorld         - Physics world initialized: appHeight=500, physics.ppm=50.0
03:01:46.367 [FXGL Background Thread 1 ] DEBUG PhysicsWorld         - Using strategy: BRUTE_FORCE
03:01:46.372 [FXGL Background Thread 1 ] DEBUG GameScene            - Game scene initialized: 800x500
03:01:46.388 [FXGL Background Thread 1 ] WARN  FXGL.DefaultMenu     - FXGLDefaultMenu is not designed for resolutions < 800x600
03:01:46.388 [FXGL Background Thread 1 ] DEBUG FXGL.DefaultMenu     - createMenuBodyGameMenu()
03:01:46.421 [FXGL Background Thread 1 ] DEBUG FXGL.DefaultMenu     - createOptionsMenu()
03:01:46.442 [FXGL Background Thread 1 ] DEBUG FXGLAssetLoaderServi - Loading from file system: jar:file:/C:/Users/Deus/.m2/repository/com/github/almasb/fxgl/17.2/fxgl-17.2.jar!/fxglassets/textures/particles/smoke.png
03:01:46.587 [FXGL Background Thread 1 ] DEBUG FXGLAssetLoaderServi - Loading from file system: jar:file:/C:/Users/Deus/.m2/repository/com/github/almasb/fxgl/17.2/fxgl-17.2.jar!/fxglassets/textures/particles/trace_horizontal.png
03:01:46.623 [FXGL Background Thread 1 ] DEBUG GameApplicationServi - Application scenes initialized
03:01:46.644 [FXGL Background Thread 1 ] DEBUG SystemBundleService  - Loading FXGL system data
03:01:46.650 [FXGL Background Thread 1 ] DEBUG FileSystemAccess     - Reading from: C:\Users\Deus\Documents\GitHub\ClickyCooker\system\fxgl.bundle
03:01:46.673 [FXGL Background Thread 1 ] DEBUG SystemBundleService  - Bundle FXGL: {}
03:01:46.673 [FXGL Background Thread 1 ] DEBUG UpdaterService       - Checking for updates
03:01:46.681 [FXGL Background Thread 1 ] DEBUG FXGLApplication      - Loading default localization
03:01:46.682 [FXGL Background Thread 1 ] DEBUG FXGLAssetLoaderServi - Loading from file system: jar:file:/C:/Users/Deus/.m2/repository/com/github/almasb/fxgl/17.2/fxgl-17.2.jar!/fxglassets/languages/english.lang
03:01:46.689 [FXGL Background Thread 4 ] DEBUG FXGLApplication      - Loading fonts
03:01:46.690 [FXGL Background Thread 4 ] DEBUG FXGLAssetLoaderServi - Loading from file system: jar:file:/C:/Users/Deus/.m2/repository/com/github/almasb/fxgl/17.2/fxgl-17.2.jar!/fxglassets/ui/fonts/VarelaRound-Regular.ttf
03:01:46.723 [FXGL Background Thread 1 ] INFO  FXGLApplication      - FXGL initialization took: 0.655 sec
03:01:46.727 [JavaFX Application Thread] DEBUG FXGLAssetLoaderServi - Loading from file system: jar:file:/C:/Users/Deus/.m2/repository/com/github/almasb/fxgl/17.2/fxgl-17.2.jar!/fxglassets/textures/fxgl_icon.png
03:01:46.761 [JavaFX Application Thread] DEBUG FXGLAssetLoaderServi - Loading from file system: file:/C:/Users/Deus/Documents/GitHub/ClickyCooker/target/classes/assets/textures/cursor.png
03:01:46.799 [JavaFX Application Thread] DEBUG Input                - Registered new binding: Screenshot - CTRL+8
03:01:46.801 [JavaFX Application Thread] DEBUG Input                - Registered new binding: System info dump - CTRL+9
03:01:46.802 [JavaFX Application Thread] DEBUG Input                - Registered new binding: Restart - CTRL+R
03:01:46.804 [JavaFX Application Thread] DEBUG Input                - Registered new binding: Toggle Debug Camera - CTRL+7
03:01:46.807 [JavaFX Application Thread] DEBUG LoopRunner           - Starting loop
03:01:46.807 [JavaFX Application Thread] DEBUG LoopRunner           - Initializing JavaFX AnimationTimerLoop
03:01:46.809 [JavaFX Application Thread] DEBUG GameApplicationServi - Starting new game
03:01:46.810 [JavaFX Application Thread] DEBUG Input                - Clearing active input actions
03:01:46.833 [JavaFX Application Thread] DEBUG GameApplicationServi - Removing overlay from FXGLStartupScene and adding to FXGLLoadingScene
03:01:46.834 [JavaFX Application Thread] DEBUG PrimaryStageWindow   - FXGLStartupScene -> FXGLLoadingScene
03:01:46.834 [JavaFX Application Thread] DEBUG GameApplicationServi - Clearing previous game
03:01:46.834 [JavaFX Application Thread] DEBUG GameScene            - Clearing game scene
03:01:46.834 [JavaFX Application Thread] DEBUG GameWorld            - Clearing game world
03:01:46.834 [JavaFX Application Thread] DEBUG PhysicsWorld         - Clearing physics world
03:01:46.836 [FXGL Background Thread 1 ] DEBUG FXGLApplication      - Initializing game
03:01:47.216 [FXGL Background Thread 1 ] INFO  FXGLApplication      - Game initialization took: 0.379 sec
03:01:47.216 [JavaFX Application Thread] DEBUG Input                - Clearing active input actions
03:01:47.229 [JavaFX Application Thread] DEBUG GameApplicationServi - Removing overlay from FXGLLoadingScene and adding to GameScene
03:01:47.229 [JavaFX Application Thread] DEBUG PrimaryStageWindow   - FXGLLoadingScene -> GameScene
03:01:47.274 [FXGL Background Thread 4 ] DEBUG FXGLAssetLoaderServi - Loading from file system: jar:file:/C:/Users/Deus/.m2/repository/com/github/almasb/fxgl/17.2/fxgl-17.2.jar!/fxglassets/ui/fonts/Abel-Regular.ttf
03:01:47.285 [FXGL Background Thread 4 ] DEBUG FXGLAssetLoaderServi - Loading from file system: jar:file:/C:/Users/Deus/.m2/repository/com/github/almasb/fxgl/17.2/fxgl-17.2.jar!/fxglassets/ui/fonts/TerminalLandMono-Regular.otf
03:01:47.381 [FXGL Background Thread 4 ] DEBUG FXGLAssetLoaderServi - Loading from file system: jar:file:/C:/Users/Deus/.m2/repository/com/github/almasb/fxgl/17.2/fxgl-17.2.jar!/fxglassets/ui/fonts/Courier-Prime.ttf
03:01:47.397 [JavaFX Application Thread] DEBUG FXGLApplication      - Registering font factories with UI factory
03:01:49.678 [FXGL Background Thread 3 ] DEBUG Engine               - Logging environment variables
03:01:49.679 [FXGL Background Thread 3 ] DEBUG Engine               - achievements: []
03:01:49.679 [FXGL Background Thread 3 ] DEBUG Engine               - actualHeight: 500.0
03:01:49.680 [FXGL Background Thread 3 ] DEBUG Engine               - actualHeightProperty: ReadOnlyDoubleProperty [value: 500.0]
03:01:49.680 [FXGL Background Thread 3 ] DEBUG Engine               - actualWidth: 800.0
03:01:49.680 [FXGL Background Thread 3 ] DEBUG Engine               - actualWidthProperty: ReadOnlyDoubleProperty [value: 800.0]
03:01:49.680 [FXGL Background Thread 3 ] DEBUG Engine               - appIcon: fxgl_icon.png
03:01:49.680 [FXGL Background Thread 3 ] DEBUG Engine               - applicationMode: DEVELOPER
03:01:49.681 [FXGL Background Thread 3 ] DEBUG Engine               - cSSList: [fxgl_dark.css]
03:01:49.681 [FXGL Background Thread 3 ] DEBUG Engine               - collisionDetectionStrategy: BRUTE_FORCE
03:01:49.681 [FXGL Background Thread 3 ] DEBUG Engine               - configClass: Optional.empty
03:01:49.681 [FXGL Background Thread 3 ] DEBUG Engine               - credits: []
03:01:49.682 [FXGL Background Thread 3 ] DEBUG Engine               - defaultCursor: CursorInfo(imageName=cursor.png, hotspotX=20.0, hotspotY=20.0)
03:01:49.682 [FXGL Background Thread 3 ] DEBUG Engine               - devBBoxColorProperty: ObjectProperty [value: 0xff0000ff]
03:01:49.682 [FXGL Background Thread 3 ] DEBUG Engine               - devEnableDebugCameraProperty: BooleanProperty [value: false]
03:01:49.683 [FXGL Background Thread 3 ] DEBUG Engine               - devSensorColorProperty: ObjectProperty [value: 0xffff00ff]
03:01:49.683 [FXGL Background Thread 3 ] DEBUG Engine               - devShowBBoxProperty: BooleanProperty [value: false]
03:01:49.683 [FXGL Background Thread 3 ] DEBUG Engine               - devShowPositionProperty: BooleanProperty [value: false]
03:01:49.683 [FXGL Background Thread 3 ] DEBUG Engine               - enabledMenuItems: []
03:01:49.683 [FXGL Background Thread 3 ] DEBUG Engine               - engineServices: [class com.almasb.fxgl.app.services.FXGLAssetLoaderService, class com.almasb.fxgl.app.FXGLApplication$GameApplicationService, class com.almasb.fxgl.app.services.FXGLDialogService, class com.almasb.fxgl.app.services.IOTaskExecutorService, class com.almasb.fxgl.io.FileSystemService, class com.almasb.fxgl.localization.LocalizationService, class com.almasb.fxgl.app.services.SystemBundleService, class com.almasb.fxgl.profile.SaveLoadService, class com.almasb.fxgl.ui.FXGLUIFactoryServiceProvider, class com.almasb.fxgl.ui.FXGLDialogFactoryServiceProvider, class com.almasb.fxgl.audio.AudioPlayer, class com.almasb.fxgl.notification.impl.NotificationServiceProvider, class com.almasb.fxgl.achievement.AchievementService, class com.almasb.fxgl.cutscene.CutsceneService, class com.almasb.fxgl.minigames.MiniGameService, class com.almasb.fxgl.net.NetService, class com.almasb.fxgl.app.services.UpdaterService, class com.almasb.fxgl.dev.DevService]
03:01:49.683 [FXGL Background Thread 3 ] DEBUG Engine               - fontGame: Abel-Regular.ttf
03:01:49.684 [FXGL Background Thread 3 ] DEBUG Engine               - fontMono: TerminalLandMono-Regular.otf
03:01:49.684 [FXGL Background Thread 3 ] DEBUG Engine               - fontText: Courier-Prime.ttf
03:01:49.684 [FXGL Background Thread 3 ] DEBUG Engine               - fontUI: VarelaRound-Regular.ttf
03:01:49.684 [FXGL Background Thread 3 ] DEBUG Engine               - fullScreen: BooleanProperty [value: false]
03:01:49.684 [FXGL Background Thread 3 ] DEBUG Engine               - gameDifficulty: MEDIUM
03:01:49.685 [FXGL Background Thread 3 ] DEBUG Engine               - gameDifficultyProperty: ObjectProperty [value: MEDIUM]
03:01:49.685 [FXGL Background Thread 3 ] DEBUG Engine               - globalMusicVolume: 0.5
03:01:49.685 [FXGL Background Thread 3 ] DEBUG Engine               - globalMusicVolumeProperty: DoubleProperty [value: 0.5]
03:01:49.685 [FXGL Background Thread 3 ] DEBUG Engine               - globalSoundVolume: 0.5
03:01:49.685 [FXGL Background Thread 3 ] DEBUG Engine               - globalSoundVolumeProperty: DoubleProperty [value: 0.5]
03:01:49.686 [FXGL Background Thread 3 ] DEBUG Engine               - height: 500
03:01:49.686 [FXGL Background Thread 3 ] DEBUG Engine               - is3D: false
03:01:49.686 [FXGL Background Thread 3 ] DEBUG Engine               - isAndroid: false
03:01:49.686 [FXGL Background Thread 3 ] DEBUG Engine               - isBrowser: false
03:01:49.686 [FXGL Background Thread 3 ] DEBUG Engine               - isClickFeedbackEnabled: false
03:01:49.687 [FXGL Background Thread 3 ] DEBUG Engine               - isCloseConfirmation: false
03:01:49.687 [FXGL Background Thread 3 ] DEBUG Engine               - isDesktop: true
03:01:49.687 [FXGL Background Thread 3 ] DEBUG Engine               - isDeveloperMenuEnabled: false
03:01:49.687 [FXGL Background Thread 3 ] DEBUG Engine               - isEmbedded: false
03:01:49.687 [FXGL Background Thread 3 ] DEBUG Engine               - isEntityPreloadEnabled: true
03:01:49.687 [FXGL Background Thread 3 ] DEBUG Engine               - isExperimentalTiledLargeMap: false
03:01:49.688 [FXGL Background Thread 3 ] DEBUG Engine               - isFileSystemWriteAllowed: true
03:01:49.688 [FXGL Background Thread 3 ] DEBUG Engine               - isFullScreenAllowed: false
03:01:49.688 [FXGL Background Thread 3 ] DEBUG Engine               - isFullScreenFromStart: false
03:01:49.688 [FXGL Background Thread 3 ] DEBUG Engine               - isGameMenuEnabled: true
03:01:49.688 [FXGL Background Thread 3 ] DEBUG Engine               - isIOS: false
03:01:49.688 [FXGL Background Thread 3 ] DEBUG Engine               - isIntroEnabled: false
03:01:49.689 [FXGL Background Thread 3 ] DEBUG Engine               - isLinux: false
03:01:49.689 [FXGL Background Thread 3 ] DEBUG Engine               - isMac: false
03:01:49.689 [FXGL Background Thread 3 ] DEBUG Engine               - isMainMenuEnabled: false
03:01:49.689 [FXGL Background Thread 3 ] DEBUG Engine               - isManualResizeEnabled: false
03:01:49.689 [FXGL Background Thread 3 ] DEBUG Engine               - isMobile: false
03:01:49.689 [FXGL Background Thread 3 ] DEBUG Engine               - isNative: false
03:01:49.690 [FXGL Background Thread 3 ] DEBUG Engine               - isPauseMusicWhenMinimized: true
03:01:49.690 [FXGL Background Thread 3 ] DEBUG Engine               - isPreserveResizeRatio: false
03:01:49.690 [FXGL Background Thread 3 ] DEBUG Engine               - isProfilingEnabled: false
03:01:49.690 [FXGL Background Thread 3 ] DEBUG Engine               - isScaleAffectedOnResize: true
03:01:49.691 [FXGL Background Thread 3 ] DEBUG Engine               - isSingleStep: false
03:01:49.691 [FXGL Background Thread 3 ] DEBUG Engine               - isUserProfileEnabled: false
03:01:49.691 [FXGL Background Thread 3 ] DEBUG Engine               - isWindows: true
03:01:49.691 [FXGL Background Thread 3 ] DEBUG Engine               - language: ObjectProperty [value: ENGLISH]
03:01:49.691 [FXGL Background Thread 3 ] DEBUG Engine               - menuKey: ESCAPE
03:01:49.691 [FXGL Background Thread 3 ] DEBUG Engine               - mouseSensitivity: 0.2
03:01:49.692 [FXGL Background Thread 3 ] DEBUG Engine               - notificationViewClass: class com.almasb.fxgl.notification.view.XboxNotificationView
03:01:49.692 [FXGL Background Thread 3 ] DEBUG Engine               - pixelsPerMeter: 50.0
03:01:49.692 [FXGL Background Thread 3 ] DEBUG Engine               - platform: WINDOWS
03:01:49.692 [FXGL Background Thread 3 ] DEBUG Engine               - prefHeightProperty: ReadOnlyDoubleProperty [value: 500.0]
03:01:49.692 [FXGL Background Thread 3 ] DEBUG Engine               - prefWidthProperty: ReadOnlyDoubleProperty [value: 800.0]
03:01:49.692 [FXGL Background Thread 3 ] DEBUG Engine               - profileDir: profiles/
03:01:49.693 [FXGL Background Thread 3 ] DEBUG Engine               - profileName: StringProperty [value: DEFAULT]
03:01:49.693 [FXGL Background Thread 3 ] DEBUG Engine               - randomSeed: -1
03:01:49.693 [FXGL Background Thread 3 ] DEBUG Engine               - runtimeInfo: RuntimeInfo(platform=WINDOWS, version=17.2, build=20.08.2022 16.50)
03:01:49.694 [FXGL Background Thread 3 ] DEBUG Engine               - saveFileExt: sav
03:01:49.694 [FXGL Background Thread 3 ] DEBUG Engine               - scaledHeightProp$fxgl: DoubleProperty [bound, value: 500.0]
03:01:49.694 [FXGL Background Thread 3 ] DEBUG Engine               - scaledWidthProp$fxgl: DoubleProperty [bound, value: 800.0]
03:01:49.694 [FXGL Background Thread 3 ] DEBUG Engine               - sceneFactory: com.almasb.fxgl.app.scene.SceneFactory@5604c54c
03:01:49.694 [FXGL Background Thread 3 ] DEBUG Engine               - secondsIn24h: 60
03:01:49.694 [FXGL Background Thread 3 ] DEBUG Engine               - soundMenuBack: menu/back.wav
03:01:49.694 [FXGL Background Thread 3 ] DEBUG Engine               - soundMenuPress: menu/press.wav
03:01:49.695 [FXGL Background Thread 3 ] DEBUG Engine               - soundMenuSelect: menu/select.wav
03:01:49.695 [FXGL Background Thread 3 ] DEBUG Engine               - soundNotification: core/notification.wav
03:01:49.695 [FXGL Background Thread 3 ] DEBUG Engine               - stageStyle: DECORATED
03:01:49.695 [FXGL Background Thread 3 ] DEBUG Engine               - supportedLanguages: [ENGLISH, FRENCH, GERMAN, HUNGARIAN, RUSSIAN]
03:01:49.695 [FXGL Background Thread 3 ] DEBUG Engine               - ticksPerSecond: -1
03:01:49.695 [FXGL Background Thread 3 ] DEBUG Engine               - title: Clicky Cooker
03:01:49.696 [FXGL Background Thread 3 ] DEBUG Engine               - urlGithub: https://github.com/AlmasB/FXGL
03:01:49.696 [FXGL Background Thread 3 ] DEBUG Engine               - urlLeaderboard: http://fxgl-top.herokuapp.com/
03:01:49.696 [FXGL Background Thread 3 ] DEBUG Engine               - urlPOM: https://raw.githubusercontent.com/AlmasB/FXGL/release/README.md
03:01:49.696 [FXGL Background Thread 3 ] DEBUG Engine               - userAppClass: class com.example.clickycooker.App
03:01:49.696 [FXGL Background Thread 3 ] DEBUG Engine               - version: 0.0
03:01:49.696 [FXGL Background Thread 3 ] DEBUG Engine               - versionCheckDays: 7
03:01:49.696 [FXGL Background Thread 3 ] DEBUG Engine               - width: 800
03:01:49.696 [FXGL Background Thread 3 ] DEBUG Engine               - Logging services
03:01:49.697 [FXGL Background Thread 3 ] DEBUG Engine               - class com.almasb.fxgl.app.services.FXGLAssetLoaderService
03:01:49.697 [FXGL Background Thread 3 ] DEBUG Engine               - class com.almasb.fxgl.app.FXGLApplication$GameApplicationService
03:01:49.697 [FXGL Background Thread 3 ] DEBUG Engine               - class com.almasb.fxgl.app.services.FXGLDialogService
03:01:49.697 [FXGL Background Thread 3 ] DEBUG Engine               - class com.almasb.fxgl.app.services.IOTaskExecutorService
03:01:49.697 [FXGL Background Thread 3 ] DEBUG Engine               - class com.almasb.fxgl.io.FileSystemService
03:01:49.697 [FXGL Background Thread 3 ] DEBUG Engine               - class com.almasb.fxgl.localization.LocalizationService
03:01:49.697 [FXGL Background Thread 3 ] DEBUG Engine               - class com.almasb.fxgl.app.services.SystemBundleService
03:01:49.698 [FXGL Background Thread 3 ] DEBUG Engine               - class com.almasb.fxgl.profile.SaveLoadService
03:01:49.698 [FXGL Background Thread 3 ] DEBUG Engine               - class com.almasb.fxgl.ui.FXGLUIFactoryServiceProvider
03:01:49.698 [FXGL Background Thread 3 ] DEBUG Engine               - class com.almasb.fxgl.ui.FXGLDialogFactoryServiceProvider
03:01:49.698 [FXGL Background Thread 3 ] DEBUG Engine               - class com.almasb.fxgl.audio.AudioPlayer
03:01:49.698 [FXGL Background Thread 3 ] DEBUG Engine               - class com.almasb.fxgl.notification.impl.NotificationServiceProvider
03:01:49.698 [FXGL Background Thread 3 ] DEBUG Engine               - class com.almasb.fxgl.achievement.AchievementService
03:01:49.698 [FXGL Background Thread 3 ] DEBUG Engine               - class com.almasb.fxgl.cutscene.CutsceneService
03:01:49.698 [FXGL Background Thread 3 ] DEBUG Engine               - class com.almasb.fxgl.minigames.MiniGameService
03:01:49.699 [FXGL Background Thread 3 ] DEBUG Engine               - class com.almasb.fxgl.net.NetService
03:01:49.699 [FXGL Background Thread 3 ] DEBUG Engine               - class com.almasb.fxgl.app.services.UpdaterService
03:01:49.699 [FXGL Background Thread 3 ] DEBUG Engine               - class com.almasb.fxgl.dev.DevService
03:01:53.175 [JavaFX Application Thread] DEBUG FXGLApplication      - Exiting FXGL
03:01:53.175 [JavaFX Application Thread] DEBUG LoopRunner           - Stopping loop
03:01:53.175 [JavaFX Application Thread] DEBUG SystemBundleService  - Saving FXGL system data
03:01:53.178 [JavaFX Application Thread] DEBUG FileSystemAccess     - Writing to: C:\Users\Deus\Documents\GitHub\ClickyCooker\system\fxgl.bundle
03:01:53.180 [JavaFX Application Thread] DEBUG Async                - Shutting down background threads
03:01:53.180 [JavaFX Application Thread] DEBUG PrimaryStageWindow   - Closing main window
03:01:53.190 [JavaFX Application Thread] DEBUG Logger               - Closing Logger
