11:48:32.066 [main                     ] DEBUG Logger               - Configured Logger
11:48:32.109 [main                     ] DEBUG GameApplication      - Logging settings
Title: Clicky Cooker
Version: 0.0
Width: 800
Height: 500
Fullscreen: false
Intro: false
Profiling: false
Single step:false
App Mode: DEVELOPER
Menu Key: ESCAPE
Stage Style: DECORATED
Scene Factory: class com.almasb.fxgl.app.scene.SceneFactory

11:48:32.725 [JavaFX Application Thread] DEBUG FXGLApplication      - Initializing FXGL
11:48:32.731 [JavaFX Application Thread] INFO  Engine               - FXGL-17.2 (20.08.2022 16.50) on WINDOWS (J:19.0.1 FX:19-ea)
11:48:32.732 [JavaFX Application Thread] DEBUG Engine               - JRE Vendor Name: Oracle Corporation
11:48:32.732 [JavaFX Application Thread] DEBUG Engine               - Running on OS: Windows 10 version 10.0
11:48:32.733 [JavaFX Application Thread] DEBUG Engine               - Architecture: amd64
11:48:32.733 [JavaFX Application Thread] INFO  Engine               - Source code and latest versions at: https://github.com/AlmasB/FXGL
11:48:32.733 [JavaFX Application Thread] INFO  Engine               -       Ask questions and discuss at: https://github.com/AlmasB/FXGL/discussions
11:48:32.734 [JavaFX Application Thread] INFO  Engine               -              Join the FXGL chat at: https://gitter.im/AlmasB/FXGL
11:48:32.951 [JavaFX Application Thread] DEBUG PrimaryStageWindow   - Creating a JavaFX scene
11:48:33.041 [JavaFX Application Thread] DEBUG PrimaryStageWindow   - Target settings size: 800.0 x 500.0
11:48:33.041 [JavaFX Application Thread] DEBUG PrimaryStageWindow   - Scaled scene size:    800.0 x 500.0
11:48:33.042 [JavaFX Application Thread] DEBUG PrimaryStageWindow   - Scaled ratio: (1.0, 1.0)
11:48:33.044 [JavaFX Application Thread] DEBUG PrimaryStageWindow   - Set initial scene to FXGLStartupScene
11:48:33.056 [JavaFX Application Thread] DEBUG PrimaryStageWindow   - Opening main window
11:48:33.195 [JavaFX Application Thread] DEBUG PrimaryStageWindow   - Window border size: (14.66668701171875, 37.33331298828125)
11:48:33.196 [JavaFX Application Thread] DEBUG PrimaryStageWindow   - Scaled size: 800.0 x 500.0
11:48:33.196 [JavaFX Application Thread] DEBUG PrimaryStageWindow   - Scaled ratio: (1.0, 1.0)
11:48:33.197 [JavaFX Application Thread] DEBUG PrimaryStageWindow   - Scene size: 800.0 x 500.0
11:48:33.197 [JavaFX Application Thread] DEBUG PrimaryStageWindow   - Stage size: 814.6666870117188 x 537.3333129882812
11:48:33.212 [FXGL Background Thread 1 ] DEBUG Engine               - Initializing environment variables
11:48:33.300 [FXGL Background Thread 1 ] DEBUG FXGLAssetLoaderServi - User app class for loading assets: class com.example.clickycooker.App
11:48:33.301 [FXGL Background Thread 1 ] DEBUG GameApplicationServi - Applying CSS: fxgl_dark.css
11:48:33.303 [FXGL Background Thread 1 ] DEBUG FXGLAssetLoaderServi - Loading from file system: jar:file:/C:/Users/trist/.m2/repository/com/github/almasb/fxgl/17.2/fxgl-17.2.jar!/fxglassets/ui/css/fxgl_dark.css
11:48:33.378 [FXGL Background Thread 1 ] DEBUG GameApplicationServi - Initializing application scenes
11:48:33.478 [FXGL Background Thread 1 ] DEBUG GameWorld            - Game world initialized
11:48:33.575 [FXGL Background Thread 1 ] DEBUG PhysicsWorld         - Physics world initialized: appHeight=500, physics.ppm=50.0
11:48:33.576 [FXGL Background Thread 1 ] DEBUG PhysicsWorld         - Using strategy: BRUTE_FORCE
11:48:33.582 [FXGL Background Thread 1 ] DEBUG GameScene            - Game scene initialized: 800x500
11:48:33.604 [FXGL Background Thread 1 ] WARN  FXGL.DefaultMenu     - FXGLDefaultMenu is not designed for resolutions < 800x600
11:48:33.604 [FXGL Background Thread 1 ] DEBUG FXGL.DefaultMenu     - createMenuBodyGameMenu()
11:48:33.637 [FXGL Background Thread 1 ] DEBUG FXGL.DefaultMenu     - createOptionsMenu()
11:48:33.669 [FXGL Background Thread 1 ] DEBUG FXGLAssetLoaderServi - Loading from file system: jar:file:/C:/Users/trist/.m2/repository/com/github/almasb/fxgl/17.2/fxgl-17.2.jar!/fxglassets/textures/particles/smoke.png
11:48:33.841 [FXGL Background Thread 1 ] DEBUG FXGLAssetLoaderServi - Loading from file system: jar:file:/C:/Users/trist/.m2/repository/com/github/almasb/fxgl/17.2/fxgl-17.2.jar!/fxglassets/textures/particles/trace_horizontal.png
11:48:33.903 [FXGL Background Thread 1 ] DEBUG GameApplicationServi - Application scenes initialized
11:48:33.928 [FXGL Background Thread 1 ] DEBUG SystemBundleService  - Loading FXGL system data
11:48:33.936 [FXGL Background Thread 1 ] DEBUG FileSystemAccess     - Reading from: C:\Users\trist\Desktop\Clicky Cooker\system\fxgl.bundle
11:48:33.952 [FXGL Background Thread 1 ] DEBUG SystemBundleService  - Bundle FXGL: {}
11:48:33.952 [FXGL Background Thread 1 ] DEBUG UpdaterService       - Checking for updates
11:48:33.980 [FXGL Background Thread 1 ] DEBUG FXGLApplication      - Loading default localization
11:48:33.981 [FXGL Background Thread 1 ] DEBUG FXGLAssetLoaderServi - Loading from file system: jar:file:/C:/Users/trist/.m2/repository/com/github/almasb/fxgl/17.2/fxgl-17.2.jar!/fxglassets/languages/english.lang
11:48:34.010 [FXGL Background Thread 1 ] INFO  FXGLApplication      - FXGL initialization took: 0.798 sec
11:48:34.011 [JavaFX Application Thread] DEBUG FXGLAssetLoaderServi - Loading from file system: jar:file:/C:/Users/trist/.m2/repository/com/github/almasb/fxgl/17.2/fxgl-17.2.jar!/fxglassets/textures/fxgl_icon.png
11:48:34.063 [FXGL Background Thread 4 ] DEBUG FXGLApplication      - Loading fonts
11:48:34.064 [FXGL Background Thread 4 ] DEBUG FXGLAssetLoaderServi - Loading from file system: jar:file:/C:/Users/trist/.m2/repository/com/github/almasb/fxgl/17.2/fxgl-17.2.jar!/fxglassets/ui/fonts/VarelaRound-Regular.ttf
11:48:34.068 [JavaFX Application Thread] DEBUG FXGLAssetLoaderServi - Loading from file system: file:/C:/Users/trist/Desktop/Clicky%20Cooker/target/classes/assets/textures/cursor.png
11:48:34.098 [JavaFX Application Thread] DEBUG Input                - Registered new binding: Screenshot - CTRL+8
11:48:34.099 [JavaFX Application Thread] DEBUG Input                - Registered new binding: System info dump - CTRL+9
11:48:34.100 [JavaFX Application Thread] DEBUG Input                - Registered new binding: Restart - CTRL+R
11:48:34.101 [JavaFX Application Thread] DEBUG Input                - Registered new binding: Toggle Debug Camera - CTRL+7
11:48:34.105 [JavaFX Application Thread] DEBUG LoopRunner           - Starting loop
11:48:34.105 [JavaFX Application Thread] DEBUG LoopRunner           - Initializing JavaFX AnimationTimerLoop
11:48:34.119 [JavaFX Application Thread] DEBUG GameApplicationServi - Starting new game
11:48:34.120 [JavaFX Application Thread] DEBUG Input                - Clearing active input actions
11:48:34.150 [JavaFX Application Thread] DEBUG GameApplicationServi - Removing overlay from FXGLStartupScene and adding to FXGLLoadingScene
11:48:34.150 [JavaFX Application Thread] DEBUG PrimaryStageWindow   - FXGLStartupScene -> FXGLLoadingScene
11:48:34.150 [JavaFX Application Thread] DEBUG GameApplicationServi - Clearing previous game
11:48:34.151 [JavaFX Application Thread] DEBUG GameScene            - Clearing game scene
11:48:34.151 [JavaFX Application Thread] DEBUG GameWorld            - Clearing game world
11:48:34.151 [JavaFX Application Thread] DEBUG PhysicsWorld         - Clearing physics world
11:48:34.155 [FXGL Background Thread 1 ] DEBUG FXGLApplication      - Initializing game
11:48:34.312 [FXGL Background Thread 1 ] INFO  FXGLApplication      - Game initialization took: 0.157 sec
11:48:34.528 [JavaFX Application Thread] DEBUG Input                - Clearing active input actions
11:48:34.543 [JavaFX Application Thread] DEBUG GameApplicationServi - Removing overlay from FXGLLoadingScene and adding to GameScene
11:48:34.544 [JavaFX Application Thread] DEBUG PrimaryStageWindow   - FXGLLoadingScene -> GameScene
11:48:34.557 [FXGL Background Thread 4 ] DEBUG FXGLAssetLoaderServi - Loading from file system: jar:file:/C:/Users/trist/.m2/repository/com/github/almasb/fxgl/17.2/fxgl-17.2.jar!/fxglassets/ui/fonts/Abel-Regular.ttf
11:48:34.569 [FXGL Background Thread 4 ] DEBUG FXGLAssetLoaderServi - Loading from file system: jar:file:/C:/Users/trist/.m2/repository/com/github/almasb/fxgl/17.2/fxgl-17.2.jar!/fxglassets/ui/fonts/TerminalLandMono-Regular.otf
11:48:34.582 [FXGL Background Thread 4 ] DEBUG FXGLAssetLoaderServi - Loading from file system: jar:file:/C:/Users/trist/.m2/repository/com/github/almasb/fxgl/17.2/fxgl-17.2.jar!/fxglassets/ui/fonts/Courier-Prime.ttf
11:48:34.610 [JavaFX Application Thread] DEBUG FXGLApplication      - Registering font factories with UI factory
11:48:36.963 [FXGL Background Thread 3 ] DEBUG Engine               - Logging environment variables
11:48:36.963 [FXGL Background Thread 3 ] DEBUG Engine               - achievements: []
11:48:36.964 [FXGL Background Thread 3 ] DEBUG Engine               - actualHeight: 500.0
11:48:36.964 [FXGL Background Thread 3 ] DEBUG Engine               - actualHeightProperty: ReadOnlyDoubleProperty [value: 500.0]
11:48:36.964 [FXGL Background Thread 3 ] DEBUG Engine               - actualWidth: 800.0
11:48:36.964 [FXGL Background Thread 3 ] DEBUG Engine               - actualWidthProperty: ReadOnlyDoubleProperty [value: 800.0]
11:48:36.964 [FXGL Background Thread 3 ] DEBUG Engine               - appIcon: fxgl_icon.png
11:48:36.964 [FXGL Background Thread 3 ] DEBUG Engine               - applicationMode: DEVELOPER
11:48:36.964 [FXGL Background Thread 3 ] DEBUG Engine               - cSSList: [fxgl_dark.css]
11:48:36.964 [FXGL Background Thread 3 ] DEBUG Engine               - collisionDetectionStrategy: BRUTE_FORCE
11:48:36.964 [FXGL Background Thread 3 ] DEBUG Engine               - configClass: Optional.empty
11:48:36.964 [FXGL Background Thread 3 ] DEBUG Engine               - credits: []
11:48:36.965 [FXGL Background Thread 3 ] DEBUG Engine               - defaultCursor: CursorInfo(imageName=cursor.png, hotspotX=20.0, hotspotY=20.0)
11:48:36.965 [FXGL Background Thread 3 ] DEBUG Engine               - devBBoxColorProperty: ObjectProperty [value: 0xff0000ff]
11:48:36.965 [FXGL Background Thread 3 ] DEBUG Engine               - devEnableDebugCameraProperty: BooleanProperty [value: false]
11:48:36.965 [FXGL Background Thread 3 ] DEBUG Engine               - devSensorColorProperty: ObjectProperty [value: 0xffff00ff]
11:48:36.965 [FXGL Background Thread 3 ] DEBUG Engine               - devShowBBoxProperty: BooleanProperty [value: false]
11:48:36.965 [FXGL Background Thread 3 ] DEBUG Engine               - devShowPositionProperty: BooleanProperty [value: false]
11:48:36.965 [FXGL Background Thread 3 ] DEBUG Engine               - enabledMenuItems: []
11:48:36.965 [FXGL Background Thread 3 ] DEBUG Engine               - engineServices: [class com.almasb.fxgl.app.services.FXGLAssetLoaderService, class com.almasb.fxgl.app.FXGLApplication$GameApplicationService, class com.almasb.fxgl.app.services.FXGLDialogService, class com.almasb.fxgl.app.services.IOTaskExecutorService, class com.almasb.fxgl.io.FileSystemService, class com.almasb.fxgl.localization.LocalizationService, class com.almasb.fxgl.app.services.SystemBundleService, class com.almasb.fxgl.profile.SaveLoadService, class com.almasb.fxgl.ui.FXGLUIFactoryServiceProvider, class com.almasb.fxgl.ui.FXGLDialogFactoryServiceProvider, class com.almasb.fxgl.audio.AudioPlayer, class com.almasb.fxgl.notification.impl.NotificationServiceProvider, class com.almasb.fxgl.achievement.AchievementService, class com.almasb.fxgl.cutscene.CutsceneService, class com.almasb.fxgl.minigames.MiniGameService, class com.almasb.fxgl.net.NetService, class com.almasb.fxgl.app.services.UpdaterService, class com.almasb.fxgl.dev.DevService]
11:48:36.965 [FXGL Background Thread 3 ] DEBUG Engine               - fontGame: Abel-Regular.ttf
11:48:36.965 [FXGL Background Thread 3 ] DEBUG Engine               - fontMono: TerminalLandMono-Regular.otf
11:48:36.965 [FXGL Background Thread 3 ] DEBUG Engine               - fontText: Courier-Prime.ttf
11:48:36.965 [FXGL Background Thread 3 ] DEBUG Engine               - fontUI: VarelaRound-Regular.ttf
11:48:36.965 [FXGL Background Thread 3 ] DEBUG Engine               - fullScreen: BooleanProperty [value: false]
11:48:36.966 [FXGL Background Thread 3 ] DEBUG Engine               - gameDifficulty: MEDIUM
11:48:36.966 [FXGL Background Thread 3 ] DEBUG Engine               - gameDifficultyProperty: ObjectProperty [value: MEDIUM]
11:48:36.966 [FXGL Background Thread 3 ] DEBUG Engine               - globalMusicVolume: 0.5
11:48:36.966 [FXGL Background Thread 3 ] DEBUG Engine               - globalMusicVolumeProperty: DoubleProperty [value: 0.5]
11:48:36.966 [FXGL Background Thread 3 ] DEBUG Engine               - globalSoundVolume: 0.5
11:48:36.966 [FXGL Background Thread 3 ] DEBUG Engine               - globalSoundVolumeProperty: DoubleProperty [value: 0.5]
11:48:36.966 [FXGL Background Thread 3 ] DEBUG Engine               - height: 500
11:48:36.966 [FXGL Background Thread 3 ] DEBUG Engine               - is3D: false
11:48:36.966 [FXGL Background Thread 3 ] DEBUG Engine               - isAndroid: false
11:48:36.966 [FXGL Background Thread 3 ] DEBUG Engine               - isBrowser: false
11:48:36.967 [FXGL Background Thread 3 ] DEBUG Engine               - isClickFeedbackEnabled: false
11:48:36.967 [FXGL Background Thread 3 ] DEBUG Engine               - isCloseConfirmation: false
11:48:36.967 [FXGL Background Thread 3 ] DEBUG Engine               - isDesktop: true
11:48:36.967 [FXGL Background Thread 3 ] DEBUG Engine               - isDeveloperMenuEnabled: false
11:48:36.967 [FXGL Background Thread 3 ] DEBUG Engine               - isEmbedded: false
11:48:36.967 [FXGL Background Thread 3 ] DEBUG Engine               - isEntityPreloadEnabled: true
11:48:36.967 [FXGL Background Thread 3 ] DEBUG Engine               - isExperimentalTiledLargeMap: false
11:48:36.967 [FXGL Background Thread 3 ] DEBUG Engine               - isFileSystemWriteAllowed: true
11:48:36.967 [FXGL Background Thread 3 ] DEBUG Engine               - isFullScreenAllowed: false
11:48:36.967 [FXGL Background Thread 3 ] DEBUG Engine               - isFullScreenFromStart: false
11:48:36.967 [FXGL Background Thread 3 ] DEBUG Engine               - isGameMenuEnabled: true
11:48:36.967 [FXGL Background Thread 3 ] DEBUG Engine               - isIOS: false
11:48:36.967 [FXGL Background Thread 3 ] DEBUG Engine               - isIntroEnabled: false
11:48:36.967 [FXGL Background Thread 3 ] DEBUG Engine               - isLinux: false
11:48:36.967 [FXGL Background Thread 3 ] DEBUG Engine               - isMac: false
11:48:36.967 [FXGL Background Thread 3 ] DEBUG Engine               - isMainMenuEnabled: false
11:48:36.967 [FXGL Background Thread 3 ] DEBUG Engine               - isManualResizeEnabled: false
11:48:36.967 [FXGL Background Thread 3 ] DEBUG Engine               - isMobile: false
11:48:36.967 [FXGL Background Thread 3 ] DEBUG Engine               - isNative: false
11:48:36.968 [FXGL Background Thread 3 ] DEBUG Engine               - isPauseMusicWhenMinimized: true
11:48:36.968 [FXGL Background Thread 3 ] DEBUG Engine               - isPreserveResizeRatio: false
11:48:36.968 [FXGL Background Thread 3 ] DEBUG Engine               - isProfilingEnabled: false
11:48:36.968 [FXGL Background Thread 3 ] DEBUG Engine               - isScaleAffectedOnResize: true
11:48:36.968 [FXGL Background Thread 3 ] DEBUG Engine               - isSingleStep: false
11:48:36.968 [FXGL Background Thread 3 ] DEBUG Engine               - isUserProfileEnabled: false
11:48:36.968 [FXGL Background Thread 3 ] DEBUG Engine               - isWindows: true
11:48:36.968 [FXGL Background Thread 3 ] DEBUG Engine               - language: ObjectProperty [value: ENGLISH]
11:48:36.968 [FXGL Background Thread 3 ] DEBUG Engine               - menuKey: ESCAPE
11:48:36.968 [FXGL Background Thread 3 ] DEBUG Engine               - mouseSensitivity: 0.2
11:48:36.968 [FXGL Background Thread 3 ] DEBUG Engine               - notificationViewClass: class com.almasb.fxgl.notification.view.XboxNotificationView
11:48:36.968 [FXGL Background Thread 3 ] DEBUG Engine               - pixelsPerMeter: 50.0
11:48:36.968 [FXGL Background Thread 3 ] DEBUG Engine               - platform: WINDOWS
11:48:36.968 [FXGL Background Thread 3 ] DEBUG Engine               - prefHeightProperty: ReadOnlyDoubleProperty [value: 500.0]
11:48:36.968 [FXGL Background Thread 3 ] DEBUG Engine               - prefWidthProperty: ReadOnlyDoubleProperty [value: 800.0]
11:48:36.968 [FXGL Background Thread 3 ] DEBUG Engine               - profileDir: profiles/
11:48:36.968 [FXGL Background Thread 3 ] DEBUG Engine               - profileName: StringProperty [value: DEFAULT]
11:48:36.968 [FXGL Background Thread 3 ] DEBUG Engine               - randomSeed: -1
11:48:36.969 [FXGL Background Thread 3 ] DEBUG Engine               - runtimeInfo: RuntimeInfo(platform=WINDOWS, version=17.2, build=20.08.2022 16.50)
11:48:36.969 [FXGL Background Thread 3 ] DEBUG Engine               - saveFileExt: sav
11:48:36.969 [FXGL Background Thread 3 ] DEBUG Engine               - scaledHeightProp$fxgl: DoubleProperty [bound, value: 500.0]
11:48:36.969 [FXGL Background Thread 3 ] DEBUG Engine               - scaledWidthProp$fxgl: DoubleProperty [bound, value: 800.0]
11:48:36.969 [FXGL Background Thread 3 ] DEBUG Engine               - sceneFactory: com.almasb.fxgl.app.scene.SceneFactory@1885f44a
11:48:36.969 [FXGL Background Thread 3 ] DEBUG Engine               - secondsIn24h: 60
11:48:36.969 [FXGL Background Thread 3 ] DEBUG Engine               - soundMenuBack: menu/back.wav
11:48:36.969 [FXGL Background Thread 3 ] DEBUG Engine               - soundMenuPress: menu/press.wav
11:48:36.969 [FXGL Background Thread 3 ] DEBUG Engine               - soundMenuSelect: menu/select.wav
11:48:36.969 [FXGL Background Thread 3 ] DEBUG Engine               - soundNotification: core/notification.wav
11:48:36.969 [FXGL Background Thread 3 ] DEBUG Engine               - stageStyle: DECORATED
11:48:36.969 [FXGL Background Thread 3 ] DEBUG Engine               - supportedLanguages: [ENGLISH, FRENCH, GERMAN, HUNGARIAN, RUSSIAN]
11:48:36.969 [FXGL Background Thread 3 ] DEBUG Engine               - ticksPerSecond: -1
11:48:36.969 [FXGL Background Thread 3 ] DEBUG Engine               - title: Clicky Cooker
11:48:36.970 [FXGL Background Thread 3 ] DEBUG Engine               - urlGithub: https://github.com/AlmasB/FXGL
11:48:36.970 [FXGL Background Thread 3 ] DEBUG Engine               - urlLeaderboard: http://fxgl-top.herokuapp.com/
11:48:36.970 [FXGL Background Thread 3 ] DEBUG Engine               - urlPOM: https://raw.githubusercontent.com/AlmasB/FXGL/release/README.md
11:48:36.970 [FXGL Background Thread 3 ] DEBUG Engine               - userAppClass: class com.example.clickycooker.App
11:48:36.970 [FXGL Background Thread 3 ] DEBUG Engine               - version: 0.0
11:48:36.970 [FXGL Background Thread 3 ] DEBUG Engine               - versionCheckDays: 7
11:48:36.970 [FXGL Background Thread 3 ] DEBUG Engine               - width: 800
11:48:36.970 [FXGL Background Thread 3 ] DEBUG Engine               - Logging services
11:48:36.970 [FXGL Background Thread 3 ] DEBUG Engine               - class com.almasb.fxgl.app.services.FXGLAssetLoaderService
11:48:36.970 [FXGL Background Thread 3 ] DEBUG Engine               - class com.almasb.fxgl.app.FXGLApplication$GameApplicationService
11:48:36.970 [FXGL Background Thread 3 ] DEBUG Engine               - class com.almasb.fxgl.app.services.FXGLDialogService
11:48:36.970 [FXGL Background Thread 3 ] DEBUG Engine               - class com.almasb.fxgl.app.services.IOTaskExecutorService
11:48:36.970 [FXGL Background Thread 3 ] DEBUG Engine               - class com.almasb.fxgl.io.FileSystemService
11:48:36.970 [FXGL Background Thread 3 ] DEBUG Engine               - class com.almasb.fxgl.localization.LocalizationService
11:48:36.970 [FXGL Background Thread 3 ] DEBUG Engine               - class com.almasb.fxgl.app.services.SystemBundleService
11:48:36.970 [FXGL Background Thread 3 ] DEBUG Engine               - class com.almasb.fxgl.profile.SaveLoadService
11:48:36.970 [FXGL Background Thread 3 ] DEBUG Engine               - class com.almasb.fxgl.ui.FXGLUIFactoryServiceProvider
11:48:36.970 [FXGL Background Thread 3 ] DEBUG Engine               - class com.almasb.fxgl.ui.FXGLDialogFactoryServiceProvider
11:48:36.970 [FXGL Background Thread 3 ] DEBUG Engine               - class com.almasb.fxgl.audio.AudioPlayer
11:48:36.971 [FXGL Background Thread 3 ] DEBUG Engine               - class com.almasb.fxgl.notification.impl.NotificationServiceProvider
11:48:36.971 [FXGL Background Thread 3 ] DEBUG Engine               - class com.almasb.fxgl.achievement.AchievementService
11:48:36.971 [FXGL Background Thread 3 ] DEBUG Engine               - class com.almasb.fxgl.cutscene.CutsceneService
11:48:36.971 [FXGL Background Thread 3 ] DEBUG Engine               - class com.almasb.fxgl.minigames.MiniGameService
11:48:36.971 [FXGL Background Thread 3 ] DEBUG Engine               - class com.almasb.fxgl.net.NetService
11:48:36.971 [FXGL Background Thread 3 ] DEBUG Engine               - class com.almasb.fxgl.app.services.UpdaterService
11:48:36.971 [FXGL Background Thread 3 ] DEBUG Engine               - class com.almasb.fxgl.dev.DevService
11:48:43.817 [JavaFX Application Thread] DEBUG FXGLApplication      - Exiting FXGL
11:48:43.817 [JavaFX Application Thread] DEBUG LoopRunner           - Stopping loop
11:48:43.817 [JavaFX Application Thread] DEBUG SystemBundleService  - Saving FXGL system data
11:48:43.819 [JavaFX Application Thread] DEBUG FileSystemAccess     - Writing to: C:\Users\trist\Desktop\Clicky Cooker\system\fxgl.bundle
11:48:43.822 [JavaFX Application Thread] DEBUG Async                - Shutting down background threads
11:48:43.822 [JavaFX Application Thread] DEBUG PrimaryStageWindow   - Closing main window
11:48:43.831 [JavaFX Application Thread] DEBUG Logger               - Closing Logger
