12:21:34.731 [main                     ] DEBUG Logger               - Configured Logger
12:21:34.773 [main                     ] DEBUG GameApplication      - Logging settings
Title: Clicky Cooker
Version: 0.0
Width: 800
Height: 500
Fullscreen: false
Intro: false
Profiling: false
Single step:false
App Mode: DEVELOPER
Menu Key: ESCAPE
Stage Style: DECORATED
Scene Factory: class com.almasb.fxgl.app.scene.SceneFactory

12:21:35.412 [JavaFX Application Thread] DEBUG FXGLApplication      - Initializing FXGL
12:21:35.420 [JavaFX Application Thread] INFO  Engine               - FXGL-17.2 (20.08.2022 16.50) on WINDOWS (J:19.0.1 FX:19-ea)
12:21:35.420 [JavaFX Application Thread] DEBUG Engine               - JRE Vendor Name: Oracle Corporation
12:21:35.421 [JavaFX Application Thread] DEBUG Engine               - Running on OS: Windows 10 version 10.0
12:21:35.421 [JavaFX Application Thread] DEBUG Engine               - Architecture: amd64
12:21:35.421 [JavaFX Application Thread] INFO  Engine               - Source code and latest versions at: https://github.com/AlmasB/FXGL
12:21:35.421 [JavaFX Application Thread] INFO  Engine               -       Ask questions and discuss at: https://github.com/AlmasB/FXGL/discussions
12:21:35.421 [JavaFX Application Thread] INFO  Engine               -              Join the FXGL chat at: https://gitter.im/AlmasB/FXGL
12:21:35.648 [JavaFX Application Thread] DEBUG PrimaryStageWindow   - Creating a JavaFX scene
12:21:35.746 [JavaFX Application Thread] DEBUG PrimaryStageWindow   - Target settings size: 800.0 x 500.0
12:21:35.747 [JavaFX Application Thread] DEBUG PrimaryStageWindow   - Scaled scene size:    800.0 x 500.0
12:21:35.747 [JavaFX Application Thread] DEBUG PrimaryStageWindow   - Scaled ratio: (1.0, 1.0)
12:21:35.749 [JavaFX Application Thread] DEBUG PrimaryStageWindow   - Set initial scene to FXGLStartupScene
12:21:35.764 [JavaFX Application Thread] DEBUG PrimaryStageWindow   - Opening main window
12:21:35.904 [JavaFX Application Thread] DEBUG PrimaryStageWindow   - Window border size: (14.66668701171875, 37.33331298828125)
12:21:35.905 [JavaFX Application Thread] DEBUG PrimaryStageWindow   - Scaled size: 800.0 x 500.0
12:21:35.905 [JavaFX Application Thread] DEBUG PrimaryStageWindow   - Scaled ratio: (1.0, 1.0)
12:21:35.906 [JavaFX Application Thread] DEBUG PrimaryStageWindow   - Scene size: 800.0 x 500.0
12:21:35.906 [JavaFX Application Thread] DEBUG PrimaryStageWindow   - Stage size: 814.6666870117188 x 537.3333129882812
12:21:35.921 [FXGL Background Thread 1 ] DEBUG Engine               - Initializing environment variables
12:21:36.024 [FXGL Background Thread 1 ] DEBUG FXGLAssetLoaderServi - User app class for loading assets: class com.example.clickycooker.App
12:21:36.025 [FXGL Background Thread 1 ] DEBUG GameApplicationServi - Applying CSS: fxgl_dark.css
12:21:36.026 [FXGL Background Thread 1 ] DEBUG FXGLAssetLoaderServi - Loading from file system: jar:file:/C:/Users/trist/.m2/repository/com/github/almasb/fxgl/17.2/fxgl-17.2.jar!/fxglassets/ui/css/fxgl_dark.css
12:21:36.111 [FXGL Background Thread 1 ] DEBUG GameApplicationServi - Initializing application scenes
12:21:36.223 [FXGL Background Thread 1 ] DEBUG GameWorld            - Game world initialized
12:21:36.320 [FXGL Background Thread 1 ] DEBUG PhysicsWorld         - Physics world initialized: appHeight=500, physics.ppm=50.0
12:21:36.320 [FXGL Background Thread 1 ] DEBUG PhysicsWorld         - Using strategy: BRUTE_FORCE
12:21:36.327 [FXGL Background Thread 1 ] DEBUG GameScene            - Game scene initialized: 800x500
12:21:36.350 [FXGL Background Thread 1 ] WARN  FXGL.DefaultMenu     - FXGLDefaultMenu is not designed for resolutions < 800x600
12:21:36.350 [FXGL Background Thread 1 ] DEBUG FXGL.DefaultMenu     - createMenuBodyGameMenu()
12:21:36.382 [FXGL Background Thread 1 ] DEBUG FXGL.DefaultMenu     - createOptionsMenu()
12:21:36.403 [FXGL Background Thread 1 ] DEBUG FXGLAssetLoaderServi - Loading from file system: jar:file:/C:/Users/trist/.m2/repository/com/github/almasb/fxgl/17.2/fxgl-17.2.jar!/fxglassets/textures/particles/smoke.png
12:21:36.567 [FXGL Background Thread 1 ] DEBUG FXGLAssetLoaderServi - Loading from file system: jar:file:/C:/Users/trist/.m2/repository/com/github/almasb/fxgl/17.2/fxgl-17.2.jar!/fxglassets/textures/particles/trace_horizontal.png
12:21:36.612 [FXGL Background Thread 1 ] DEBUG GameApplicationServi - Application scenes initialized
12:21:36.638 [FXGL Background Thread 1 ] DEBUG SystemBundleService  - Loading FXGL system data
12:21:36.644 [FXGL Background Thread 1 ] DEBUG FileSystemAccess     - Reading from: C:\Users\trist\Desktop\Clicky Cooker\system\fxgl.bundle
12:21:36.656 [FXGL Background Thread 1 ] DEBUG SystemBundleService  - Bundle FXGL: {}
12:21:36.656 [FXGL Background Thread 1 ] DEBUG UpdaterService       - Checking for updates
12:21:36.663 [FXGL Background Thread 1 ] DEBUG FXGLApplication      - Loading default localization
12:21:36.664 [FXGL Background Thread 1 ] DEBUG FXGLAssetLoaderServi - Loading from file system: jar:file:/C:/Users/trist/.m2/repository/com/github/almasb/fxgl/17.2/fxgl-17.2.jar!/fxglassets/languages/english.lang
12:21:36.669 [FXGL Background Thread 4 ] DEBUG FXGLApplication      - Loading fonts
12:21:36.669 [FXGL Background Thread 4 ] DEBUG FXGLAssetLoaderServi - Loading from file system: jar:file:/C:/Users/trist/.m2/repository/com/github/almasb/fxgl/17.2/fxgl-17.2.jar!/fxglassets/ui/fonts/VarelaRound-Regular.ttf
12:21:36.721 [FXGL Background Thread 1 ] INFO  FXGLApplication      - FXGL initialization took: 0.799 sec
12:21:36.723 [JavaFX Application Thread] DEBUG FXGLAssetLoaderServi - Loading from file system: jar:file:/C:/Users/trist/.m2/repository/com/github/almasb/fxgl/17.2/fxgl-17.2.jar!/fxglassets/textures/fxgl_icon.png
12:21:36.750 [JavaFX Application Thread] DEBUG FXGLAssetLoaderServi - Loading from file system: file:/C:/Users/trist/Desktop/Clicky%20Cooker/target/classes/assets/textures/cursor.png
12:21:36.786 [JavaFX Application Thread] DEBUG Input                - Registered new binding: Screenshot - CTRL+8
12:21:36.787 [JavaFX Application Thread] DEBUG Input                - Registered new binding: System info dump - CTRL+9
12:21:36.788 [JavaFX Application Thread] DEBUG Input                - Registered new binding: Restart - CTRL+R
12:21:36.789 [JavaFX Application Thread] DEBUG Input                - Registered new binding: Toggle Debug Camera - CTRL+7
12:21:36.793 [JavaFX Application Thread] DEBUG LoopRunner           - Starting loop
12:21:36.793 [JavaFX Application Thread] DEBUG LoopRunner           - Initializing JavaFX AnimationTimerLoop
12:21:36.798 [JavaFX Application Thread] DEBUG GameApplicationServi - Starting new game
12:21:36.799 [JavaFX Application Thread] DEBUG Input                - Clearing active input actions
12:21:36.820 [JavaFX Application Thread] DEBUG GameApplicationServi - Removing overlay from FXGLStartupScene and adding to FXGLLoadingScene
12:21:36.821 [JavaFX Application Thread] DEBUG PrimaryStageWindow   - FXGLStartupScene -> FXGLLoadingScene
12:21:36.821 [JavaFX Application Thread] DEBUG GameApplicationServi - Clearing previous game
12:21:36.821 [JavaFX Application Thread] DEBUG GameScene            - Clearing game scene
12:21:36.821 [JavaFX Application Thread] DEBUG GameWorld            - Clearing game world
12:21:36.821 [JavaFX Application Thread] DEBUG PhysicsWorld         - Clearing physics world
12:21:36.947 [FXGL Background Thread 1 ] DEBUG FXGLApplication      - Initializing game
12:21:37.024 [FXGL Background Thread 4 ] DEBUG FXGLAssetLoaderServi - Loading from file system: jar:file:/C:/Users/trist/.m2/repository/com/github/almasb/fxgl/17.2/fxgl-17.2.jar!/fxglassets/ui/fonts/Abel-Regular.ttf
12:21:37.037 [FXGL Background Thread 4 ] DEBUG FXGLAssetLoaderServi - Loading from file system: jar:file:/C:/Users/trist/.m2/repository/com/github/almasb/fxgl/17.2/fxgl-17.2.jar!/fxglassets/ui/fonts/TerminalLandMono-Regular.otf
12:21:37.087 [FXGL Background Thread 4 ] DEBUG FXGLAssetLoaderServi - Loading from file system: jar:file:/C:/Users/trist/.m2/repository/com/github/almasb/fxgl/17.2/fxgl-17.2.jar!/fxglassets/ui/fonts/Courier-Prime.ttf
12:21:37.174 [FXGL Background Thread 1 ] INFO  FXGLApplication      - Game initialization took: 0.226 sec
12:21:37.177 [JavaFX Application Thread] DEBUG FXGLApplication      - Registering font factories with UI factory
12:21:37.180 [JavaFX Application Thread] DEBUG Input                - Clearing active input actions
12:21:37.195 [JavaFX Application Thread] DEBUG GameApplicationServi - Removing overlay from FXGLLoadingScene and adding to GameScene
12:21:37.203 [JavaFX Application Thread] DEBUG PrimaryStageWindow   - FXGLLoadingScene -> GameScene
12:21:39.077 [JavaFX Application Thread] DEBUG LoopRunner           - Stopping loop
12:21:39.079 [JavaFX Application Thread] FATAL FXGLApplication      - Uncaught Exception:
java.lang.IllegalArgumentException: Invalid URL: Invalid URL or resource not found
	at javafx.scene.image.Image.validateUrl(Image.java:1138)
	at javafx.scene.image.Image.<init>(Image.java:628)
	at javafx.scene.image.ImageView.<init>(ImageView.java:194)
	at com.example.clickycooker.Achievement.obtainAchievement(Achievement.java:61)
	at com.example.clickycooker.GameManager.changeCookies(GameManager.java:74)
	at com.example.clickycooker.GameManager.lambda$createCookie$0(GameManager.java:127)
	at com.sun.javafx.event.CompositeEventHandler.dispatchBubblingEvent(CompositeEventHandler.java:86)
	at com.sun.javafx.event.EventHandlerManager.dispatchBubblingEvent(EventHandlerManager.java:234)
	at com.sun.javafx.event.EventHandlerManager.dispatchBubblingEvent(EventHandlerManager.java:191)
	at com.sun.javafx.event.CompositeEventDispatcher.dispatchBubblingEvent(CompositeEventDispatcher.java:59)
	at com.sun.javafx.event.BasicEventDispatcher.dispatchEvent(BasicEventDispatcher.java:58)
	at com.sun.javafx.event.EventDispatchChainImpl.dispatchEvent(EventDispatchChainImpl.java:114)
	at com.sun.javafx.event.BasicEventDispatcher.dispatchEvent(BasicEventDispatcher.java:56)
	at com.sun.javafx.event.EventDispatchChainImpl.dispatchEvent(EventDispatchChainImpl.java:114)
	at com.sun.javafx.event.BasicEventDispatcher.dispatchEvent(BasicEventDispatcher.java:56)
	at com.sun.javafx.event.EventDispatchChainImpl.dispatchEvent(EventDispatchChainImpl.java:114)
	at com.sun.javafx.event.EventUtil.fireEventImpl(EventUtil.java:74)
	at com.sun.javafx.event.EventUtil.fireEvent(EventUtil.java:54)
	at javafx.event.Event.fireEvent(Event.java:198)
	at javafx.scene.Scene$ClickGenerator.postProcess(Scene.java:3586)
	at javafx.scene.Scene$MouseHandler.process(Scene.java:3890)
	at javafx.scene.Scene.processMouseEvent(Scene.java:1874)
	at javafx.scene.Scene$ScenePeerListener.mouseEvent(Scene.java:2607)
	at com.sun.javafx.tk.quantum.GlassViewEventHandler$MouseEventNotification.run(GlassViewEventHandler.java:411)
	at com.sun.javafx.tk.quantum.GlassViewEventHandler$MouseEventNotification.run(GlassViewEventHandler.java:301)
	at java.base/java.security.AccessController.doPrivileged(AccessController.java:399)
	at com.sun.javafx.tk.quantum.GlassViewEventHandler.lambda$handleMouseEvent$2(GlassViewEventHandler.java:450)
	at com.sun.javafx.tk.quantum.QuantumToolkit.runWithoutRenderLock(QuantumToolkit.java:424)
	at com.sun.javafx.tk.quantum.GlassViewEventHandler.handleMouseEvent(GlassViewEventHandler.java:449)
	at com.sun.glass.ui.View.handleMouseEvent(View.java:551)
	at com.sun.glass.ui.View.notifyMouse(View.java:937)
	at com.sun.glass.ui.win.WinApplication._runLoop(Native Method)
	at com.sun.glass.ui.win.WinApplication.lambda$runLoop$3(WinApplication.java:184)
	at java.base/java.lang.Thread.run(Thread.java:1589)
Caused by: java.lang.IllegalArgumentException: Invalid URL or resource not found
	at javafx.scene.image.Image.validateUrl(Image.java:1123)
	... 33 more

12:21:39.080 [JavaFX Application Thread] FATAL FXGLApplication      - Application will now exit
12:21:39.106 [JavaFX Application Thread] DEBUG PrimaryStageWindow   - Push state: ErrorSubScene
12:21:39.106 [JavaFX Application Thread] DEBUG Input                - Clearing active input actions
12:21:39.116 [JavaFX Application Thread] DEBUG GameApplicationServi - Removing overlay from GameScene and adding to ErrorSubScene
12:21:39.117 [JavaFX Application Thread] DEBUG PrimaryStageWindow   - GameScene -> ErrorSubScene
12:21:39.661 [FXGL Background Thread 3 ] DEBUG Engine               - Logging environment variables
12:21:39.662 [FXGL Background Thread 3 ] DEBUG Engine               - achievements: []
12:21:39.662 [FXGL Background Thread 3 ] DEBUG Engine               - actualHeight: 500.0
12:21:39.662 [FXGL Background Thread 3 ] DEBUG Engine               - actualHeightProperty: ReadOnlyDoubleProperty [value: 500.0]
12:21:39.662 [FXGL Background Thread 3 ] DEBUG Engine               - actualWidth: 800.0
12:21:39.662 [FXGL Background Thread 3 ] DEBUG Engine               - actualWidthProperty: ReadOnlyDoubleProperty [value: 800.0]
12:21:39.662 [FXGL Background Thread 3 ] DEBUG Engine               - appIcon: fxgl_icon.png
12:21:39.662 [FXGL Background Thread 3 ] DEBUG Engine               - applicationMode: DEVELOPER
12:21:39.663 [FXGL Background Thread 3 ] DEBUG Engine               - cSSList: [fxgl_dark.css]
12:21:39.663 [FXGL Background Thread 3 ] DEBUG Engine               - collisionDetectionStrategy: BRUTE_FORCE
12:21:39.663 [FXGL Background Thread 3 ] DEBUG Engine               - configClass: Optional.empty
12:21:39.663 [FXGL Background Thread 3 ] DEBUG Engine               - credits: []
12:21:39.663 [FXGL Background Thread 3 ] DEBUG Engine               - defaultCursor: CursorInfo(imageName=cursor.png, hotspotX=20.0, hotspotY=20.0)
12:21:39.663 [FXGL Background Thread 3 ] DEBUG Engine               - devBBoxColorProperty: ObjectProperty [value: 0xff0000ff]
12:21:39.663 [FXGL Background Thread 3 ] DEBUG Engine               - devEnableDebugCameraProperty: BooleanProperty [value: false]
12:21:39.663 [FXGL Background Thread 3 ] DEBUG Engine               - devSensorColorProperty: ObjectProperty [value: 0xffff00ff]
12:21:39.664 [FXGL Background Thread 3 ] DEBUG Engine               - devShowBBoxProperty: BooleanProperty [value: false]
12:21:39.664 [FXGL Background Thread 3 ] DEBUG Engine               - devShowPositionProperty: BooleanProperty [value: false]
12:21:39.664 [FXGL Background Thread 3 ] DEBUG Engine               - enabledMenuItems: []
12:21:39.664 [FXGL Background Thread 3 ] DEBUG Engine               - engineServices: [class com.almasb.fxgl.app.services.FXGLAssetLoaderService, class com.almasb.fxgl.app.FXGLApplication$GameApplicationService, class com.almasb.fxgl.app.services.FXGLDialogService, class com.almasb.fxgl.app.services.IOTaskExecutorService, class com.almasb.fxgl.io.FileSystemService, class com.almasb.fxgl.localization.LocalizationService, class com.almasb.fxgl.app.services.SystemBundleService, class com.almasb.fxgl.profile.SaveLoadService, class com.almasb.fxgl.ui.FXGLUIFactoryServiceProvider, class com.almasb.fxgl.ui.FXGLDialogFactoryServiceProvider, class com.almasb.fxgl.audio.AudioPlayer, class com.almasb.fxgl.notification.impl.NotificationServiceProvider, class com.almasb.fxgl.achievement.AchievementService, class com.almasb.fxgl.cutscene.CutsceneService, class com.almasb.fxgl.minigames.MiniGameService, class com.almasb.fxgl.net.NetService, class com.almasb.fxgl.app.services.UpdaterService, class com.almasb.fxgl.dev.DevService]
12:21:39.664 [FXGL Background Thread 3 ] DEBUG Engine               - fontGame: Abel-Regular.ttf
12:21:39.664 [FXGL Background Thread 3 ] DEBUG Engine               - fontMono: TerminalLandMono-Regular.otf
12:21:39.664 [FXGL Background Thread 3 ] DEBUG Engine               - fontText: Courier-Prime.ttf
12:21:39.664 [FXGL Background Thread 3 ] DEBUG Engine               - fontUI: VarelaRound-Regular.ttf
12:21:39.664 [FXGL Background Thread 3 ] DEBUG Engine               - fullScreen: BooleanProperty [value: false]
12:21:39.664 [FXGL Background Thread 3 ] DEBUG Engine               - gameDifficulty: MEDIUM
12:21:39.664 [FXGL Background Thread 3 ] DEBUG Engine               - gameDifficultyProperty: ObjectProperty [value: MEDIUM]
12:21:39.664 [FXGL Background Thread 3 ] DEBUG Engine               - globalMusicVolume: 0.5
12:21:39.664 [FXGL Background Thread 3 ] DEBUG Engine               - globalMusicVolumeProperty: DoubleProperty [value: 0.5]
12:21:39.664 [FXGL Background Thread 3 ] DEBUG Engine               - globalSoundVolume: 0.5
12:21:39.664 [FXGL Background Thread 3 ] DEBUG Engine               - globalSoundVolumeProperty: DoubleProperty [value: 0.5]
12:21:39.664 [FXGL Background Thread 3 ] DEBUG Engine               - height: 500
12:21:39.665 [FXGL Background Thread 3 ] DEBUG Engine               - is3D: false
12:21:39.665 [FXGL Background Thread 3 ] DEBUG Engine               - isAndroid: false
12:21:39.665 [FXGL Background Thread 3 ] DEBUG Engine               - isBrowser: false
12:21:39.665 [FXGL Background Thread 3 ] DEBUG Engine               - isClickFeedbackEnabled: false
12:21:39.665 [FXGL Background Thread 3 ] DEBUG Engine               - isCloseConfirmation: false
12:21:39.665 [FXGL Background Thread 3 ] DEBUG Engine               - isDesktop: true
12:21:39.665 [FXGL Background Thread 3 ] DEBUG Engine               - isDeveloperMenuEnabled: false
12:21:39.665 [FXGL Background Thread 3 ] DEBUG Engine               - isEmbedded: false
12:21:39.665 [FXGL Background Thread 3 ] DEBUG Engine               - isEntityPreloadEnabled: true
12:21:39.665 [FXGL Background Thread 3 ] DEBUG Engine               - isExperimentalTiledLargeMap: false
12:21:39.665 [FXGL Background Thread 3 ] DEBUG Engine               - isFileSystemWriteAllowed: true
12:21:39.665 [FXGL Background Thread 3 ] DEBUG Engine               - isFullScreenAllowed: false
12:21:39.665 [FXGL Background Thread 3 ] DEBUG Engine               - isFullScreenFromStart: false
12:21:39.665 [FXGL Background Thread 3 ] DEBUG Engine               - isGameMenuEnabled: true
12:21:39.665 [FXGL Background Thread 3 ] DEBUG Engine               - isIOS: false
12:21:39.665 [FXGL Background Thread 3 ] DEBUG Engine               - isIntroEnabled: false
12:21:39.665 [FXGL Background Thread 3 ] DEBUG Engine               - isLinux: false
12:21:39.665 [FXGL Background Thread 3 ] DEBUG Engine               - isMac: false
12:21:39.666 [FXGL Background Thread 3 ] DEBUG Engine               - isMainMenuEnabled: false
12:21:39.666 [FXGL Background Thread 3 ] DEBUG Engine               - isManualResizeEnabled: false
12:21:39.666 [FXGL Background Thread 3 ] DEBUG Engine               - isMobile: false
12:21:39.666 [FXGL Background Thread 3 ] DEBUG Engine               - isNative: false
12:21:39.666 [FXGL Background Thread 3 ] DEBUG Engine               - isPauseMusicWhenMinimized: true
12:21:39.666 [FXGL Background Thread 3 ] DEBUG Engine               - isPreserveResizeRatio: false
12:21:39.666 [FXGL Background Thread 3 ] DEBUG Engine               - isProfilingEnabled: false
12:21:39.666 [FXGL Background Thread 3 ] DEBUG Engine               - isScaleAffectedOnResize: true
12:21:39.666 [FXGL Background Thread 3 ] DEBUG Engine               - isSingleStep: false
12:21:39.666 [FXGL Background Thread 3 ] DEBUG Engine               - isUserProfileEnabled: false
12:21:39.666 [FXGL Background Thread 3 ] DEBUG Engine               - isWindows: true
12:21:39.666 [FXGL Background Thread 3 ] DEBUG Engine               - language: ObjectProperty [value: ENGLISH]
12:21:39.666 [FXGL Background Thread 3 ] DEBUG Engine               - menuKey: ESCAPE
12:21:39.667 [FXGL Background Thread 3 ] DEBUG Engine               - mouseSensitivity: 0.2
12:21:39.667 [FXGL Background Thread 3 ] DEBUG Engine               - notificationViewClass: class com.almasb.fxgl.notification.view.XboxNotificationView
12:21:39.667 [FXGL Background Thread 3 ] DEBUG Engine               - pixelsPerMeter: 50.0
12:21:39.667 [FXGL Background Thread 3 ] DEBUG Engine               - platform: WINDOWS
12:21:39.667 [FXGL Background Thread 3 ] DEBUG Engine               - prefHeightProperty: ReadOnlyDoubleProperty [value: 500.0]
12:21:39.667 [FXGL Background Thread 3 ] DEBUG Engine               - prefWidthProperty: ReadOnlyDoubleProperty [value: 800.0]
12:21:39.667 [FXGL Background Thread 3 ] DEBUG Engine               - profileDir: profiles/
12:21:39.667 [FXGL Background Thread 3 ] DEBUG Engine               - profileName: StringProperty [value: DEFAULT]
12:21:39.667 [FXGL Background Thread 3 ] DEBUG Engine               - randomSeed: -1
12:21:39.667 [FXGL Background Thread 3 ] DEBUG Engine               - runtimeInfo: RuntimeInfo(platform=WINDOWS, version=17.2, build=20.08.2022 16.50)
12:21:39.668 [FXGL Background Thread 3 ] DEBUG Engine               - saveFileExt: sav
12:21:39.668 [FXGL Background Thread 3 ] DEBUG Engine               - scaledHeightProp$fxgl: DoubleProperty [bound, value: 500.0]
12:21:39.668 [FXGL Background Thread 3 ] DEBUG Engine               - scaledWidthProp$fxgl: DoubleProperty [bound, value: 800.0]
12:21:39.668 [FXGL Background Thread 3 ] DEBUG Engine               - sceneFactory: com.almasb.fxgl.app.scene.SceneFactory@4bee627d
12:21:39.668 [FXGL Background Thread 3 ] DEBUG Engine               - secondsIn24h: 60
12:21:39.668 [FXGL Background Thread 3 ] DEBUG Engine               - soundMenuBack: menu/back.wav
12:21:39.668 [FXGL Background Thread 3 ] DEBUG Engine               - soundMenuPress: menu/press.wav
12:21:39.668 [FXGL Background Thread 3 ] DEBUG Engine               - soundMenuSelect: menu/select.wav
12:21:39.668 [FXGL Background Thread 3 ] DEBUG Engine               - soundNotification: core/notification.wav
12:21:39.668 [FXGL Background Thread 3 ] DEBUG Engine               - stageStyle: DECORATED
12:21:39.668 [FXGL Background Thread 3 ] DEBUG Engine               - supportedLanguages: [ENGLISH, FRENCH, GERMAN, HUNGARIAN, RUSSIAN]
12:21:39.668 [FXGL Background Thread 3 ] DEBUG Engine               - ticksPerSecond: -1
12:21:39.668 [FXGL Background Thread 3 ] DEBUG Engine               - title: Clicky Cooker
12:21:39.668 [FXGL Background Thread 3 ] DEBUG Engine               - urlGithub: https://github.com/AlmasB/FXGL
12:21:39.668 [FXGL Background Thread 3 ] DEBUG Engine               - urlLeaderboard: http://fxgl-top.herokuapp.com/
12:21:39.669 [FXGL Background Thread 3 ] DEBUG Engine               - urlPOM: https://raw.githubusercontent.com/AlmasB/FXGL/release/README.md
12:21:39.669 [FXGL Background Thread 3 ] DEBUG Engine               - userAppClass: class com.example.clickycooker.App
12:21:39.669 [FXGL Background Thread 3 ] DEBUG Engine               - version: 0.0
12:21:39.669 [FXGL Background Thread 3 ] DEBUG Engine               - versionCheckDays: 7
12:21:39.669 [FXGL Background Thread 3 ] DEBUG Engine               - width: 800
12:21:39.669 [FXGL Background Thread 3 ] DEBUG Engine               - Logging services
12:21:39.669 [FXGL Background Thread 3 ] DEBUG Engine               - class com.almasb.fxgl.app.services.FXGLAssetLoaderService
12:21:39.669 [FXGL Background Thread 3 ] DEBUG Engine               - class com.almasb.fxgl.app.FXGLApplication$GameApplicationService
12:21:39.669 [FXGL Background Thread 3 ] DEBUG Engine               - class com.almasb.fxgl.app.services.FXGLDialogService
12:21:39.669 [FXGL Background Thread 3 ] DEBUG Engine               - class com.almasb.fxgl.app.services.IOTaskExecutorService
12:21:39.669 [FXGL Background Thread 3 ] DEBUG Engine               - class com.almasb.fxgl.io.FileSystemService
12:21:39.669 [FXGL Background Thread 3 ] DEBUG Engine               - class com.almasb.fxgl.localization.LocalizationService
12:21:39.669 [FXGL Background Thread 3 ] DEBUG Engine               - class com.almasb.fxgl.app.services.SystemBundleService
12:21:39.669 [FXGL Background Thread 3 ] DEBUG Engine               - class com.almasb.fxgl.profile.SaveLoadService
12:21:39.669 [FXGL Background Thread 3 ] DEBUG Engine               - class com.almasb.fxgl.ui.FXGLUIFactoryServiceProvider
12:21:39.669 [FXGL Background Thread 3 ] DEBUG Engine               - class com.almasb.fxgl.ui.FXGLDialogFactoryServiceProvider
12:21:39.669 [FXGL Background Thread 3 ] DEBUG Engine               - class com.almasb.fxgl.audio.AudioPlayer
12:21:39.670 [FXGL Background Thread 3 ] DEBUG Engine               - class com.almasb.fxgl.notification.impl.NotificationServiceProvider
12:21:39.670 [FXGL Background Thread 3 ] DEBUG Engine               - class com.almasb.fxgl.achievement.AchievementService
12:21:39.670 [FXGL Background Thread 3 ] DEBUG Engine               - class com.almasb.fxgl.cutscene.CutsceneService
12:21:39.670 [FXGL Background Thread 3 ] DEBUG Engine               - class com.almasb.fxgl.minigames.MiniGameService
12:21:39.670 [FXGL Background Thread 3 ] DEBUG Engine               - class com.almasb.fxgl.net.NetService
12:21:39.670 [FXGL Background Thread 3 ] DEBUG Engine               - class com.almasb.fxgl.app.services.UpdaterService
12:21:39.670 [FXGL Background Thread 3 ] DEBUG Engine               - class com.almasb.fxgl.dev.DevService
12:21:40.716 [JavaFX Application Thread] DEBUG FXGLApplication      - Exiting FXGL
12:21:40.716 [JavaFX Application Thread] DEBUG Async                - Shutting down background threads
12:21:40.717 [JavaFX Application Thread] DEBUG PrimaryStageWindow   - Closing main window
12:21:40.725 [JavaFX Application Thread] DEBUG Logger               - Closing Logger
