03:01:58.745 [main                     ] DEBUG Logger               - Configured Logger
03:01:58.777 [main                     ] DEBUG GameApplication      - Logging settings
Title: Clicky Cooker
Version: 0.0
Width: 800
Height: 500
Fullscreen: false
Intro: false
Profiling: false
Single step:false
App Mode: DEVELOPER
Menu Key: ESCAPE
Stage Style: DECORATED
Scene Factory: class com.almasb.fxgl.app.scene.SceneFactory

03:01:59.431 [JavaFX Application Thread] DEBUG FXGLApplication      - Initializing FXGL
03:01:59.437 [JavaFX Application Thread] INFO  Engine               - FXGL-17.2 (20.08.2022 16.50) on WINDOWS (J:19 FX:19-ea)
03:01:59.437 [JavaFX Application Thread] DEBUG Engine               - JRE Vendor Name: Oracle Corporation
03:01:59.437 [JavaFX Application Thread] DEBUG Engine               - Running on OS: Windows 10 version 10.0
03:01:59.438 [JavaFX Application Thread] DEBUG Engine               - Architecture: amd64
03:01:59.438 [JavaFX Application Thread] INFO  Engine               - Source code and latest versions at: https://github.com/AlmasB/FXGL
03:01:59.438 [JavaFX Application Thread] INFO  Engine               -       Ask questions and discuss at: https://github.com/AlmasB/FXGL/discussions
03:01:59.438 [JavaFX Application Thread] INFO  Engine               -              Join the FXGL chat at: https://gitter.im/AlmasB/FXGL
03:01:59.620 [JavaFX Application Thread] DEBUG PrimaryStageWindow   - Creating a JavaFX scene
03:01:59.690 [JavaFX Application Thread] DEBUG PrimaryStageWindow   - Target settings size: 800.0 x 500.0
03:01:59.691 [JavaFX Application Thread] DEBUG PrimaryStageWindow   - Scaled scene size:    800.0 x 500.0
03:01:59.691 [JavaFX Application Thread] DEBUG PrimaryStageWindow   - Scaled ratio: (1.0, 1.0)
03:01:59.692 [JavaFX Application Thread] DEBUG PrimaryStageWindow   - Set initial scene to FXGLStartupScene
03:01:59.703 [JavaFX Application Thread] DEBUG PrimaryStageWindow   - Opening main window
03:01:59.817 [JavaFX Application Thread] DEBUG PrimaryStageWindow   - Window border size: (16.0, 39.0)
03:01:59.817 [JavaFX Application Thread] DEBUG PrimaryStageWindow   - Scaled size: 800.0 x 500.0
03:01:59.817 [JavaFX Application Thread] DEBUG PrimaryStageWindow   - Scaled ratio: (1.0, 1.0)
03:01:59.818 [JavaFX Application Thread] DEBUG PrimaryStageWindow   - Scene size: 800.0 x 500.0
03:01:59.818 [JavaFX Application Thread] DEBUG PrimaryStageWindow   - Stage size: 816.0 x 539.0
03:01:59.828 [FXGL Background Thread 1 ] DEBUG Engine               - Initializing environment variables
03:01:59.898 [FXGL Background Thread 1 ] DEBUG FXGLAssetLoaderServi - User app class for loading assets: class com.example.clickycooker.App
03:01:59.899 [FXGL Background Thread 1 ] DEBUG GameApplicationServi - Applying CSS: fxgl_dark.css
03:01:59.900 [FXGL Background Thread 1 ] DEBUG FXGLAssetLoaderServi - Loading from file system: jar:file:/C:/Users/Deus/.m2/repository/com/github/almasb/fxgl/17.2/fxgl-17.2.jar!/fxglassets/ui/css/fxgl_dark.css
03:01:59.961 [FXGL Background Thread 1 ] DEBUG GameApplicationServi - Initializing application scenes
03:02:00.054 [FXGL Background Thread 1 ] DEBUG GameWorld            - Game world initialized
03:02:00.128 [FXGL Background Thread 1 ] DEBUG PhysicsWorld         - Physics world initialized: appHeight=500, physics.ppm=50.0
03:02:00.129 [FXGL Background Thread 1 ] DEBUG PhysicsWorld         - Using strategy: BRUTE_FORCE
03:02:00.133 [FXGL Background Thread 1 ] DEBUG GameScene            - Game scene initialized: 800x500
03:02:00.150 [FXGL Background Thread 1 ] WARN  FXGL.DefaultMenu     - FXGLDefaultMenu is not designed for resolutions < 800x600
03:02:00.150 [FXGL Background Thread 1 ] DEBUG FXGL.DefaultMenu     - createMenuBodyGameMenu()
03:02:00.183 [FXGL Background Thread 1 ] DEBUG FXGL.DefaultMenu     - createOptionsMenu()
03:02:00.206 [FXGL Background Thread 1 ] DEBUG FXGLAssetLoaderServi - Loading from file system: jar:file:/C:/Users/Deus/.m2/repository/com/github/almasb/fxgl/17.2/fxgl-17.2.jar!/fxglassets/textures/particles/smoke.png
03:02:00.345 [FXGL Background Thread 1 ] DEBUG FXGLAssetLoaderServi - Loading from file system: jar:file:/C:/Users/Deus/.m2/repository/com/github/almasb/fxgl/17.2/fxgl-17.2.jar!/fxglassets/textures/particles/trace_horizontal.png
03:02:00.377 [FXGL Background Thread 1 ] DEBUG GameApplicationServi - Application scenes initialized
03:02:00.397 [FXGL Background Thread 1 ] DEBUG SystemBundleService  - Loading FXGL system data
03:02:00.402 [FXGL Background Thread 1 ] DEBUG FileSystemAccess     - Reading from: C:\Users\Deus\Documents\GitHub\ClickyCooker\system\fxgl.bundle
03:02:00.427 [FXGL Background Thread 1 ] DEBUG SystemBundleService  - Bundle FXGL: {}
03:02:00.428 [FXGL Background Thread 1 ] DEBUG UpdaterService       - Checking for updates
03:02:00.435 [FXGL Background Thread 1 ] DEBUG FXGLApplication      - Loading default localization
03:02:00.436 [FXGL Background Thread 1 ] DEBUG FXGLAssetLoaderServi - Loading from file system: jar:file:/C:/Users/Deus/.m2/repository/com/github/almasb/fxgl/17.2/fxgl-17.2.jar!/fxglassets/languages/english.lang
03:02:00.444 [FXGL Background Thread 4 ] DEBUG FXGLApplication      - Loading fonts
03:02:00.445 [FXGL Background Thread 4 ] DEBUG FXGLAssetLoaderServi - Loading from file system: jar:file:/C:/Users/Deus/.m2/repository/com/github/almasb/fxgl/17.2/fxgl-17.2.jar!/fxglassets/ui/fonts/VarelaRound-Regular.ttf
03:02:00.473 [FXGL Background Thread 1 ] INFO  FXGLApplication      - FXGL initialization took: 0.645 sec
03:02:00.475 [JavaFX Application Thread] DEBUG FXGLAssetLoaderServi - Loading from file system: jar:file:/C:/Users/Deus/.m2/repository/com/github/almasb/fxgl/17.2/fxgl-17.2.jar!/fxglassets/textures/fxgl_icon.png
03:02:00.505 [JavaFX Application Thread] DEBUG FXGLAssetLoaderServi - Loading from file system: file:/C:/Users/Deus/Documents/GitHub/ClickyCooker/target/classes/assets/textures/cursor.png
03:02:00.539 [JavaFX Application Thread] DEBUG Input                - Registered new binding: Screenshot - CTRL+8
03:02:00.540 [JavaFX Application Thread] DEBUG Input                - Registered new binding: System info dump - CTRL+9
03:02:00.540 [JavaFX Application Thread] DEBUG Input                - Registered new binding: Restart - CTRL+R
03:02:00.542 [JavaFX Application Thread] DEBUG Input                - Registered new binding: Toggle Debug Camera - CTRL+7
03:02:00.547 [JavaFX Application Thread] DEBUG LoopRunner           - Starting loop
03:02:00.547 [JavaFX Application Thread] DEBUG LoopRunner           - Initializing JavaFX AnimationTimerLoop
03:02:00.551 [JavaFX Application Thread] DEBUG GameApplicationServi - Starting new game
03:02:00.552 [JavaFX Application Thread] DEBUG Input                - Clearing active input actions
03:02:00.565 [JavaFX Application Thread] DEBUG GameApplicationServi - Removing overlay from FXGLStartupScene and adding to FXGLLoadingScene
03:02:00.565 [JavaFX Application Thread] DEBUG PrimaryStageWindow   - FXGLStartupScene -> FXGLLoadingScene
03:02:00.566 [JavaFX Application Thread] DEBUG GameApplicationServi - Clearing previous game
03:02:00.566 [JavaFX Application Thread] DEBUG GameScene            - Clearing game scene
03:02:00.566 [JavaFX Application Thread] DEBUG GameWorld            - Clearing game world
03:02:00.566 [JavaFX Application Thread] DEBUG PhysicsWorld         - Clearing physics world
03:02:00.568 [FXGL Background Thread 1 ] DEBUG FXGLApplication      - Initializing game
03:02:00.735 [FXGL Background Thread 1 ] INFO  FXGLApplication      - Game initialization took: 0.167 sec
03:02:00.743 [JavaFX Application Thread] DEBUG Input                - Clearing active input actions
03:02:00.756 [JavaFX Application Thread] DEBUG GameApplicationServi - Removing overlay from FXGLLoadingScene and adding to GameScene
03:02:00.756 [JavaFX Application Thread] DEBUG PrimaryStageWindow   - FXGLLoadingScene -> GameScene
03:02:00.890 [FXGL Background Thread 4 ] DEBUG FXGLAssetLoaderServi - Loading from file system: jar:file:/C:/Users/Deus/.m2/repository/com/github/almasb/fxgl/17.2/fxgl-17.2.jar!/fxglassets/ui/fonts/Abel-Regular.ttf
03:02:00.926 [FXGL Background Thread 4 ] DEBUG FXGLAssetLoaderServi - Loading from file system: jar:file:/C:/Users/Deus/.m2/repository/com/github/almasb/fxgl/17.2/fxgl-17.2.jar!/fxglassets/ui/fonts/TerminalLandMono-Regular.otf
03:02:00.937 [FXGL Background Thread 4 ] DEBUG FXGLAssetLoaderServi - Loading from file system: jar:file:/C:/Users/Deus/.m2/repository/com/github/almasb/fxgl/17.2/fxgl-17.2.jar!/fxglassets/ui/fonts/Courier-Prime.ttf
03:02:00.950 [JavaFX Application Thread] DEBUG FXGLApplication      - Registering font factories with UI factory
03:02:03.432 [FXGL Background Thread 3 ] DEBUG Engine               - Logging environment variables
03:02:03.433 [FXGL Background Thread 3 ] DEBUG Engine               - achievements: []
03:02:03.433 [FXGL Background Thread 3 ] DEBUG Engine               - actualHeight: 500.0
03:02:03.433 [FXGL Background Thread 3 ] DEBUG Engine               - actualHeightProperty: ReadOnlyDoubleProperty [value: 500.0]
03:02:03.434 [FXGL Background Thread 3 ] DEBUG Engine               - actualWidth: 800.0
03:02:03.434 [FXGL Background Thread 3 ] DEBUG Engine               - actualWidthProperty: ReadOnlyDoubleProperty [value: 800.0]
03:02:03.434 [FXGL Background Thread 3 ] DEBUG Engine               - appIcon: fxgl_icon.png
03:02:03.434 [FXGL Background Thread 3 ] DEBUG Engine               - applicationMode: DEVELOPER
03:02:03.434 [FXGL Background Thread 3 ] DEBUG Engine               - cSSList: [fxgl_dark.css]
03:02:03.434 [FXGL Background Thread 3 ] DEBUG Engine               - collisionDetectionStrategy: BRUTE_FORCE
03:02:03.435 [FXGL Background Thread 3 ] DEBUG Engine               - configClass: Optional.empty
03:02:03.435 [FXGL Background Thread 3 ] DEBUG Engine               - credits: []
03:02:03.436 [FXGL Background Thread 3 ] DEBUG Engine               - defaultCursor: CursorInfo(imageName=cursor.png, hotspotX=20.0, hotspotY=20.0)
03:02:03.436 [FXGL Background Thread 3 ] DEBUG Engine               - devBBoxColorProperty: ObjectProperty [value: 0xff0000ff]
03:02:03.436 [FXGL Background Thread 3 ] DEBUG Engine               - devEnableDebugCameraProperty: BooleanProperty [value: false]
03:02:03.436 [FXGL Background Thread 3 ] DEBUG Engine               - devSensorColorProperty: ObjectProperty [value: 0xffff00ff]
03:02:03.437 [FXGL Background Thread 3 ] DEBUG Engine               - devShowBBoxProperty: BooleanProperty [value: false]
03:02:03.437 [FXGL Background Thread 3 ] DEBUG Engine               - devShowPositionProperty: BooleanProperty [value: false]
03:02:03.437 [FXGL Background Thread 3 ] DEBUG Engine               - enabledMenuItems: []
03:02:03.437 [FXGL Background Thread 3 ] DEBUG Engine               - engineServices: [class com.almasb.fxgl.app.services.FXGLAssetLoaderService, class com.almasb.fxgl.app.FXGLApplication$GameApplicationService, class com.almasb.fxgl.app.services.FXGLDialogService, class com.almasb.fxgl.app.services.IOTaskExecutorService, class com.almasb.fxgl.io.FileSystemService, class com.almasb.fxgl.localization.LocalizationService, class com.almasb.fxgl.app.services.SystemBundleService, class com.almasb.fxgl.profile.SaveLoadService, class com.almasb.fxgl.ui.FXGLUIFactoryServiceProvider, class com.almasb.fxgl.ui.FXGLDialogFactoryServiceProvider, class com.almasb.fxgl.audio.AudioPlayer, class com.almasb.fxgl.notification.impl.NotificationServiceProvider, class com.almasb.fxgl.achievement.AchievementService, class com.almasb.fxgl.cutscene.CutsceneService, class com.almasb.fxgl.minigames.MiniGameService, class com.almasb.fxgl.net.NetService, class com.almasb.fxgl.app.services.UpdaterService, class com.almasb.fxgl.dev.DevService]
03:02:03.437 [FXGL Background Thread 3 ] DEBUG Engine               - fontGame: Abel-Regular.ttf
03:02:03.438 [FXGL Background Thread 3 ] DEBUG Engine               - fontMono: TerminalLandMono-Regular.otf
03:02:03.438 [FXGL Background Thread 3 ] DEBUG Engine               - fontText: Courier-Prime.ttf
03:02:03.438 [FXGL Background Thread 3 ] DEBUG Engine               - fontUI: VarelaRound-Regular.ttf
03:02:03.438 [FXGL Background Thread 3 ] DEBUG Engine               - fullScreen: BooleanProperty [value: false]
03:02:03.438 [FXGL Background Thread 3 ] DEBUG Engine               - gameDifficulty: MEDIUM
03:02:03.439 [FXGL Background Thread 3 ] DEBUG Engine               - gameDifficultyProperty: ObjectProperty [value: MEDIUM]
03:02:03.439 [FXGL Background Thread 3 ] DEBUG Engine               - globalMusicVolume: 0.5
03:02:03.439 [FXGL Background Thread 3 ] DEBUG Engine               - globalMusicVolumeProperty: DoubleProperty [value: 0.5]
03:02:03.439 [FXGL Background Thread 3 ] DEBUG Engine               - globalSoundVolume: 0.5
03:02:03.440 [FXGL Background Thread 3 ] DEBUG Engine               - globalSoundVolumeProperty: DoubleProperty [value: 0.5]
03:02:03.440 [FXGL Background Thread 3 ] DEBUG Engine               - height: 500
03:02:03.440 [FXGL Background Thread 3 ] DEBUG Engine               - is3D: false
03:02:03.440 [FXGL Background Thread 3 ] DEBUG Engine               - isAndroid: false
03:02:03.440 [FXGL Background Thread 3 ] DEBUG Engine               - isBrowser: false
03:02:03.440 [FXGL Background Thread 3 ] DEBUG Engine               - isClickFeedbackEnabled: false
03:02:03.441 [FXGL Background Thread 3 ] DEBUG Engine               - isCloseConfirmation: false
03:02:03.441 [FXGL Background Thread 3 ] DEBUG Engine               - isDesktop: true
03:02:03.441 [FXGL Background Thread 3 ] DEBUG Engine               - isDeveloperMenuEnabled: false
03:02:03.441 [FXGL Background Thread 3 ] DEBUG Engine               - isEmbedded: false
03:02:03.441 [FXGL Background Thread 3 ] DEBUG Engine               - isEntityPreloadEnabled: true
03:02:03.441 [FXGL Background Thread 3 ] DEBUG Engine               - isExperimentalTiledLargeMap: false
03:02:03.442 [FXGL Background Thread 3 ] DEBUG Engine               - isFileSystemWriteAllowed: true
03:02:03.442 [FXGL Background Thread 3 ] DEBUG Engine               - isFullScreenAllowed: false
03:02:03.442 [FXGL Background Thread 3 ] DEBUG Engine               - isFullScreenFromStart: false
03:02:03.442 [FXGL Background Thread 3 ] DEBUG Engine               - isGameMenuEnabled: true
03:02:03.442 [FXGL Background Thread 3 ] DEBUG Engine               - isIOS: false
03:02:03.442 [FXGL Background Thread 3 ] DEBUG Engine               - isIntroEnabled: false
03:02:03.442 [FXGL Background Thread 3 ] DEBUG Engine               - isLinux: false
03:02:03.442 [FXGL Background Thread 3 ] DEBUG Engine               - isMac: false
03:02:03.442 [FXGL Background Thread 3 ] DEBUG Engine               - isMainMenuEnabled: false
03:02:03.443 [FXGL Background Thread 3 ] DEBUG Engine               - isManualResizeEnabled: false
03:02:03.443 [FXGL Background Thread 3 ] DEBUG Engine               - isMobile: false
03:02:03.443 [FXGL Background Thread 3 ] DEBUG Engine               - isNative: false
03:02:03.443 [FXGL Background Thread 3 ] DEBUG Engine               - isPauseMusicWhenMinimized: true
03:02:03.443 [FXGL Background Thread 3 ] DEBUG Engine               - isPreserveResizeRatio: false
03:02:03.443 [FXGL Background Thread 3 ] DEBUG Engine               - isProfilingEnabled: false
03:02:03.443 [FXGL Background Thread 3 ] DEBUG Engine               - isScaleAffectedOnResize: true
03:02:03.443 [FXGL Background Thread 3 ] DEBUG Engine               - isSingleStep: false
03:02:03.443 [FXGL Background Thread 3 ] DEBUG Engine               - isUserProfileEnabled: false
03:02:03.443 [FXGL Background Thread 3 ] DEBUG Engine               - isWindows: true
03:02:03.444 [FXGL Background Thread 3 ] DEBUG Engine               - language: ObjectProperty [value: ENGLISH]
03:02:03.444 [FXGL Background Thread 3 ] DEBUG Engine               - menuKey: ESCAPE
03:02:03.444 [FXGL Background Thread 3 ] DEBUG Engine               - mouseSensitivity: 0.2
03:02:03.444 [FXGL Background Thread 3 ] DEBUG Engine               - notificationViewClass: class com.almasb.fxgl.notification.view.XboxNotificationView
03:02:03.444 [FXGL Background Thread 3 ] DEBUG Engine               - pixelsPerMeter: 50.0
03:02:03.444 [FXGL Background Thread 3 ] DEBUG Engine               - platform: WINDOWS
03:02:03.444 [FXGL Background Thread 3 ] DEBUG Engine               - prefHeightProperty: ReadOnlyDoubleProperty [value: 500.0]
03:02:03.444 [FXGL Background Thread 3 ] DEBUG Engine               - prefWidthProperty: ReadOnlyDoubleProperty [value: 800.0]
03:02:03.444 [FXGL Background Thread 3 ] DEBUG Engine               - profileDir: profiles/
03:02:03.444 [FXGL Background Thread 3 ] DEBUG Engine               - profileName: StringProperty [value: DEFAULT]
03:02:03.444 [FXGL Background Thread 3 ] DEBUG Engine               - randomSeed: -1
03:02:03.445 [FXGL Background Thread 3 ] DEBUG Engine               - runtimeInfo: RuntimeInfo(platform=WINDOWS, version=17.2, build=20.08.2022 16.50)
03:02:03.445 [FXGL Background Thread 3 ] DEBUG Engine               - saveFileExt: sav
03:02:03.445 [FXGL Background Thread 3 ] DEBUG Engine               - scaledHeightProp$fxgl: DoubleProperty [bound, value: 500.0]
03:02:03.445 [FXGL Background Thread 3 ] DEBUG Engine               - scaledWidthProp$fxgl: DoubleProperty [bound, value: 800.0]
03:02:03.445 [FXGL Background Thread 3 ] DEBUG Engine               - sceneFactory: com.almasb.fxgl.app.scene.SceneFactory@2a9e862e
03:02:03.445 [FXGL Background Thread 3 ] DEBUG Engine               - secondsIn24h: 60
03:02:03.445 [FXGL Background Thread 3 ] DEBUG Engine               - soundMenuBack: menu/back.wav
03:02:03.445 [FXGL Background Thread 3 ] DEBUG Engine               - soundMenuPress: menu/press.wav
03:02:03.445 [FXGL Background Thread 3 ] DEBUG Engine               - soundMenuSelect: menu/select.wav
03:02:03.445 [FXGL Background Thread 3 ] DEBUG Engine               - soundNotification: core/notification.wav
03:02:03.445 [FXGL Background Thread 3 ] DEBUG Engine               - stageStyle: DECORATED
03:02:03.446 [FXGL Background Thread 3 ] DEBUG Engine               - supportedLanguages: [ENGLISH, FRENCH, GERMAN, HUNGARIAN, RUSSIAN]
03:02:03.446 [FXGL Background Thread 3 ] DEBUG Engine               - ticksPerSecond: -1
03:02:03.446 [FXGL Background Thread 3 ] DEBUG Engine               - title: Clicky Cooker
03:02:03.446 [FXGL Background Thread 3 ] DEBUG Engine               - urlGithub: https://github.com/AlmasB/FXGL
03:02:03.446 [FXGL Background Thread 3 ] DEBUG Engine               - urlLeaderboard: http://fxgl-top.herokuapp.com/
03:02:03.446 [FXGL Background Thread 3 ] DEBUG Engine               - urlPOM: https://raw.githubusercontent.com/AlmasB/FXGL/release/README.md
03:02:03.446 [FXGL Background Thread 3 ] DEBUG Engine               - userAppClass: class com.example.clickycooker.App
03:02:03.446 [FXGL Background Thread 3 ] DEBUG Engine               - version: 0.0
03:02:03.447 [FXGL Background Thread 3 ] DEBUG Engine               - versionCheckDays: 7
03:02:03.447 [FXGL Background Thread 3 ] DEBUG Engine               - width: 800
03:02:03.447 [FXGL Background Thread 3 ] DEBUG Engine               - Logging services
03:02:03.447 [FXGL Background Thread 3 ] DEBUG Engine               - class com.almasb.fxgl.app.services.FXGLAssetLoaderService
03:02:03.447 [FXGL Background Thread 3 ] DEBUG Engine               - class com.almasb.fxgl.app.FXGLApplication$GameApplicationService
03:02:03.447 [FXGL Background Thread 3 ] DEBUG Engine               - class com.almasb.fxgl.app.services.FXGLDialogService
03:02:03.447 [FXGL Background Thread 3 ] DEBUG Engine               - class com.almasb.fxgl.app.services.IOTaskExecutorService
03:02:03.447 [FXGL Background Thread 3 ] DEBUG Engine               - class com.almasb.fxgl.io.FileSystemService
03:02:03.447 [FXGL Background Thread 3 ] DEBUG Engine               - class com.almasb.fxgl.localization.LocalizationService
03:02:03.447 [FXGL Background Thread 3 ] DEBUG Engine               - class com.almasb.fxgl.app.services.SystemBundleService
03:02:03.447 [FXGL Background Thread 3 ] DEBUG Engine               - class com.almasb.fxgl.profile.SaveLoadService
03:02:03.447 [FXGL Background Thread 3 ] DEBUG Engine               - class com.almasb.fxgl.ui.FXGLUIFactoryServiceProvider
03:02:03.447 [FXGL Background Thread 3 ] DEBUG Engine               - class com.almasb.fxgl.ui.FXGLDialogFactoryServiceProvider
03:02:03.448 [FXGL Background Thread 3 ] DEBUG Engine               - class com.almasb.fxgl.audio.AudioPlayer
03:02:03.448 [FXGL Background Thread 3 ] DEBUG Engine               - class com.almasb.fxgl.notification.impl.NotificationServiceProvider
03:02:03.448 [FXGL Background Thread 3 ] DEBUG Engine               - class com.almasb.fxgl.achievement.AchievementService
03:02:03.448 [FXGL Background Thread 3 ] DEBUG Engine               - class com.almasb.fxgl.cutscene.CutsceneService
03:02:03.448 [FXGL Background Thread 3 ] DEBUG Engine               - class com.almasb.fxgl.minigames.MiniGameService
03:02:03.448 [FXGL Background Thread 3 ] DEBUG Engine               - class com.almasb.fxgl.net.NetService
03:02:03.448 [FXGL Background Thread 3 ] DEBUG Engine               - class com.almasb.fxgl.app.services.UpdaterService
03:02:03.448 [FXGL Background Thread 3 ] DEBUG Engine               - class com.almasb.fxgl.dev.DevService
03:02:15.015 [JavaFX Application Thread] DEBUG FXGLApplication      - Exiting FXGL
03:02:15.016 [JavaFX Application Thread] DEBUG LoopRunner           - Stopping loop
03:02:15.016 [JavaFX Application Thread] DEBUG SystemBundleService  - Saving FXGL system data
03:02:15.018 [JavaFX Application Thread] DEBUG FileSystemAccess     - Writing to: C:\Users\Deus\Documents\GitHub\ClickyCooker\system\fxgl.bundle
03:02:15.021 [JavaFX Application Thread] DEBUG Async                - Shutting down background threads
03:02:15.021 [JavaFX Application Thread] DEBUG PrimaryStageWindow   - Closing main window
03:02:15.033 [JavaFX Application Thread] DEBUG Logger               - Closing Logger
