11:43:16.764 [main                     ] DEBUG Logger               - Configured Logger
11:43:16.804 [main                     ] DEBUG GameApplication      - Logging settings
Title: Clicky Cooker
Version: 0.0
Width: 800
Height: 500
Fullscreen: false
Intro: false
Profiling: false
Single step:false
App Mode: DEVELOPER
Menu Key: ESCAPE
Stage Style: DECORATED
Scene Factory: class com.almasb.fxgl.app.scene.SceneFactory

11:43:17.571 [JavaFX Application Thread] DEBUG FXGLApplication      - Initializing FXGL
11:43:17.579 [JavaFX Application Thread] INFO  Engine               - FXGL-17.2 (20.08.2022 16.50) on WINDOWS (J:19.0.1 FX:19-ea)
11:43:17.580 [JavaFX Application Thread] DEBUG Engine               - JRE Vendor Name: Oracle Corporation
11:43:17.580 [JavaFX Application Thread] DEBUG Engine               - Running on OS: Windows 10 version 10.0
11:43:17.580 [JavaFX Application Thread] DEBUG Engine               - Architecture: amd64
11:43:17.580 [JavaFX Application Thread] INFO  Engine               - Source code and latest versions at: https://github.com/AlmasB/FXGL
11:43:17.581 [JavaFX Application Thread] INFO  Engine               -       Ask questions and discuss at: https://github.com/AlmasB/FXGL/discussions
11:43:17.581 [JavaFX Application Thread] INFO  Engine               -              Join the FXGL chat at: https://gitter.im/AlmasB/FXGL
11:43:17.821 [JavaFX Application Thread] DEBUG PrimaryStageWindow   - Creating a JavaFX scene
11:43:17.924 [JavaFX Application Thread] DEBUG PrimaryStageWindow   - Target settings size: 800.0 x 500.0
11:43:17.925 [JavaFX Application Thread] DEBUG PrimaryStageWindow   - Scaled scene size:    800.0 x 500.0
11:43:17.925 [JavaFX Application Thread] DEBUG PrimaryStageWindow   - Scaled ratio: (1.0, 1.0)
11:43:17.927 [JavaFX Application Thread] DEBUG PrimaryStageWindow   - Set initial scene to FXGLStartupScene
11:43:17.944 [JavaFX Application Thread] DEBUG PrimaryStageWindow   - Opening main window
11:43:18.091 [JavaFX Application Thread] DEBUG PrimaryStageWindow   - Window border size: (14.66668701171875, 37.33331298828125)
11:43:18.091 [JavaFX Application Thread] DEBUG PrimaryStageWindow   - Scaled size: 800.0 x 500.0
11:43:18.092 [JavaFX Application Thread] DEBUG PrimaryStageWindow   - Scaled ratio: (1.0, 1.0)
11:43:18.092 [JavaFX Application Thread] DEBUG PrimaryStageWindow   - Scene size: 800.0 x 500.0
11:43:18.092 [JavaFX Application Thread] DEBUG PrimaryStageWindow   - Stage size: 814.6666870117188 x 537.3333129882812
11:43:18.111 [FXGL Background Thread 1 ] DEBUG Engine               - Initializing environment variables
11:43:18.211 [FXGL Background Thread 1 ] DEBUG FXGLAssetLoaderServi - User app class for loading assets: class com.example.clickycooker.App
11:43:18.212 [FXGL Background Thread 1 ] DEBUG GameApplicationServi - Applying CSS: fxgl_dark.css
11:43:18.214 [FXGL Background Thread 1 ] DEBUG FXGLAssetLoaderServi - Loading from file system: jar:file:/C:/Users/trist/.m2/repository/com/github/almasb/fxgl/17.2/fxgl-17.2.jar!/fxglassets/ui/css/fxgl_dark.css
11:43:18.293 [FXGL Background Thread 1 ] DEBUG GameApplicationServi - Initializing application scenes
11:43:18.405 [FXGL Background Thread 1 ] DEBUG GameWorld            - Game world initialized
11:43:18.516 [FXGL Background Thread 1 ] DEBUG PhysicsWorld         - Physics world initialized: appHeight=500, physics.ppm=50.0
11:43:18.517 [FXGL Background Thread 1 ] DEBUG PhysicsWorld         - Using strategy: BRUTE_FORCE
11:43:18.523 [FXGL Background Thread 1 ] DEBUG GameScene            - Game scene initialized: 800x500
11:43:18.545 [FXGL Background Thread 1 ] WARN  FXGL.DefaultMenu     - FXGLDefaultMenu is not designed for resolutions < 800x600
11:43:18.546 [FXGL Background Thread 1 ] DEBUG FXGL.DefaultMenu     - createMenuBodyGameMenu()
11:43:18.582 [FXGL Background Thread 1 ] DEBUG FXGL.DefaultMenu     - createOptionsMenu()
11:43:18.608 [FXGL Background Thread 1 ] DEBUG FXGLAssetLoaderServi - Loading from file system: jar:file:/C:/Users/trist/.m2/repository/com/github/almasb/fxgl/17.2/fxgl-17.2.jar!/fxglassets/textures/particles/smoke.png
11:43:18.801 [FXGL Background Thread 1 ] DEBUG FXGLAssetLoaderServi - Loading from file system: jar:file:/C:/Users/trist/.m2/repository/com/github/almasb/fxgl/17.2/fxgl-17.2.jar!/fxglassets/textures/particles/trace_horizontal.png
11:43:18.842 [FXGL Background Thread 1 ] DEBUG GameApplicationServi - Application scenes initialized
11:43:18.877 [FXGL Background Thread 1 ] DEBUG SystemBundleService  - Loading FXGL system data
11:43:18.890 [FXGL Background Thread 1 ] DEBUG FileSystemAccess     - Reading from: C:\Users\trist\Desktop\Clicky Cooker\system\fxgl.bundle
11:43:18.911 [FXGL Background Thread 1 ] DEBUG SystemBundleService  - Bundle FXGL: {}
11:43:18.911 [FXGL Background Thread 1 ] DEBUG UpdaterService       - Checking for updates
11:43:18.920 [FXGL Background Thread 1 ] DEBUG FXGLApplication      - Loading default localization
11:43:18.921 [FXGL Background Thread 1 ] DEBUG FXGLAssetLoaderServi - Loading from file system: jar:file:/C:/Users/trist/.m2/repository/com/github/almasb/fxgl/17.2/fxgl-17.2.jar!/fxglassets/languages/english.lang
11:43:18.937 [FXGL Background Thread 4 ] DEBUG FXGLApplication      - Loading fonts
11:43:18.938 [FXGL Background Thread 4 ] DEBUG FXGLAssetLoaderServi - Loading from file system: jar:file:/C:/Users/trist/.m2/repository/com/github/almasb/fxgl/17.2/fxgl-17.2.jar!/fxglassets/ui/fonts/VarelaRound-Regular.ttf
11:43:18.959 [FXGL Background Thread 1 ] INFO  FXGLApplication      - FXGL initialization took: 0.848 sec
11:43:18.962 [JavaFX Application Thread] DEBUG FXGLAssetLoaderServi - Loading from file system: jar:file:/C:/Users/trist/.m2/repository/com/github/almasb/fxgl/17.2/fxgl-17.2.jar!/fxglassets/textures/fxgl_icon.png
11:43:18.993 [JavaFX Application Thread] DEBUG FXGLAssetLoaderServi - Loading from file system: file:/C:/Users/trist/Desktop/Clicky%20Cooker/target/classes/assets/textures/cursor.png
11:43:19.032 [JavaFX Application Thread] DEBUG Input                - Registered new binding: Screenshot - CTRL+8
11:43:19.034 [JavaFX Application Thread] DEBUG Input                - Registered new binding: System info dump - CTRL+9
11:43:19.036 [JavaFX Application Thread] DEBUG Input                - Registered new binding: Restart - CTRL+R
11:43:19.066 [JavaFX Application Thread] DEBUG Input                - Registered new binding: Toggle Debug Camera - CTRL+7
11:43:19.069 [JavaFX Application Thread] DEBUG LoopRunner           - Starting loop
11:43:19.069 [JavaFX Application Thread] DEBUG LoopRunner           - Initializing JavaFX AnimationTimerLoop
11:43:19.072 [JavaFX Application Thread] DEBUG GameApplicationServi - Starting new game
11:43:19.073 [JavaFX Application Thread] DEBUG Input                - Clearing active input actions
11:43:19.100 [JavaFX Application Thread] DEBUG GameApplicationServi - Removing overlay from FXGLStartupScene and adding to FXGLLoadingScene
11:43:19.101 [JavaFX Application Thread] DEBUG PrimaryStageWindow   - FXGLStartupScene -> FXGLLoadingScene
11:43:19.101 [JavaFX Application Thread] DEBUG GameApplicationServi - Clearing previous game
11:43:19.101 [JavaFX Application Thread] DEBUG GameScene            - Clearing game scene
11:43:19.101 [JavaFX Application Thread] DEBUG GameWorld            - Clearing game world
11:43:19.101 [JavaFX Application Thread] DEBUG PhysicsWorld         - Clearing physics world
11:43:19.104 [FXGL Background Thread 1 ] DEBUG FXGLApplication      - Initializing game
11:43:19.221 [FXGL Background Thread 1 ] INFO  FXGLApplication      - Game initialization took: 0.117 sec
11:43:19.359 [JavaFX Application Thread] DEBUG Input                - Clearing active input actions
11:43:19.393 [JavaFX Application Thread] DEBUG GameApplicationServi - Removing overlay from FXGLLoadingScene and adding to GameScene
11:43:19.394 [JavaFX Application Thread] DEBUG PrimaryStageWindow   - FXGLLoadingScene -> GameScene
11:43:19.504 [FXGL Background Thread 4 ] DEBUG FXGLAssetLoaderServi - Loading from file system: jar:file:/C:/Users/trist/.m2/repository/com/github/almasb/fxgl/17.2/fxgl-17.2.jar!/fxglassets/ui/fonts/Abel-Regular.ttf
11:43:19.517 [FXGL Background Thread 4 ] DEBUG FXGLAssetLoaderServi - Loading from file system: jar:file:/C:/Users/trist/.m2/repository/com/github/almasb/fxgl/17.2/fxgl-17.2.jar!/fxglassets/ui/fonts/TerminalLandMono-Regular.otf
11:43:19.532 [FXGL Background Thread 4 ] DEBUG FXGLAssetLoaderServi - Loading from file system: jar:file:/C:/Users/trist/.m2/repository/com/github/almasb/fxgl/17.2/fxgl-17.2.jar!/fxglassets/ui/fonts/Courier-Prime.ttf
11:43:19.549 [JavaFX Application Thread] DEBUG FXGLApplication      - Registering font factories with UI factory
11:43:21.607 [JavaFX Application Thread] DEBUG LoopRunner           - Stopping loop
11:43:21.609 [JavaFX Application Thread] FATAL FXGLApplication      - Uncaught Exception:
java.lang.RuntimeException: Rotate.pivotX : A bound value cannot be set.
	at javafx.beans.property.DoublePropertyBase.set(DoublePropertyBase.java:144)
	at javafx.scene.transform.Rotate.setPivotX(Rotate.java:208)
	at com.example.clickycooker.Upgradeable.createClone(Upgradeable.java:75)
	at com.example.clickycooker.Upgradeable.spawn(Upgradeable.java:119)
	at com.example.clickycooker.GameManager.buy(GameManager.java:170)
	at com.example.clickycooker.GameManager.lambda$createShop$1(GameManager.java:150)
	at com.sun.javafx.event.CompositeEventHandler.dispatchBubblingEvent(CompositeEventHandler.java:86)
	at com.sun.javafx.event.EventHandlerManager.dispatchBubblingEvent(EventHandlerManager.java:234)
	at com.sun.javafx.event.EventHandlerManager.dispatchBubblingEvent(EventHandlerManager.java:191)
	at com.sun.javafx.event.CompositeEventDispatcher.dispatchBubblingEvent(CompositeEventDispatcher.java:59)
	at com.sun.javafx.event.BasicEventDispatcher.dispatchEvent(BasicEventDispatcher.java:58)
	at com.sun.javafx.event.EventDispatchChainImpl.dispatchEvent(EventDispatchChainImpl.java:114)
	at com.sun.javafx.event.BasicEventDispatcher.dispatchEvent(BasicEventDispatcher.java:56)
	at com.sun.javafx.event.EventDispatchChainImpl.dispatchEvent(EventDispatchChainImpl.java:114)
	at com.sun.javafx.event.BasicEventDispatcher.dispatchEvent(BasicEventDispatcher.java:56)
	at com.sun.javafx.event.EventDispatchChainImpl.dispatchEvent(EventDispatchChainImpl.java:114)
	at com.sun.javafx.event.EventUtil.fireEventImpl(EventUtil.java:74)
	at com.sun.javafx.event.EventUtil.fireEvent(EventUtil.java:54)
	at javafx.event.Event.fireEvent(Event.java:198)
	at javafx.scene.Scene$ClickGenerator.postProcess(Scene.java:3586)
	at javafx.scene.Scene$MouseHandler.process(Scene.java:3890)
	at javafx.scene.Scene.processMouseEvent(Scene.java:1874)
	at javafx.scene.Scene$ScenePeerListener.mouseEvent(Scene.java:2607)
	at com.sun.javafx.tk.quantum.GlassViewEventHandler$MouseEventNotification.run(GlassViewEventHandler.java:411)
	at com.sun.javafx.tk.quantum.GlassViewEventHandler$MouseEventNotification.run(GlassViewEventHandler.java:301)
	at java.base/java.security.AccessController.doPrivileged(AccessController.java:399)
	at com.sun.javafx.tk.quantum.GlassViewEventHandler.lambda$handleMouseEvent$2(GlassViewEventHandler.java:450)
	at com.sun.javafx.tk.quantum.QuantumToolkit.runWithoutRenderLock(QuantumToolkit.java:424)
	at com.sun.javafx.tk.quantum.GlassViewEventHandler.handleMouseEvent(GlassViewEventHandler.java:449)
	at com.sun.glass.ui.View.handleMouseEvent(View.java:551)
	at com.sun.glass.ui.View.notifyMouse(View.java:937)
	at com.sun.glass.ui.win.WinApplication._runLoop(Native Method)
	at com.sun.glass.ui.win.WinApplication.lambda$runLoop$3(WinApplication.java:184)
	at java.base/java.lang.Thread.run(Thread.java:1589)

11:43:21.610 [JavaFX Application Thread] FATAL FXGLApplication      - Application will now exit
11:43:21.636 [JavaFX Application Thread] DEBUG PrimaryStageWindow   - Push state: ErrorSubScene
11:43:21.636 [JavaFX Application Thread] DEBUG Input                - Clearing active input actions
11:43:21.643 [JavaFX Application Thread] DEBUG GameApplicationServi - Removing overlay from GameScene and adding to ErrorSubScene
11:43:21.643 [JavaFX Application Thread] DEBUG PrimaryStageWindow   - GameScene -> ErrorSubScene
11:43:21.918 [FXGL Background Thread 3 ] DEBUG Engine               - Logging environment variables
11:43:21.920 [FXGL Background Thread 3 ] DEBUG Engine               - achievements: []
11:43:21.920 [FXGL Background Thread 3 ] DEBUG Engine               - actualHeight: 500.0
11:43:21.920 [FXGL Background Thread 3 ] DEBUG Engine               - actualHeightProperty: ReadOnlyDoubleProperty [value: 500.0]
11:43:21.921 [FXGL Background Thread 3 ] DEBUG Engine               - actualWidth: 800.0
11:43:21.921 [FXGL Background Thread 3 ] DEBUG Engine               - actualWidthProperty: ReadOnlyDoubleProperty [value: 800.0]
11:43:21.921 [FXGL Background Thread 3 ] DEBUG Engine               - appIcon: fxgl_icon.png
11:43:21.921 [FXGL Background Thread 3 ] DEBUG Engine               - applicationMode: DEVELOPER
11:43:21.921 [FXGL Background Thread 3 ] DEBUG Engine               - cSSList: [fxgl_dark.css]
11:43:21.921 [FXGL Background Thread 3 ] DEBUG Engine               - collisionDetectionStrategy: BRUTE_FORCE
11:43:21.921 [FXGL Background Thread 3 ] DEBUG Engine               - configClass: Optional.empty
11:43:21.921 [FXGL Background Thread 3 ] DEBUG Engine               - credits: []
11:43:21.922 [FXGL Background Thread 3 ] DEBUG Engine               - defaultCursor: CursorInfo(imageName=cursor.png, hotspotX=20.0, hotspotY=20.0)
11:43:21.922 [FXGL Background Thread 3 ] DEBUG Engine               - devBBoxColorProperty: ObjectProperty [value: 0xff0000ff]
11:43:21.922 [FXGL Background Thread 3 ] DEBUG Engine               - devEnableDebugCameraProperty: BooleanProperty [value: false]
11:43:21.923 [FXGL Background Thread 3 ] DEBUG Engine               - devSensorColorProperty: ObjectProperty [value: 0xffff00ff]
11:43:21.923 [FXGL Background Thread 3 ] DEBUG Engine               - devShowBBoxProperty: BooleanProperty [value: false]
11:43:21.923 [FXGL Background Thread 3 ] DEBUG Engine               - devShowPositionProperty: BooleanProperty [value: false]
11:43:21.923 [FXGL Background Thread 3 ] DEBUG Engine               - enabledMenuItems: []
11:43:21.923 [FXGL Background Thread 3 ] DEBUG Engine               - engineServices: [class com.almasb.fxgl.app.services.FXGLAssetLoaderService, class com.almasb.fxgl.app.FXGLApplication$GameApplicationService, class com.almasb.fxgl.app.services.FXGLDialogService, class com.almasb.fxgl.app.services.IOTaskExecutorService, class com.almasb.fxgl.io.FileSystemService, class com.almasb.fxgl.localization.LocalizationService, class com.almasb.fxgl.app.services.SystemBundleService, class com.almasb.fxgl.profile.SaveLoadService, class com.almasb.fxgl.ui.FXGLUIFactoryServiceProvider, class com.almasb.fxgl.ui.FXGLDialogFactoryServiceProvider, class com.almasb.fxgl.audio.AudioPlayer, class com.almasb.fxgl.notification.impl.NotificationServiceProvider, class com.almasb.fxgl.achievement.AchievementService, class com.almasb.fxgl.cutscene.CutsceneService, class com.almasb.fxgl.minigames.MiniGameService, class com.almasb.fxgl.net.NetService, class com.almasb.fxgl.app.services.UpdaterService, class com.almasb.fxgl.dev.DevService]
11:43:21.923 [FXGL Background Thread 3 ] DEBUG Engine               - fontGame: Abel-Regular.ttf
11:43:21.923 [FXGL Background Thread 3 ] DEBUG Engine               - fontMono: TerminalLandMono-Regular.otf
11:43:21.923 [FXGL Background Thread 3 ] DEBUG Engine               - fontText: Courier-Prime.ttf
11:43:21.923 [FXGL Background Thread 3 ] DEBUG Engine               - fontUI: VarelaRound-Regular.ttf
11:43:21.923 [FXGL Background Thread 3 ] DEBUG Engine               - fullScreen: BooleanProperty [value: false]
11:43:21.923 [FXGL Background Thread 3 ] DEBUG Engine               - gameDifficulty: MEDIUM
11:43:21.923 [FXGL Background Thread 3 ] DEBUG Engine               - gameDifficultyProperty: ObjectProperty [value: MEDIUM]
11:43:21.923 [FXGL Background Thread 3 ] DEBUG Engine               - globalMusicVolume: 0.5
11:43:21.924 [FXGL Background Thread 3 ] DEBUG Engine               - globalMusicVolumeProperty: DoubleProperty [value: 0.5]
11:43:21.924 [FXGL Background Thread 3 ] DEBUG Engine               - globalSoundVolume: 0.5
11:43:21.924 [FXGL Background Thread 3 ] DEBUG Engine               - globalSoundVolumeProperty: DoubleProperty [value: 0.5]
11:43:21.924 [FXGL Background Thread 3 ] DEBUG Engine               - height: 500
11:43:21.924 [FXGL Background Thread 3 ] DEBUG Engine               - is3D: false
11:43:21.924 [FXGL Background Thread 3 ] DEBUG Engine               - isAndroid: false
11:43:21.924 [FXGL Background Thread 3 ] DEBUG Engine               - isBrowser: false
11:43:21.924 [FXGL Background Thread 3 ] DEBUG Engine               - isClickFeedbackEnabled: false
11:43:21.924 [FXGL Background Thread 3 ] DEBUG Engine               - isCloseConfirmation: false
11:43:21.925 [FXGL Background Thread 3 ] DEBUG Engine               - isDesktop: true
11:43:21.925 [FXGL Background Thread 3 ] DEBUG Engine               - isDeveloperMenuEnabled: false
11:43:21.925 [FXGL Background Thread 3 ] DEBUG Engine               - isEmbedded: false
11:43:21.925 [FXGL Background Thread 3 ] DEBUG Engine               - isEntityPreloadEnabled: true
11:43:21.925 [FXGL Background Thread 3 ] DEBUG Engine               - isExperimentalTiledLargeMap: false
11:43:21.925 [FXGL Background Thread 3 ] DEBUG Engine               - isFileSystemWriteAllowed: true
11:43:21.925 [FXGL Background Thread 3 ] DEBUG Engine               - isFullScreenAllowed: false
11:43:21.927 [FXGL Background Thread 3 ] DEBUG Engine               - isFullScreenFromStart: false
11:43:21.927 [FXGL Background Thread 3 ] DEBUG Engine               - isGameMenuEnabled: true
11:43:21.927 [FXGL Background Thread 3 ] DEBUG Engine               - isIOS: false
11:43:21.927 [FXGL Background Thread 3 ] DEBUG Engine               - isIntroEnabled: false
11:43:21.928 [FXGL Background Thread 3 ] DEBUG Engine               - isLinux: false
11:43:21.928 [FXGL Background Thread 3 ] DEBUG Engine               - isMac: false
11:43:21.928 [FXGL Background Thread 3 ] DEBUG Engine               - isMainMenuEnabled: false
11:43:21.928 [FXGL Background Thread 3 ] DEBUG Engine               - isManualResizeEnabled: false
11:43:21.928 [FXGL Background Thread 3 ] DEBUG Engine               - isMobile: false
11:43:21.928 [FXGL Background Thread 3 ] DEBUG Engine               - isNative: false
11:43:21.928 [FXGL Background Thread 3 ] DEBUG Engine               - isPauseMusicWhenMinimized: true
11:43:21.928 [FXGL Background Thread 3 ] DEBUG Engine               - isPreserveResizeRatio: false
11:43:21.928 [FXGL Background Thread 3 ] DEBUG Engine               - isProfilingEnabled: false
11:43:21.928 [FXGL Background Thread 3 ] DEBUG Engine               - isScaleAffectedOnResize: true
11:43:21.928 [FXGL Background Thread 3 ] DEBUG Engine               - isSingleStep: false
11:43:21.928 [FXGL Background Thread 3 ] DEBUG Engine               - isUserProfileEnabled: false
11:43:21.928 [FXGL Background Thread 3 ] DEBUG Engine               - isWindows: true
11:43:21.928 [FXGL Background Thread 3 ] DEBUG Engine               - language: ObjectProperty [value: ENGLISH]
11:43:21.929 [FXGL Background Thread 3 ] DEBUG Engine               - menuKey: ESCAPE
11:43:21.929 [FXGL Background Thread 3 ] DEBUG Engine               - mouseSensitivity: 0.2
11:43:21.929 [FXGL Background Thread 3 ] DEBUG Engine               - notificationViewClass: class com.almasb.fxgl.notification.view.XboxNotificationView
11:43:21.929 [FXGL Background Thread 3 ] DEBUG Engine               - pixelsPerMeter: 50.0
11:43:21.929 [FXGL Background Thread 3 ] DEBUG Engine               - platform: WINDOWS
11:43:21.929 [FXGL Background Thread 3 ] DEBUG Engine               - prefHeightProperty: ReadOnlyDoubleProperty [value: 500.0]
11:43:21.929 [FXGL Background Thread 3 ] DEBUG Engine               - prefWidthProperty: ReadOnlyDoubleProperty [value: 800.0]
11:43:21.929 [FXGL Background Thread 3 ] DEBUG Engine               - profileDir: profiles/
11:43:21.929 [FXGL Background Thread 3 ] DEBUG Engine               - profileName: StringProperty [value: DEFAULT]
11:43:21.929 [FXGL Background Thread 3 ] DEBUG Engine               - randomSeed: -1
11:43:21.930 [FXGL Background Thread 3 ] DEBUG Engine               - runtimeInfo: RuntimeInfo(platform=WINDOWS, version=17.2, build=20.08.2022 16.50)
11:43:21.931 [FXGL Background Thread 3 ] DEBUG Engine               - saveFileExt: sav
11:43:21.931 [FXGL Background Thread 3 ] DEBUG Engine               - scaledHeightProp$fxgl: DoubleProperty [bound, value: 500.0]
11:43:21.931 [FXGL Background Thread 3 ] DEBUG Engine               - scaledWidthProp$fxgl: DoubleProperty [bound, value: 800.0]
11:43:21.931 [FXGL Background Thread 3 ] DEBUG Engine               - sceneFactory: com.almasb.fxgl.app.scene.SceneFactory@bbcfe42
11:43:21.931 [FXGL Background Thread 3 ] DEBUG Engine               - secondsIn24h: 60
11:43:21.931 [FXGL Background Thread 3 ] DEBUG Engine               - soundMenuBack: menu/back.wav
11:43:21.931 [FXGL Background Thread 3 ] DEBUG Engine               - soundMenuPress: menu/press.wav
11:43:21.931 [FXGL Background Thread 3 ] DEBUG Engine               - soundMenuSelect: menu/select.wav
11:43:21.931 [FXGL Background Thread 3 ] DEBUG Engine               - soundNotification: core/notification.wav
11:43:21.931 [FXGL Background Thread 3 ] DEBUG Engine               - stageStyle: DECORATED
11:43:21.931 [FXGL Background Thread 3 ] DEBUG Engine               - supportedLanguages: [ENGLISH, FRENCH, GERMAN, HUNGARIAN, RUSSIAN]
11:43:21.931 [FXGL Background Thread 3 ] DEBUG Engine               - ticksPerSecond: -1
11:43:21.932 [FXGL Background Thread 3 ] DEBUG Engine               - title: Clicky Cooker
11:43:21.932 [FXGL Background Thread 3 ] DEBUG Engine               - urlGithub: https://github.com/AlmasB/FXGL
11:43:21.932 [FXGL Background Thread 3 ] DEBUG Engine               - urlLeaderboard: http://fxgl-top.herokuapp.com/
11:43:21.932 [FXGL Background Thread 3 ] DEBUG Engine               - urlPOM: https://raw.githubusercontent.com/AlmasB/FXGL/release/README.md
11:43:21.932 [FXGL Background Thread 3 ] DEBUG Engine               - userAppClass: class com.example.clickycooker.App
11:43:21.932 [FXGL Background Thread 3 ] DEBUG Engine               - version: 0.0
11:43:21.932 [FXGL Background Thread 3 ] DEBUG Engine               - versionCheckDays: 7
11:43:21.932 [FXGL Background Thread 3 ] DEBUG Engine               - width: 800
11:43:21.932 [FXGL Background Thread 3 ] DEBUG Engine               - Logging services
11:43:21.932 [FXGL Background Thread 3 ] DEBUG Engine               - class com.almasb.fxgl.app.services.FXGLAssetLoaderService
11:43:21.932 [FXGL Background Thread 3 ] DEBUG Engine               - class com.almasb.fxgl.app.FXGLApplication$GameApplicationService
11:43:21.932 [FXGL Background Thread 3 ] DEBUG Engine               - class com.almasb.fxgl.app.services.FXGLDialogService
11:43:21.932 [FXGL Background Thread 3 ] DEBUG Engine               - class com.almasb.fxgl.app.services.IOTaskExecutorService
11:43:21.933 [FXGL Background Thread 3 ] DEBUG Engine               - class com.almasb.fxgl.io.FileSystemService
11:43:21.933 [FXGL Background Thread 3 ] DEBUG Engine               - class com.almasb.fxgl.localization.LocalizationService
11:43:21.933 [FXGL Background Thread 3 ] DEBUG Engine               - class com.almasb.fxgl.app.services.SystemBundleService
11:43:21.933 [FXGL Background Thread 3 ] DEBUG Engine               - class com.almasb.fxgl.profile.SaveLoadService
11:43:21.933 [FXGL Background Thread 3 ] DEBUG Engine               - class com.almasb.fxgl.ui.FXGLUIFactoryServiceProvider
11:43:21.933 [FXGL Background Thread 3 ] DEBUG Engine               - class com.almasb.fxgl.ui.FXGLDialogFactoryServiceProvider
11:43:21.933 [FXGL Background Thread 3 ] DEBUG Engine               - class com.almasb.fxgl.audio.AudioPlayer
11:43:21.933 [FXGL Background Thread 3 ] DEBUG Engine               - class com.almasb.fxgl.notification.impl.NotificationServiceProvider
11:43:21.933 [FXGL Background Thread 3 ] DEBUG Engine               - class com.almasb.fxgl.achievement.AchievementService
11:43:21.933 [FXGL Background Thread 3 ] DEBUG Engine               - class com.almasb.fxgl.cutscene.CutsceneService
11:43:21.933 [FXGL Background Thread 3 ] DEBUG Engine               - class com.almasb.fxgl.minigames.MiniGameService
11:43:21.933 [FXGL Background Thread 3 ] DEBUG Engine               - class com.almasb.fxgl.net.NetService
11:43:21.933 [FXGL Background Thread 3 ] DEBUG Engine               - class com.almasb.fxgl.app.services.UpdaterService
11:43:21.933 [FXGL Background Thread 3 ] DEBUG Engine               - class com.almasb.fxgl.dev.DevService
11:43:23.423 [JavaFX Application Thread] DEBUG FXGLApplication      - Exiting FXGL
11:43:23.423 [JavaFX Application Thread] DEBUG Async                - Shutting down background threads
11:43:23.423 [JavaFX Application Thread] DEBUG PrimaryStageWindow   - Closing main window
11:43:23.433 [JavaFX Application Thread] DEBUG Logger               - Closing Logger
