13:07:44.748 [main                     ] DEBUG Logger               - Configured Logger
13:07:44.789 [main                     ] DEBUG GameApplication      - Logging settings
Title: Clicky Cooker
Version: 0.0
Width: 800
Height: 500
Fullscreen: false
Intro: false
Profiling: false
Single step:false
App Mode: DEVELOPER
Menu Key: ESCAPE
Stage Style: DECORATED
Scene Factory: class com.almasb.fxgl.app.scene.SceneFactory

13:07:45.398 [JavaFX Application Thread] DEBUG FXGLApplication      - Initializing FXGL
13:07:45.405 [JavaFX Application Thread] INFO  Engine               - FXGL-17.2 (20.08.2022 16.50) on WINDOWS (J:19.0.1 FX:19-ea)
13:07:45.406 [JavaFX Application Thread] DEBUG Engine               - JRE Vendor Name: Oracle Corporation
13:07:45.407 [JavaFX Application Thread] DEBUG Engine               - Running on OS: Windows 10 version 10.0
13:07:45.407 [JavaFX Application Thread] DEBUG Engine               - Architecture: amd64
13:07:45.407 [JavaFX Application Thread] INFO  Engine               - Source code and latest versions at: https://github.com/AlmasB/FXGL
13:07:45.407 [JavaFX Application Thread] INFO  Engine               -       Ask questions and discuss at: https://github.com/AlmasB/FXGL/discussions
13:07:45.408 [JavaFX Application Thread] INFO  Engine               -              Join the FXGL chat at: https://gitter.im/AlmasB/FXGL
13:07:45.632 [JavaFX Application Thread] DEBUG PrimaryStageWindow   - Creating a JavaFX scene
13:07:45.724 [JavaFX Application Thread] DEBUG PrimaryStageWindow   - Target settings size: 800.0 x 500.0
13:07:45.724 [JavaFX Application Thread] DEBUG PrimaryStageWindow   - Scaled scene size:    800.0 x 500.0
13:07:45.725 [JavaFX Application Thread] DEBUG PrimaryStageWindow   - Scaled ratio: (1.0, 1.0)
13:07:45.726 [JavaFX Application Thread] DEBUG PrimaryStageWindow   - Set initial scene to FXGLStartupScene
13:07:45.739 [JavaFX Application Thread] DEBUG PrimaryStageWindow   - Opening main window
13:07:45.877 [JavaFX Application Thread] DEBUG PrimaryStageWindow   - Window border size: (14.66668701171875, 37.33331298828125)
13:07:45.877 [JavaFX Application Thread] DEBUG PrimaryStageWindow   - Scaled size: 800.0 x 500.0
13:07:45.878 [JavaFX Application Thread] DEBUG PrimaryStageWindow   - Scaled ratio: (1.0, 1.0)
13:07:45.878 [JavaFX Application Thread] DEBUG PrimaryStageWindow   - Scene size: 800.0 x 500.0
13:07:45.879 [JavaFX Application Thread] DEBUG PrimaryStageWindow   - Stage size: 814.6666870117188 x 537.3333129882812
13:07:45.899 [FXGL Background Thread 1 ] DEBUG Engine               - Initializing environment variables
13:07:46.004 [FXGL Background Thread 1 ] DEBUG FXGLAssetLoaderServi - User app class for loading assets: class com.example.clickycooker.App
13:07:46.004 [FXGL Background Thread 1 ] DEBUG GameApplicationServi - Applying CSS: fxgl_dark.css
13:07:46.005 [FXGL Background Thread 1 ] DEBUG FXGLAssetLoaderServi - Loading from file system: jar:file:/C:/Users/trist/.m2/repository/com/github/almasb/fxgl/17.2/fxgl-17.2.jar!/fxglassets/ui/css/fxgl_dark.css
13:07:46.079 [FXGL Background Thread 1 ] DEBUG GameApplicationServi - Initializing application scenes
13:07:46.185 [FXGL Background Thread 1 ] DEBUG GameWorld            - Game world initialized
13:07:46.282 [FXGL Background Thread 1 ] DEBUG PhysicsWorld         - Physics world initialized: appHeight=500, physics.ppm=50.0
13:07:46.282 [FXGL Background Thread 1 ] DEBUG PhysicsWorld         - Using strategy: BRUTE_FORCE
13:07:46.288 [FXGL Background Thread 1 ] DEBUG GameScene            - Game scene initialized: 800x500
13:07:46.308 [FXGL Background Thread 1 ] WARN  FXGL.DefaultMenu     - FXGLDefaultMenu is not designed for resolutions < 800x600
13:07:46.308 [FXGL Background Thread 1 ] DEBUG FXGL.DefaultMenu     - createMenuBodyGameMenu()
13:07:46.341 [FXGL Background Thread 1 ] DEBUG FXGL.DefaultMenu     - createOptionsMenu()
13:07:46.367 [FXGL Background Thread 1 ] DEBUG FXGLAssetLoaderServi - Loading from file system: jar:file:/C:/Users/trist/.m2/repository/com/github/almasb/fxgl/17.2/fxgl-17.2.jar!/fxglassets/textures/particles/smoke.png
13:07:46.552 [FXGL Background Thread 1 ] DEBUG FXGLAssetLoaderServi - Loading from file system: jar:file:/C:/Users/trist/.m2/repository/com/github/almasb/fxgl/17.2/fxgl-17.2.jar!/fxglassets/textures/particles/trace_horizontal.png
13:07:46.592 [FXGL Background Thread 1 ] DEBUG GameApplicationServi - Application scenes initialized
13:07:46.618 [FXGL Background Thread 1 ] DEBUG SystemBundleService  - Loading FXGL system data
13:07:46.626 [FXGL Background Thread 1 ] DEBUG FileSystemAccess     - Reading from: C:\Users\trist\Desktop\Clicky Cooker\system\fxgl.bundle
13:07:46.668 [FXGL Background Thread 1 ] DEBUG SystemBundleService  - Bundle FXGL: {}
13:07:46.669 [FXGL Background Thread 1 ] DEBUG UpdaterService       - Checking for updates
13:07:46.677 [FXGL Background Thread 1 ] DEBUG FXGLApplication      - Loading default localization
13:07:46.678 [FXGL Background Thread 1 ] DEBUG FXGLAssetLoaderServi - Loading from file system: jar:file:/C:/Users/trist/.m2/repository/com/github/almasb/fxgl/17.2/fxgl-17.2.jar!/fxglassets/languages/english.lang
13:07:46.725 [FXGL Background Thread 1 ] INFO  FXGLApplication      - FXGL initialization took: 0.826 sec
13:07:46.727 [JavaFX Application Thread] DEBUG FXGLAssetLoaderServi - Loading from file system: jar:file:/C:/Users/trist/.m2/repository/com/github/almasb/fxgl/17.2/fxgl-17.2.jar!/fxglassets/textures/fxgl_icon.png
13:07:46.760 [JavaFX Application Thread] DEBUG FXGLAssetLoaderServi - Loading from file system: file:/C:/Users/trist/Desktop/Clicky%20Cooker/target/classes/assets/textures/cursor.png
13:07:46.755 [FXGL Background Thread 4 ] DEBUG FXGLApplication      - Loading fonts
13:07:46.766 [FXGL Background Thread 4 ] DEBUG FXGLAssetLoaderServi - Loading from file system: jar:file:/C:/Users/trist/.m2/repository/com/github/almasb/fxgl/17.2/fxgl-17.2.jar!/fxglassets/ui/fonts/VarelaRound-Regular.ttf
13:07:46.822 [JavaFX Application Thread] DEBUG Input                - Registered new binding: Screenshot - CTRL+8
13:07:46.823 [JavaFX Application Thread] DEBUG Input                - Registered new binding: System info dump - CTRL+9
13:07:46.825 [JavaFX Application Thread] DEBUG Input                - Registered new binding: Restart - CTRL+R
13:07:46.826 [JavaFX Application Thread] DEBUG Input                - Registered new binding: Toggle Debug Camera - CTRL+7
13:07:46.830 [JavaFX Application Thread] DEBUG LoopRunner           - Starting loop
13:07:46.830 [JavaFX Application Thread] DEBUG LoopRunner           - Initializing JavaFX AnimationTimerLoop
13:07:46.833 [JavaFX Application Thread] DEBUG GameApplicationServi - Starting new game
13:07:46.833 [JavaFX Application Thread] DEBUG Input                - Clearing active input actions
13:07:46.849 [JavaFX Application Thread] DEBUG GameApplicationServi - Removing overlay from FXGLStartupScene and adding to FXGLLoadingScene
13:07:46.850 [JavaFX Application Thread] DEBUG PrimaryStageWindow   - FXGLStartupScene -> FXGLLoadingScene
13:07:46.850 [JavaFX Application Thread] DEBUG GameApplicationServi - Clearing previous game
13:07:46.850 [JavaFX Application Thread] DEBUG GameScene            - Clearing game scene
13:07:46.850 [JavaFX Application Thread] DEBUG GameWorld            - Clearing game world
13:07:46.850 [JavaFX Application Thread] DEBUG PhysicsWorld         - Clearing physics world
13:07:46.853 [FXGL Background Thread 1 ] DEBUG FXGLApplication      - Initializing game
13:07:46.987 [FXGL Background Thread 1 ] INFO  FXGLApplication      - Game initialization took: 0.130 sec
13:07:47.102 [JavaFX Application Thread] DEBUG Input                - Clearing active input actions
13:07:47.118 [JavaFX Application Thread] DEBUG GameApplicationServi - Removing overlay from FXGLLoadingScene and adding to GameScene
13:07:47.119 [JavaFX Application Thread] DEBUG PrimaryStageWindow   - FXGLLoadingScene -> GameScene
13:07:47.182 [FXGL Background Thread 4 ] DEBUG FXGLAssetLoaderServi - Loading from file system: jar:file:/C:/Users/trist/.m2/repository/com/github/almasb/fxgl/17.2/fxgl-17.2.jar!/fxglassets/ui/fonts/Abel-Regular.ttf
13:07:47.198 [FXGL Background Thread 4 ] DEBUG FXGLAssetLoaderServi - Loading from file system: jar:file:/C:/Users/trist/.m2/repository/com/github/almasb/fxgl/17.2/fxgl-17.2.jar!/fxglassets/ui/fonts/TerminalLandMono-Regular.otf
13:07:47.211 [FXGL Background Thread 4 ] DEBUG FXGLAssetLoaderServi - Loading from file system: jar:file:/C:/Users/trist/.m2/repository/com/github/almasb/fxgl/17.2/fxgl-17.2.jar!/fxglassets/ui/fonts/Courier-Prime.ttf
13:07:47.279 [JavaFX Application Thread] DEBUG FXGLApplication      - Registering font factories with UI factory
13:07:49.679 [FXGL Background Thread 3 ] DEBUG Engine               - Logging environment variables
13:07:49.680 [FXGL Background Thread 3 ] DEBUG Engine               - achievements: []
13:07:49.680 [FXGL Background Thread 3 ] DEBUG Engine               - actualHeight: 500.0
13:07:49.680 [FXGL Background Thread 3 ] DEBUG Engine               - actualHeightProperty: ReadOnlyDoubleProperty [value: 500.0]
13:07:49.680 [FXGL Background Thread 3 ] DEBUG Engine               - actualWidth: 800.0
13:07:49.680 [FXGL Background Thread 3 ] DEBUG Engine               - actualWidthProperty: ReadOnlyDoubleProperty [value: 800.0]
13:07:49.680 [FXGL Background Thread 3 ] DEBUG Engine               - appIcon: fxgl_icon.png
13:07:49.680 [FXGL Background Thread 3 ] DEBUG Engine               - applicationMode: DEVELOPER
13:07:49.681 [FXGL Background Thread 3 ] DEBUG Engine               - cSSList: [fxgl_dark.css]
13:07:49.681 [FXGL Background Thread 3 ] DEBUG Engine               - collisionDetectionStrategy: BRUTE_FORCE
13:07:49.681 [FXGL Background Thread 3 ] DEBUG Engine               - configClass: Optional.empty
13:07:49.681 [FXGL Background Thread 3 ] DEBUG Engine               - credits: []
13:07:49.681 [FXGL Background Thread 3 ] DEBUG Engine               - defaultCursor: CursorInfo(imageName=cursor.png, hotspotX=20.0, hotspotY=20.0)
13:07:49.682 [FXGL Background Thread 3 ] DEBUG Engine               - devBBoxColorProperty: ObjectProperty [value: 0xff0000ff]
13:07:49.682 [FXGL Background Thread 3 ] DEBUG Engine               - devEnableDebugCameraProperty: BooleanProperty [value: false]
13:07:49.682 [FXGL Background Thread 3 ] DEBUG Engine               - devSensorColorProperty: ObjectProperty [value: 0xffff00ff]
13:07:49.682 [FXGL Background Thread 3 ] DEBUG Engine               - devShowBBoxProperty: BooleanProperty [value: false]
13:07:49.682 [FXGL Background Thread 3 ] DEBUG Engine               - devShowPositionProperty: BooleanProperty [value: false]
13:07:49.682 [FXGL Background Thread 3 ] DEBUG Engine               - enabledMenuItems: []
13:07:49.682 [FXGL Background Thread 3 ] DEBUG Engine               - engineServices: [class com.almasb.fxgl.app.services.FXGLAssetLoaderService, class com.almasb.fxgl.app.FXGLApplication$GameApplicationService, class com.almasb.fxgl.app.services.FXGLDialogService, class com.almasb.fxgl.app.services.IOTaskExecutorService, class com.almasb.fxgl.io.FileSystemService, class com.almasb.fxgl.localization.LocalizationService, class com.almasb.fxgl.app.services.SystemBundleService, class com.almasb.fxgl.profile.SaveLoadService, class com.almasb.fxgl.ui.FXGLUIFactoryServiceProvider, class com.almasb.fxgl.ui.FXGLDialogFactoryServiceProvider, class com.almasb.fxgl.audio.AudioPlayer, class com.almasb.fxgl.notification.impl.NotificationServiceProvider, class com.almasb.fxgl.achievement.AchievementService, class com.almasb.fxgl.cutscene.CutsceneService, class com.almasb.fxgl.minigames.MiniGameService, class com.almasb.fxgl.net.NetService, class com.almasb.fxgl.app.services.UpdaterService, class com.almasb.fxgl.dev.DevService]
13:07:49.683 [FXGL Background Thread 3 ] DEBUG Engine               - fontGame: Abel-Regular.ttf
13:07:49.683 [FXGL Background Thread 3 ] DEBUG Engine               - fontMono: TerminalLandMono-Regular.otf
13:07:49.683 [FXGL Background Thread 3 ] DEBUG Engine               - fontText: Courier-Prime.ttf
13:07:49.683 [FXGL Background Thread 3 ] DEBUG Engine               - fontUI: VarelaRound-Regular.ttf
13:07:49.683 [FXGL Background Thread 3 ] DEBUG Engine               - fullScreen: BooleanProperty [value: false]
13:07:49.683 [FXGL Background Thread 3 ] DEBUG Engine               - gameDifficulty: MEDIUM
13:07:49.683 [FXGL Background Thread 3 ] DEBUG Engine               - gameDifficultyProperty: ObjectProperty [value: MEDIUM]
13:07:49.683 [FXGL Background Thread 3 ] DEBUG Engine               - globalMusicVolume: 0.5
13:07:49.683 [FXGL Background Thread 3 ] DEBUG Engine               - globalMusicVolumeProperty: DoubleProperty [value: 0.5]
13:07:49.684 [FXGL Background Thread 3 ] DEBUG Engine               - globalSoundVolume: 0.5
13:07:49.684 [FXGL Background Thread 3 ] DEBUG Engine               - globalSoundVolumeProperty: DoubleProperty [value: 0.5]
13:07:49.684 [FXGL Background Thread 3 ] DEBUG Engine               - height: 500
13:07:49.684 [FXGL Background Thread 3 ] DEBUG Engine               - is3D: false
13:07:49.684 [FXGL Background Thread 3 ] DEBUG Engine               - isAndroid: false
13:07:49.684 [FXGL Background Thread 3 ] DEBUG Engine               - isBrowser: false
13:07:49.684 [FXGL Background Thread 3 ] DEBUG Engine               - isClickFeedbackEnabled: false
13:07:49.684 [FXGL Background Thread 3 ] DEBUG Engine               - isCloseConfirmation: false
13:07:49.684 [FXGL Background Thread 3 ] DEBUG Engine               - isDesktop: true
13:07:49.684 [FXGL Background Thread 3 ] DEBUG Engine               - isDeveloperMenuEnabled: false
13:07:49.684 [FXGL Background Thread 3 ] DEBUG Engine               - isEmbedded: false
13:07:49.684 [FXGL Background Thread 3 ] DEBUG Engine               - isEntityPreloadEnabled: true
13:07:49.684 [FXGL Background Thread 3 ] DEBUG Engine               - isExperimentalTiledLargeMap: false
13:07:49.684 [FXGL Background Thread 3 ] DEBUG Engine               - isFileSystemWriteAllowed: true
13:07:49.684 [FXGL Background Thread 3 ] DEBUG Engine               - isFullScreenAllowed: false
13:07:49.685 [FXGL Background Thread 3 ] DEBUG Engine               - isFullScreenFromStart: false
13:07:49.685 [FXGL Background Thread 3 ] DEBUG Engine               - isGameMenuEnabled: true
13:07:49.685 [FXGL Background Thread 3 ] DEBUG Engine               - isIOS: false
13:07:49.685 [FXGL Background Thread 3 ] DEBUG Engine               - isIntroEnabled: false
13:07:49.685 [FXGL Background Thread 3 ] DEBUG Engine               - isLinux: false
13:07:49.685 [FXGL Background Thread 3 ] DEBUG Engine               - isMac: false
13:07:49.685 [FXGL Background Thread 3 ] DEBUG Engine               - isMainMenuEnabled: false
13:07:49.685 [FXGL Background Thread 3 ] DEBUG Engine               - isManualResizeEnabled: false
13:07:49.685 [FXGL Background Thread 3 ] DEBUG Engine               - isMobile: false
13:07:49.685 [FXGL Background Thread 3 ] DEBUG Engine               - isNative: false
13:07:49.685 [FXGL Background Thread 3 ] DEBUG Engine               - isPauseMusicWhenMinimized: true
13:07:49.685 [FXGL Background Thread 3 ] DEBUG Engine               - isPreserveResizeRatio: false
13:07:49.685 [FXGL Background Thread 3 ] DEBUG Engine               - isProfilingEnabled: false
13:07:49.685 [FXGL Background Thread 3 ] DEBUG Engine               - isScaleAffectedOnResize: true
13:07:49.685 [FXGL Background Thread 3 ] DEBUG Engine               - isSingleStep: false
13:07:49.685 [FXGL Background Thread 3 ] DEBUG Engine               - isUserProfileEnabled: false
13:07:49.686 [FXGL Background Thread 3 ] DEBUG Engine               - isWindows: true
13:07:49.686 [FXGL Background Thread 3 ] DEBUG Engine               - language: ObjectProperty [value: ENGLISH]
13:07:49.686 [FXGL Background Thread 3 ] DEBUG Engine               - menuKey: ESCAPE
13:07:49.686 [FXGL Background Thread 3 ] DEBUG Engine               - mouseSensitivity: 0.2
13:07:49.686 [FXGL Background Thread 3 ] DEBUG Engine               - notificationViewClass: class com.almasb.fxgl.notification.view.XboxNotificationView
13:07:49.686 [FXGL Background Thread 3 ] DEBUG Engine               - pixelsPerMeter: 50.0
13:07:49.686 [FXGL Background Thread 3 ] DEBUG Engine               - platform: WINDOWS
13:07:49.686 [FXGL Background Thread 3 ] DEBUG Engine               - prefHeightProperty: ReadOnlyDoubleProperty [value: 500.0]
13:07:49.686 [FXGL Background Thread 3 ] DEBUG Engine               - prefWidthProperty: ReadOnlyDoubleProperty [value: 800.0]
13:07:49.686 [FXGL Background Thread 3 ] DEBUG Engine               - profileDir: profiles/
13:07:49.686 [FXGL Background Thread 3 ] DEBUG Engine               - profileName: StringProperty [value: DEFAULT]
13:07:49.686 [FXGL Background Thread 3 ] DEBUG Engine               - randomSeed: -1
13:07:49.687 [FXGL Background Thread 3 ] DEBUG Engine               - runtimeInfo: RuntimeInfo(platform=WINDOWS, version=17.2, build=20.08.2022 16.50)
13:07:49.687 [FXGL Background Thread 3 ] DEBUG Engine               - saveFileExt: sav
13:07:49.687 [FXGL Background Thread 3 ] DEBUG Engine               - scaledHeightProp$fxgl: DoubleProperty [bound, value: 500.0]
13:07:49.687 [FXGL Background Thread 3 ] DEBUG Engine               - scaledWidthProp$fxgl: DoubleProperty [bound, value: 800.0]
13:07:49.687 [FXGL Background Thread 3 ] DEBUG Engine               - sceneFactory: com.almasb.fxgl.app.scene.SceneFactory@3e96662e
13:07:49.688 [FXGL Background Thread 3 ] DEBUG Engine               - secondsIn24h: 60
13:07:49.688 [FXGL Background Thread 3 ] DEBUG Engine               - soundMenuBack: menu/back.wav
13:07:49.688 [FXGL Background Thread 3 ] DEBUG Engine               - soundMenuPress: menu/press.wav
13:07:49.688 [FXGL Background Thread 3 ] DEBUG Engine               - soundMenuSelect: menu/select.wav
13:07:49.688 [FXGL Background Thread 3 ] DEBUG Engine               - soundNotification: core/notification.wav
13:07:49.688 [FXGL Background Thread 3 ] DEBUG Engine               - stageStyle: DECORATED
13:07:49.688 [FXGL Background Thread 3 ] DEBUG Engine               - supportedLanguages: [ENGLISH, FRENCH, GERMAN, HUNGARIAN, RUSSIAN]
13:07:49.688 [FXGL Background Thread 3 ] DEBUG Engine               - ticksPerSecond: -1
13:07:49.688 [FXGL Background Thread 3 ] DEBUG Engine               - title: Clicky Cooker
13:07:49.688 [FXGL Background Thread 3 ] DEBUG Engine               - urlGithub: https://github.com/AlmasB/FXGL
13:07:49.688 [FXGL Background Thread 3 ] DEBUG Engine               - urlLeaderboard: http://fxgl-top.herokuapp.com/
13:07:49.688 [FXGL Background Thread 3 ] DEBUG Engine               - urlPOM: https://raw.githubusercontent.com/AlmasB/FXGL/release/README.md
13:07:49.688 [FXGL Background Thread 3 ] DEBUG Engine               - userAppClass: class com.example.clickycooker.App
13:07:49.689 [FXGL Background Thread 3 ] DEBUG Engine               - version: 0.0
13:07:49.689 [FXGL Background Thread 3 ] DEBUG Engine               - versionCheckDays: 7
13:07:49.689 [FXGL Background Thread 3 ] DEBUG Engine               - width: 800
13:07:49.689 [FXGL Background Thread 3 ] DEBUG Engine               - Logging services
13:07:49.689 [FXGL Background Thread 3 ] DEBUG Engine               - class com.almasb.fxgl.app.services.FXGLAssetLoaderService
13:07:49.689 [FXGL Background Thread 3 ] DEBUG Engine               - class com.almasb.fxgl.app.FXGLApplication$GameApplicationService
13:07:49.689 [FXGL Background Thread 3 ] DEBUG Engine               - class com.almasb.fxgl.app.services.FXGLDialogService
13:07:49.689 [FXGL Background Thread 3 ] DEBUG Engine               - class com.almasb.fxgl.app.services.IOTaskExecutorService
13:07:49.689 [FXGL Background Thread 3 ] DEBUG Engine               - class com.almasb.fxgl.io.FileSystemService
13:07:49.690 [FXGL Background Thread 3 ] DEBUG Engine               - class com.almasb.fxgl.localization.LocalizationService
13:07:49.690 [FXGL Background Thread 3 ] DEBUG Engine               - class com.almasb.fxgl.app.services.SystemBundleService
13:07:49.690 [FXGL Background Thread 3 ] DEBUG Engine               - class com.almasb.fxgl.profile.SaveLoadService
13:07:49.690 [FXGL Background Thread 3 ] DEBUG Engine               - class com.almasb.fxgl.ui.FXGLUIFactoryServiceProvider
13:07:49.690 [FXGL Background Thread 3 ] DEBUG Engine               - class com.almasb.fxgl.ui.FXGLDialogFactoryServiceProvider
13:07:49.690 [FXGL Background Thread 3 ] DEBUG Engine               - class com.almasb.fxgl.audio.AudioPlayer
13:07:49.690 [FXGL Background Thread 3 ] DEBUG Engine               - class com.almasb.fxgl.notification.impl.NotificationServiceProvider
13:07:49.690 [FXGL Background Thread 3 ] DEBUG Engine               - class com.almasb.fxgl.achievement.AchievementService
13:07:49.690 [FXGL Background Thread 3 ] DEBUG Engine               - class com.almasb.fxgl.cutscene.CutsceneService
13:07:49.690 [FXGL Background Thread 3 ] DEBUG Engine               - class com.almasb.fxgl.minigames.MiniGameService
13:07:49.690 [FXGL Background Thread 3 ] DEBUG Engine               - class com.almasb.fxgl.net.NetService
13:07:49.690 [FXGL Background Thread 3 ] DEBUG Engine               - class com.almasb.fxgl.app.services.UpdaterService
13:07:49.690 [FXGL Background Thread 3 ] DEBUG Engine               - class com.almasb.fxgl.dev.DevService
13:07:53.156 [JavaFX Application Thread] DEBUG FXGLApplication      - Exiting FXGL
13:07:53.156 [JavaFX Application Thread] DEBUG LoopRunner           - Stopping loop
13:07:53.156 [JavaFX Application Thread] DEBUG SystemBundleService  - Saving FXGL system data
13:07:53.159 [JavaFX Application Thread] DEBUG FileSystemAccess     - Writing to: C:\Users\trist\Desktop\Clicky Cooker\system\fxgl.bundle
13:07:53.161 [JavaFX Application Thread] DEBUG Async                - Shutting down background threads
13:07:53.161 [JavaFX Application Thread] DEBUG PrimaryStageWindow   - Closing main window
13:07:53.171 [JavaFX Application Thread] DEBUG Logger               - Closing Logger
