19:57:09.924 [main                     ] DEBUG Logger               - Configured Logger
19:57:09.975 [main                     ] DEBUG GameApplication      - Logging settings
Title: Clicky Cooker
Version: 0.0
Width: 800
Height: 500
Fullscreen: false
Intro: false
Profiling: false
Single step:false
App Mode: DEVELOPER
Menu Key: ESCAPE
Stage Style: DECORATED
Scene Factory: class com.almasb.fxgl.app.scene.SceneFactory

19:57:10.702 [JavaFX Application Thread] DEBUG FXGLApplication      - Initializing FXGL
19:57:10.710 [JavaFX Application Thread] INFO  Engine               - FXGL-17.2 (20.08.2022 16.50) on WINDOWS (J:19.0.1 FX:19-ea)
19:57:10.711 [JavaFX Application Thread] DEBUG Engine               - JRE Vendor Name: Oracle Corporation
19:57:10.711 [JavaFX Application Thread] DEBUG Engine               - Running on OS: Windows 10 version 10.0
19:57:10.711 [JavaFX Application Thread] DEBUG Engine               - Architecture: amd64
19:57:10.712 [JavaFX Application Thread] INFO  Engine               - Source code and latest versions at: https://github.com/AlmasB/FXGL
19:57:10.712 [JavaFX Application Thread] INFO  Engine               -       Ask questions and discuss at: https://github.com/AlmasB/FXGL/discussions
19:57:10.712 [JavaFX Application Thread] INFO  Engine               -              Join the FXGL chat at: https://gitter.im/AlmasB/FXGL
19:57:11.004 [JavaFX Application Thread] DEBUG PrimaryStageWindow   - Creating a JavaFX scene
19:57:11.115 [JavaFX Application Thread] DEBUG PrimaryStageWindow   - Target settings size: 800.0 x 500.0
19:57:11.115 [JavaFX Application Thread] DEBUG PrimaryStageWindow   - Scaled scene size:    800.0 x 500.0
19:57:11.116 [JavaFX Application Thread] DEBUG PrimaryStageWindow   - Scaled ratio: (1.0, 1.0)
19:57:11.118 [JavaFX Application Thread] DEBUG PrimaryStageWindow   - Set initial scene to FXGLStartupScene
19:57:11.135 [JavaFX Application Thread] DEBUG PrimaryStageWindow   - Opening main window
19:57:11.293 [JavaFX Application Thread] DEBUG PrimaryStageWindow   - Window border size: (14.66668701171875, 37.33331298828125)
19:57:11.294 [JavaFX Application Thread] DEBUG PrimaryStageWindow   - Scaled size: 800.0 x 500.0
19:57:11.294 [JavaFX Application Thread] DEBUG PrimaryStageWindow   - Scaled ratio: (1.0, 1.0)
19:57:11.295 [JavaFX Application Thread] DEBUG PrimaryStageWindow   - Scene size: 800.0 x 500.0
19:57:11.295 [JavaFX Application Thread] DEBUG PrimaryStageWindow   - Stage size: 814.6666870117188 x 537.3333129882812
19:57:11.346 [FXGL Background Thread 1 ] DEBUG Engine               - Initializing environment variables
19:57:11.452 [FXGL Background Thread 1 ] DEBUG FXGLAssetLoaderServi - User app class for loading assets: class com.example.clickycooker.App
19:57:11.453 [FXGL Background Thread 1 ] DEBUG GameApplicationServi - Applying CSS: fxgl_dark.css
19:57:11.455 [FXGL Background Thread 1 ] DEBUG FXGLAssetLoaderServi - Loading from file system: jar:file:/C:/Users/trist/.m2/repository/com/github/almasb/fxgl/17.2/fxgl-17.2.jar!/fxglassets/ui/css/fxgl_dark.css
19:57:11.538 [FXGL Background Thread 1 ] DEBUG GameApplicationServi - Initializing application scenes
19:57:11.688 [FXGL Background Thread 1 ] DEBUG GameWorld            - Game world initialized
19:57:11.814 [FXGL Background Thread 1 ] DEBUG PhysicsWorld         - Physics world initialized: appHeight=500, physics.ppm=50.0
19:57:11.814 [FXGL Background Thread 1 ] DEBUG PhysicsWorld         - Using strategy: BRUTE_FORCE
19:57:11.821 [FXGL Background Thread 1 ] DEBUG GameScene            - Game scene initialized: 800x500
19:57:11.843 [FXGL Background Thread 1 ] WARN  FXGL.DefaultMenu     - FXGLDefaultMenu is not designed for resolutions < 800x600
19:57:11.844 [FXGL Background Thread 1 ] DEBUG FXGL.DefaultMenu     - createMenuBodyGameMenu()
19:57:11.881 [FXGL Background Thread 1 ] DEBUG FXGL.DefaultMenu     - createOptionsMenu()
19:57:11.905 [FXGL Background Thread 1 ] DEBUG FXGLAssetLoaderServi - Loading from file system: jar:file:/C:/Users/trist/.m2/repository/com/github/almasb/fxgl/17.2/fxgl-17.2.jar!/fxglassets/textures/particles/smoke.png
19:57:12.120 [FXGL Background Thread 1 ] DEBUG FXGLAssetLoaderServi - Loading from file system: jar:file:/C:/Users/trist/.m2/repository/com/github/almasb/fxgl/17.2/fxgl-17.2.jar!/fxglassets/textures/particles/trace_horizontal.png
19:57:12.201 [FXGL Background Thread 1 ] DEBUG GameApplicationServi - Application scenes initialized
19:57:12.230 [FXGL Background Thread 1 ] DEBUG SystemBundleService  - Loading FXGL system data
19:57:12.238 [FXGL Background Thread 1 ] DEBUG FileSystemAccess     - Reading from: C:\Users\trist\Desktop\Clicky Cooker\system\fxgl.bundle
19:57:12.255 [FXGL Background Thread 1 ] DEBUG SystemBundleService  - Bundle FXGL: {}
19:57:12.255 [FXGL Background Thread 1 ] DEBUG UpdaterService       - Checking for updates
19:57:12.266 [FXGL Background Thread 4 ] DEBUG FXGLApplication      - Loading fonts
19:57:12.267 [FXGL Background Thread 4 ] DEBUG FXGLAssetLoaderServi - Loading from file system: jar:file:/C:/Users/trist/.m2/repository/com/github/almasb/fxgl/17.2/fxgl-17.2.jar!/fxglassets/ui/fonts/VarelaRound-Regular.ttf
19:57:12.275 [FXGL Background Thread 1 ] DEBUG FXGLApplication      - Loading default localization
19:57:12.289 [FXGL Background Thread 1 ] DEBUG FXGLAssetLoaderServi - Loading from file system: jar:file:/C:/Users/trist/.m2/repository/com/github/almasb/fxgl/17.2/fxgl-17.2.jar!/fxglassets/languages/english.lang
19:57:12.322 [FXGL Background Thread 1 ] INFO  FXGLApplication      - FXGL initialization took: 0.975 sec
19:57:12.324 [JavaFX Application Thread] DEBUG FXGLAssetLoaderServi - Loading from file system: jar:file:/C:/Users/trist/.m2/repository/com/github/almasb/fxgl/17.2/fxgl-17.2.jar!/fxglassets/textures/fxgl_icon.png
19:57:12.367 [JavaFX Application Thread] DEBUG FXGLAssetLoaderServi - Loading from file system: file:/C:/Users/trist/Desktop/Clicky%20Cooker/target/classes/assets/textures/cursor.png
19:57:12.445 [JavaFX Application Thread] DEBUG Input                - Registered new binding: Screenshot - CTRL+8
19:57:12.446 [JavaFX Application Thread] DEBUG Input                - Registered new binding: System info dump - CTRL+9
19:57:12.447 [JavaFX Application Thread] DEBUG Input                - Registered new binding: Restart - CTRL+R
19:57:12.448 [JavaFX Application Thread] DEBUG Input                - Registered new binding: Toggle Debug Camera - CTRL+7
19:57:12.452 [JavaFX Application Thread] DEBUG LoopRunner           - Starting loop
19:57:12.453 [JavaFX Application Thread] DEBUG LoopRunner           - Initializing JavaFX AnimationTimerLoop
19:57:12.455 [JavaFX Application Thread] DEBUG GameApplicationServi - Starting new game
19:57:12.456 [JavaFX Application Thread] DEBUG Input                - Clearing active input actions
19:57:12.473 [JavaFX Application Thread] DEBUG GameApplicationServi - Removing overlay from FXGLStartupScene and adding to FXGLLoadingScene
19:57:12.474 [JavaFX Application Thread] DEBUG PrimaryStageWindow   - FXGLStartupScene -> FXGLLoadingScene
19:57:12.474 [JavaFX Application Thread] DEBUG GameApplicationServi - Clearing previous game
19:57:12.474 [JavaFX Application Thread] DEBUG GameScene            - Clearing game scene
19:57:12.474 [JavaFX Application Thread] DEBUG GameWorld            - Clearing game world
19:57:12.475 [JavaFX Application Thread] DEBUG PhysicsWorld         - Clearing physics world
19:57:12.643 [FXGL Background Thread 1 ] DEBUG FXGLApplication      - Initializing game
19:57:12.774 [JavaFX Application Thread] DEBUG LoopRunner           - Stopping loop
19:57:12.777 [JavaFX Application Thread] FATAL FXGLApplication      - Uncaught Exception:
java.lang.RuntimeException: Initialization failed
	at com.almasb.fxgl.app.FXGLApplication$InitAppTask.failed(FXGLApplication.kt:343)
	at javafx.concurrent.Task.setState(Task.java:710)
	at javafx.concurrent.Task$TaskCallable.lambda$call$2(Task.java:1456)
	at com.sun.javafx.application.PlatformImpl.lambda$runLater$10(PlatformImpl.java:457)
	at java.base/java.security.AccessController.doPrivileged(AccessController.java:399)
	at com.sun.javafx.application.PlatformImpl.lambda$runLater$11(PlatformImpl.java:456)
	at com.sun.glass.ui.InvokeLaterDispatcher$Future.run(InvokeLaterDispatcher.java:96)
	at com.sun.glass.ui.win.WinApplication._runLoop(Native Method)
	at com.sun.glass.ui.win.WinApplication.lambda$runLoop$3(WinApplication.java:184)
	at java.base/java.lang.Thread.run(Thread.java:1589)
Caused by: java.lang.IllegalArgumentException: The time is invalid.
	at javafx.animation.KeyFrame.<init>(KeyFrame.java:193)
	at javafx.animation.KeyFrame.<init>(KeyFrame.java:264)
	at com.example.clickycooker.GameManager.createMilk(GameManager.java:183)
	at com.example.clickycooker.GameManager.<init>(GameManager.java:48)
	at com.example.clickycooker.App.initGame(App.java:41)
	at com.almasb.fxgl.app.FXGLApplication$InitAppTask.initGame(FXGLApplication.kt:339)
	at com.almasb.fxgl.app.FXGLApplication$InitAppTask.call(FXGLApplication.kt:319)
	at com.almasb.fxgl.app.FXGLApplication$InitAppTask.call(FXGLApplication.kt:311)
	at javafx.concurrent.Task$TaskCallable.call(Task.java:1426)
	at java.base/java.util.concurrent.FutureTask.run(FutureTask.java:317)
	at java.base/java.util.concurrent.Executors$RunnableAdapter.call(Executors.java:577)
	at java.base/java.util.concurrent.FutureTask.run(FutureTask.java:317)
	at java.base/java.util.concurrent.ThreadPoolExecutor.runWorker(ThreadPoolExecutor.java:1144)
	at java.base/java.util.concurrent.ThreadPoolExecutor$Worker.run(ThreadPoolExecutor.java:642)
	... 1 more

19:57:12.777 [JavaFX Application Thread] FATAL FXGLApplication      - Application will now exit
19:57:12.836 [JavaFX Application Thread] DEBUG PrimaryStageWindow   - Push state: ErrorSubScene
19:57:12.836 [JavaFX Application Thread] DEBUG Input                - Clearing active input actions
19:57:12.849 [JavaFX Application Thread] DEBUG GameApplicationServi - Removing overlay from FXGLLoadingScene and adding to ErrorSubScene
19:57:12.850 [JavaFX Application Thread] DEBUG PrimaryStageWindow   - FXGLLoadingScene -> ErrorSubScene
19:57:13.004 [FXGL Background Thread 4 ] DEBUG FXGLAssetLoaderServi - Loading from file system: jar:file:/C:/Users/trist/.m2/repository/com/github/almasb/fxgl/17.2/fxgl-17.2.jar!/fxglassets/ui/fonts/Abel-Regular.ttf
19:57:13.021 [FXGL Background Thread 4 ] DEBUG FXGLAssetLoaderServi - Loading from file system: jar:file:/C:/Users/trist/.m2/repository/com/github/almasb/fxgl/17.2/fxgl-17.2.jar!/fxglassets/ui/fonts/TerminalLandMono-Regular.otf
19:57:13.039 [FXGL Background Thread 4 ] DEBUG FXGLAssetLoaderServi - Loading from file system: jar:file:/C:/Users/trist/.m2/repository/com/github/almasb/fxgl/17.2/fxgl-17.2.jar!/fxglassets/ui/fonts/Courier-Prime.ttf
19:57:13.088 [FXGL Background Thread 2 ] WARN  UpdaterService       - Failed to find updates: java.net.UnknownHostException: raw.githubusercontent.com
19:57:13.271 [JavaFX Application Thread] DEBUG FXGLApplication      - Registering font factories with UI factory
19:57:15.271 [FXGL Background Thread 3 ] DEBUG Engine               - Logging environment variables
19:57:15.271 [FXGL Background Thread 3 ] DEBUG Engine               - achievements: []
19:57:15.272 [FXGL Background Thread 3 ] DEBUG Engine               - actualHeight: 500.0
19:57:15.272 [FXGL Background Thread 3 ] DEBUG Engine               - actualHeightProperty: ReadOnlyDoubleProperty [value: 500.0]
19:57:15.272 [FXGL Background Thread 3 ] DEBUG Engine               - actualWidth: 800.0
19:57:15.272 [FXGL Background Thread 3 ] DEBUG Engine               - actualWidthProperty: ReadOnlyDoubleProperty [value: 800.0]
19:57:15.272 [FXGL Background Thread 3 ] DEBUG Engine               - appIcon: fxgl_icon.png
19:57:15.272 [FXGL Background Thread 3 ] DEBUG Engine               - applicationMode: DEVELOPER
19:57:15.272 [FXGL Background Thread 3 ] DEBUG Engine               - cSSList: [fxgl_dark.css]
19:57:15.272 [FXGL Background Thread 3 ] DEBUG Engine               - collisionDetectionStrategy: BRUTE_FORCE
19:57:15.272 [FXGL Background Thread 3 ] DEBUG Engine               - configClass: Optional.empty
19:57:15.273 [FXGL Background Thread 3 ] DEBUG Engine               - credits: []
19:57:15.273 [FXGL Background Thread 3 ] DEBUG Engine               - defaultCursor: CursorInfo(imageName=cursor.png, hotspotX=20.0, hotspotY=20.0)
19:57:15.273 [FXGL Background Thread 3 ] DEBUG Engine               - devBBoxColorProperty: ObjectProperty [value: 0xff0000ff]
19:57:15.273 [FXGL Background Thread 3 ] DEBUG Engine               - devEnableDebugCameraProperty: BooleanProperty [value: false]
19:57:15.274 [FXGL Background Thread 3 ] DEBUG Engine               - devSensorColorProperty: ObjectProperty [value: 0xffff00ff]
19:57:15.274 [FXGL Background Thread 3 ] DEBUG Engine               - devShowBBoxProperty: BooleanProperty [value: false]
19:57:15.274 [FXGL Background Thread 3 ] DEBUG Engine               - devShowPositionProperty: BooleanProperty [value: false]
19:57:15.274 [FXGL Background Thread 3 ] DEBUG Engine               - enabledMenuItems: []
19:57:15.274 [FXGL Background Thread 3 ] DEBUG Engine               - engineServices: [class com.almasb.fxgl.app.services.FXGLAssetLoaderService, class com.almasb.fxgl.app.FXGLApplication$GameApplicationService, class com.almasb.fxgl.app.services.FXGLDialogService, class com.almasb.fxgl.app.services.IOTaskExecutorService, class com.almasb.fxgl.io.FileSystemService, class com.almasb.fxgl.localization.LocalizationService, class com.almasb.fxgl.app.services.SystemBundleService, class com.almasb.fxgl.profile.SaveLoadService, class com.almasb.fxgl.ui.FXGLUIFactoryServiceProvider, class com.almasb.fxgl.ui.FXGLDialogFactoryServiceProvider, class com.almasb.fxgl.audio.AudioPlayer, class com.almasb.fxgl.notification.impl.NotificationServiceProvider, class com.almasb.fxgl.achievement.AchievementService, class com.almasb.fxgl.cutscene.CutsceneService, class com.almasb.fxgl.minigames.MiniGameService, class com.almasb.fxgl.net.NetService, class com.almasb.fxgl.app.services.UpdaterService, class com.almasb.fxgl.dev.DevService]
19:57:15.274 [FXGL Background Thread 3 ] DEBUG Engine               - fontGame: Abel-Regular.ttf
19:57:15.274 [FXGL Background Thread 3 ] DEBUG Engine               - fontMono: TerminalLandMono-Regular.otf
19:57:15.274 [FXGL Background Thread 3 ] DEBUG Engine               - fontText: Courier-Prime.ttf
19:57:15.275 [FXGL Background Thread 3 ] DEBUG Engine               - fontUI: VarelaRound-Regular.ttf
19:57:15.275 [FXGL Background Thread 3 ] DEBUG Engine               - fullScreen: BooleanProperty [value: false]
19:57:15.275 [FXGL Background Thread 3 ] DEBUG Engine               - gameDifficulty: MEDIUM
19:57:15.275 [FXGL Background Thread 3 ] DEBUG Engine               - gameDifficultyProperty: ObjectProperty [value: MEDIUM]
19:57:15.275 [FXGL Background Thread 3 ] DEBUG Engine               - globalMusicVolume: 0.5
19:57:15.275 [FXGL Background Thread 3 ] DEBUG Engine               - globalMusicVolumeProperty: DoubleProperty [value: 0.5]
19:57:15.276 [FXGL Background Thread 3 ] DEBUG Engine               - globalSoundVolume: 0.5
19:57:15.276 [FXGL Background Thread 3 ] DEBUG Engine               - globalSoundVolumeProperty: DoubleProperty [value: 0.5]
19:57:15.276 [FXGL Background Thread 3 ] DEBUG Engine               - height: 500
19:57:15.277 [FXGL Background Thread 3 ] DEBUG Engine               - is3D: false
19:57:15.278 [FXGL Background Thread 3 ] DEBUG Engine               - isAndroid: false
19:57:15.278 [FXGL Background Thread 3 ] DEBUG Engine               - isBrowser: false
19:57:15.279 [FXGL Background Thread 3 ] DEBUG Engine               - isClickFeedbackEnabled: false
19:57:15.279 [FXGL Background Thread 3 ] DEBUG Engine               - isCloseConfirmation: false
19:57:15.279 [FXGL Background Thread 3 ] DEBUG Engine               - isDesktop: true
19:57:15.279 [FXGL Background Thread 3 ] DEBUG Engine               - isDeveloperMenuEnabled: false
19:57:15.279 [FXGL Background Thread 3 ] DEBUG Engine               - isEmbedded: false
19:57:15.279 [FXGL Background Thread 3 ] DEBUG Engine               - isEntityPreloadEnabled: true
19:57:15.279 [FXGL Background Thread 3 ] DEBUG Engine               - isExperimentalTiledLargeMap: false
19:57:15.279 [FXGL Background Thread 3 ] DEBUG Engine               - isFileSystemWriteAllowed: true
19:57:15.279 [FXGL Background Thread 3 ] DEBUG Engine               - isFullScreenAllowed: false
19:57:15.280 [FXGL Background Thread 3 ] DEBUG Engine               - isFullScreenFromStart: false
19:57:15.280 [FXGL Background Thread 3 ] DEBUG Engine               - isGameMenuEnabled: true
19:57:15.280 [FXGL Background Thread 3 ] DEBUG Engine               - isIOS: false
19:57:15.280 [FXGL Background Thread 3 ] DEBUG Engine               - isIntroEnabled: false
19:57:15.280 [FXGL Background Thread 3 ] DEBUG Engine               - isLinux: false
19:57:15.280 [FXGL Background Thread 3 ] DEBUG Engine               - isMac: false
19:57:15.280 [FXGL Background Thread 3 ] DEBUG Engine               - isMainMenuEnabled: false
19:57:15.280 [FXGL Background Thread 3 ] DEBUG Engine               - isManualResizeEnabled: false
19:57:15.280 [FXGL Background Thread 3 ] DEBUG Engine               - isMobile: false
19:57:15.280 [FXGL Background Thread 3 ] DEBUG Engine               - isNative: false
19:57:15.280 [FXGL Background Thread 3 ] DEBUG Engine               - isPauseMusicWhenMinimized: true
19:57:15.281 [FXGL Background Thread 3 ] DEBUG Engine               - isPreserveResizeRatio: false
19:57:15.281 [FXGL Background Thread 3 ] DEBUG Engine               - isProfilingEnabled: false
19:57:15.281 [FXGL Background Thread 3 ] DEBUG Engine               - isScaleAffectedOnResize: true
19:57:15.281 [FXGL Background Thread 3 ] DEBUG Engine               - isSingleStep: false
19:57:15.281 [FXGL Background Thread 3 ] DEBUG Engine               - isUserProfileEnabled: false
19:57:15.281 [FXGL Background Thread 3 ] DEBUG Engine               - isWindows: true
19:57:15.281 [FXGL Background Thread 3 ] DEBUG Engine               - language: ObjectProperty [value: ENGLISH]
19:57:15.281 [FXGL Background Thread 3 ] DEBUG Engine               - menuKey: ESCAPE
19:57:15.281 [FXGL Background Thread 3 ] DEBUG Engine               - mouseSensitivity: 0.2
19:57:15.281 [FXGL Background Thread 3 ] DEBUG Engine               - notificationViewClass: class com.almasb.fxgl.notification.view.XboxNotificationView
19:57:15.281 [FXGL Background Thread 3 ] DEBUG Engine               - pixelsPerMeter: 50.0
19:57:15.281 [FXGL Background Thread 3 ] DEBUG Engine               - platform: WINDOWS
19:57:15.281 [FXGL Background Thread 3 ] DEBUG Engine               - prefHeightProperty: ReadOnlyDoubleProperty [value: 500.0]
19:57:15.282 [FXGL Background Thread 3 ] DEBUG Engine               - prefWidthProperty: ReadOnlyDoubleProperty [value: 800.0]
19:57:15.282 [FXGL Background Thread 3 ] DEBUG Engine               - profileDir: profiles/
19:57:15.282 [FXGL Background Thread 3 ] DEBUG Engine               - profileName: StringProperty [value: DEFAULT]
19:57:15.282 [FXGL Background Thread 3 ] DEBUG Engine               - randomSeed: -1
19:57:15.282 [FXGL Background Thread 3 ] DEBUG Engine               - runtimeInfo: RuntimeInfo(platform=WINDOWS, version=17.2, build=20.08.2022 16.50)
19:57:15.282 [FXGL Background Thread 3 ] DEBUG Engine               - saveFileExt: sav
19:57:15.282 [FXGL Background Thread 3 ] DEBUG Engine               - scaledHeightProp$fxgl: DoubleProperty [bound, value: 500.0]
19:57:15.282 [FXGL Background Thread 3 ] DEBUG Engine               - scaledWidthProp$fxgl: DoubleProperty [bound, value: 800.0]
19:57:15.282 [FXGL Background Thread 3 ] DEBUG Engine               - sceneFactory: com.almasb.fxgl.app.scene.SceneFactory@53fa17f4
19:57:15.282 [FXGL Background Thread 3 ] DEBUG Engine               - secondsIn24h: 60
19:57:15.283 [FXGL Background Thread 3 ] DEBUG Engine               - soundMenuBack: menu/back.wav
19:57:15.283 [FXGL Background Thread 3 ] DEBUG Engine               - soundMenuPress: menu/press.wav
19:57:15.283 [FXGL Background Thread 3 ] DEBUG Engine               - soundMenuSelect: menu/select.wav
19:57:15.283 [FXGL Background Thread 3 ] DEBUG Engine               - soundNotification: core/notification.wav
19:57:15.283 [FXGL Background Thread 3 ] DEBUG Engine               - stageStyle: DECORATED
19:57:15.283 [FXGL Background Thread 3 ] DEBUG Engine               - supportedLanguages: [ENGLISH, FRENCH, GERMAN, HUNGARIAN, RUSSIAN]
19:57:15.283 [FXGL Background Thread 3 ] DEBUG Engine               - ticksPerSecond: -1
19:57:15.283 [FXGL Background Thread 3 ] DEBUG Engine               - title: Clicky Cooker
19:57:15.283 [FXGL Background Thread 3 ] DEBUG Engine               - urlGithub: https://github.com/AlmasB/FXGL
19:57:15.283 [FXGL Background Thread 3 ] DEBUG Engine               - urlLeaderboard: http://fxgl-top.herokuapp.com/
19:57:15.283 [FXGL Background Thread 3 ] DEBUG Engine               - urlPOM: https://raw.githubusercontent.com/AlmasB/FXGL/release/README.md
19:57:15.283 [FXGL Background Thread 3 ] DEBUG Engine               - userAppClass: class com.example.clickycooker.App
19:57:15.283 [FXGL Background Thread 3 ] DEBUG Engine               - version: 0.0
19:57:15.283 [FXGL Background Thread 3 ] DEBUG Engine               - versionCheckDays: 7
19:57:15.283 [FXGL Background Thread 3 ] DEBUG Engine               - width: 800
19:57:15.283 [FXGL Background Thread 3 ] DEBUG Engine               - Logging services
19:57:15.283 [FXGL Background Thread 3 ] DEBUG Engine               - class com.almasb.fxgl.app.services.FXGLAssetLoaderService
19:57:15.283 [FXGL Background Thread 3 ] DEBUG Engine               - class com.almasb.fxgl.app.FXGLApplication$GameApplicationService
19:57:15.283 [FXGL Background Thread 3 ] DEBUG Engine               - class com.almasb.fxgl.app.services.FXGLDialogService
19:57:15.284 [FXGL Background Thread 3 ] DEBUG Engine               - class com.almasb.fxgl.app.services.IOTaskExecutorService
19:57:15.284 [FXGL Background Thread 3 ] DEBUG Engine               - class com.almasb.fxgl.io.FileSystemService
19:57:15.284 [FXGL Background Thread 3 ] DEBUG Engine               - class com.almasb.fxgl.localization.LocalizationService
19:57:15.284 [FXGL Background Thread 3 ] DEBUG Engine               - class com.almasb.fxgl.app.services.SystemBundleService
19:57:15.284 [FXGL Background Thread 3 ] DEBUG Engine               - class com.almasb.fxgl.profile.SaveLoadService
19:57:15.284 [FXGL Background Thread 3 ] DEBUG Engine               - class com.almasb.fxgl.ui.FXGLUIFactoryServiceProvider
19:57:15.284 [FXGL Background Thread 3 ] DEBUG Engine               - class com.almasb.fxgl.ui.FXGLDialogFactoryServiceProvider
19:57:15.284 [FXGL Background Thread 3 ] DEBUG Engine               - class com.almasb.fxgl.audio.AudioPlayer
19:57:15.284 [FXGL Background Thread 3 ] DEBUG Engine               - class com.almasb.fxgl.notification.impl.NotificationServiceProvider
19:57:15.284 [FXGL Background Thread 3 ] DEBUG Engine               - class com.almasb.fxgl.achievement.AchievementService
19:57:15.284 [FXGL Background Thread 3 ] DEBUG Engine               - class com.almasb.fxgl.cutscene.CutsceneService
19:57:15.284 [FXGL Background Thread 3 ] DEBUG Engine               - class com.almasb.fxgl.minigames.MiniGameService
19:57:15.284 [FXGL Background Thread 3 ] DEBUG Engine               - class com.almasb.fxgl.net.NetService
19:57:15.284 [FXGL Background Thread 3 ] DEBUG Engine               - class com.almasb.fxgl.app.services.UpdaterService
19:57:15.284 [FXGL Background Thread 3 ] DEBUG Engine               - class com.almasb.fxgl.dev.DevService
19:57:16.021 [JavaFX Application Thread] DEBUG FXGLApplication      - Exiting FXGL
19:57:16.021 [JavaFX Application Thread] DEBUG Async                - Shutting down background threads
19:57:16.021 [JavaFX Application Thread] DEBUG PrimaryStageWindow   - Closing main window
19:57:16.036 [JavaFX Application Thread] DEBUG Logger               - Closing Logger
