02:42:03.506 [main                     ] DEBUG Logger               - Configured Logger
02:42:03.537 [main                     ] DEBUG GameApplication      - Logging settings
Title: Clicky Cooker
Version: 0.0
Width: 800
Height: 500
Fullscreen: false
Intro: false
Profiling: false
Single step:false
App Mode: DEVELOPER
Menu Key: ESCAPE
Stage Style: DECORATED
Scene Factory: class com.almasb.fxgl.app.scene.SceneFactory

02:42:04.186 [JavaFX Application Thread] DEBUG FXGLApplication      - Initializing FXGL
02:42:04.192 [JavaFX Application Thread] INFO  Engine               - FXGL-17.2 (20.08.2022 16.50) on WINDOWS (J:19 FX:19-ea)
02:42:04.193 [JavaFX Application Thread] DEBUG Engine               - JRE Vendor Name: Oracle Corporation
02:42:04.193 [JavaFX Application Thread] DEBUG Engine               - Running on OS: Windows 10 version 10.0
02:42:04.193 [JavaFX Application Thread] DEBUG Engine               - Architecture: amd64
02:42:04.193 [JavaFX Application Thread] INFO  Engine               - Source code and latest versions at: https://github.com/AlmasB/FXGL
02:42:04.194 [JavaFX Application Thread] INFO  Engine               -       Ask questions and discuss at: https://github.com/AlmasB/FXGL/discussions
02:42:04.194 [JavaFX Application Thread] INFO  Engine               -              Join the FXGL chat at: https://gitter.im/AlmasB/FXGL
02:42:04.377 [JavaFX Application Thread] DEBUG PrimaryStageWindow   - Creating a JavaFX scene
02:42:04.446 [JavaFX Application Thread] DEBUG PrimaryStageWindow   - Target settings size: 800.0 x 500.0
02:42:04.446 [JavaFX Application Thread] DEBUG PrimaryStageWindow   - Scaled scene size:    800.0 x 500.0
02:42:04.446 [JavaFX Application Thread] DEBUG PrimaryStageWindow   - Scaled ratio: (1.0, 1.0)
02:42:04.448 [JavaFX Application Thread] DEBUG PrimaryStageWindow   - Set initial scene to FXGLStartupScene
02:42:04.459 [JavaFX Application Thread] DEBUG PrimaryStageWindow   - Opening main window
02:42:04.568 [JavaFX Application Thread] DEBUG PrimaryStageWindow   - Window border size: (16.0, 39.0)
02:42:04.568 [JavaFX Application Thread] DEBUG PrimaryStageWindow   - Scaled size: 800.0 x 500.0
02:42:04.568 [JavaFX Application Thread] DEBUG PrimaryStageWindow   - Scaled ratio: (1.0, 1.0)
02:42:04.569 [JavaFX Application Thread] DEBUG PrimaryStageWindow   - Scene size: 800.0 x 500.0
02:42:04.569 [JavaFX Application Thread] DEBUG PrimaryStageWindow   - Stage size: 816.0 x 539.0
02:42:04.579 [FXGL Background Thread 1 ] DEBUG Engine               - Initializing environment variables
02:42:04.648 [FXGL Background Thread 1 ] DEBUG FXGLAssetLoaderServi - User app class for loading assets: class com.example.clickycooker.App
02:42:04.648 [FXGL Background Thread 1 ] DEBUG GameApplicationServi - Applying CSS: fxgl_dark.css
02:42:04.649 [FXGL Background Thread 1 ] DEBUG FXGLAssetLoaderServi - Loading from file system: jar:file:/C:/Users/Deus/.m2/repository/com/github/almasb/fxgl/17.2/fxgl-17.2.jar!/fxglassets/ui/css/fxgl_dark.css
02:42:04.711 [FXGL Background Thread 1 ] DEBUG GameApplicationServi - Initializing application scenes
02:42:04.795 [FXGL Background Thread 1 ] DEBUG GameWorld            - Game world initialized
02:42:04.872 [FXGL Background Thread 1 ] DEBUG PhysicsWorld         - Physics world initialized: appHeight=500, physics.ppm=50.0
02:42:04.872 [FXGL Background Thread 1 ] DEBUG PhysicsWorld         - Using strategy: BRUTE_FORCE
02:42:04.877 [FXGL Background Thread 1 ] DEBUG GameScene            - Game scene initialized: 800x500
02:42:04.893 [FXGL Background Thread 1 ] WARN  FXGL.DefaultMenu     - FXGLDefaultMenu is not designed for resolutions < 800x600
02:42:04.894 [FXGL Background Thread 1 ] DEBUG FXGL.DefaultMenu     - createMenuBodyGameMenu()
02:42:04.916 [FXGL Background Thread 1 ] DEBUG FXGL.DefaultMenu     - createOptionsMenu()
02:42:04.943 [FXGL Background Thread 1 ] DEBUG FXGLAssetLoaderServi - Loading from file system: jar:file:/C:/Users/Deus/.m2/repository/com/github/almasb/fxgl/17.2/fxgl-17.2.jar!/fxglassets/textures/particles/smoke.png
02:42:05.087 [FXGL Background Thread 1 ] DEBUG FXGLAssetLoaderServi - Loading from file system: jar:file:/C:/Users/Deus/.m2/repository/com/github/almasb/fxgl/17.2/fxgl-17.2.jar!/fxglassets/textures/particles/trace_horizontal.png
02:42:05.121 [FXGL Background Thread 1 ] DEBUG GameApplicationServi - Application scenes initialized
02:42:05.142 [FXGL Background Thread 1 ] DEBUG SystemBundleService  - Loading FXGL system data
02:42:05.155 [FXGL Background Thread 1 ] DEBUG FileSystemAccess     - Reading from: C:\Users\Deus\Documents\GitHub\ClickyCooker\system\fxgl.bundle
02:42:05.169 [FXGL Background Thread 1 ] DEBUG SystemBundleService  - Bundle FXGL: {}
02:42:05.169 [FXGL Background Thread 1 ] DEBUG UpdaterService       - Checking for updates
02:42:05.177 [FXGL Background Thread 1 ] DEBUG FXGLApplication      - Loading default localization
02:42:05.178 [FXGL Background Thread 1 ] DEBUG FXGLAssetLoaderServi - Loading from file system: jar:file:/C:/Users/Deus/.m2/repository/com/github/almasb/fxgl/17.2/fxgl-17.2.jar!/fxglassets/languages/english.lang
02:42:05.199 [FXGL Background Thread 1 ] INFO  FXGLApplication      - FXGL initialization took: 0.621 sec
02:42:05.201 [JavaFX Application Thread] DEBUG FXGLAssetLoaderServi - Loading from file system: jar:file:/C:/Users/Deus/.m2/repository/com/github/almasb/fxgl/17.2/fxgl-17.2.jar!/fxglassets/textures/fxgl_icon.png
02:42:05.223 [FXGL Background Thread 4 ] DEBUG FXGLApplication      - Loading fonts
02:42:05.224 [FXGL Background Thread 4 ] DEBUG FXGLAssetLoaderServi - Loading from file system: jar:file:/C:/Users/Deus/.m2/repository/com/github/almasb/fxgl/17.2/fxgl-17.2.jar!/fxglassets/ui/fonts/VarelaRound-Regular.ttf
02:42:05.227 [JavaFX Application Thread] DEBUG FXGLAssetLoaderServi - Loading from file system: file:/C:/Users/Deus/Documents/GitHub/ClickyCooker/target/classes/assets/textures/cursor.png
02:42:05.257 [JavaFX Application Thread] DEBUG Input                - Registered new binding: Screenshot - CTRL+8
02:42:05.258 [JavaFX Application Thread] DEBUG Input                - Registered new binding: System info dump - CTRL+9
02:42:05.259 [JavaFX Application Thread] DEBUG Input                - Registered new binding: Restart - CTRL+R
02:42:05.259 [JavaFX Application Thread] DEBUG Input                - Registered new binding: Toggle Debug Camera - CTRL+7
02:42:05.262 [JavaFX Application Thread] DEBUG LoopRunner           - Starting loop
02:42:05.262 [JavaFX Application Thread] DEBUG LoopRunner           - Initializing JavaFX AnimationTimerLoop
02:42:05.265 [JavaFX Application Thread] DEBUG GameApplicationServi - Starting new game
02:42:05.266 [JavaFX Application Thread] DEBUG Input                - Clearing active input actions
02:42:05.282 [JavaFX Application Thread] DEBUG GameApplicationServi - Removing overlay from FXGLStartupScene and adding to FXGLLoadingScene
02:42:05.282 [JavaFX Application Thread] DEBUG PrimaryStageWindow   - FXGLStartupScene -> FXGLLoadingScene
02:42:05.282 [JavaFX Application Thread] DEBUG GameApplicationServi - Clearing previous game
02:42:05.282 [JavaFX Application Thread] DEBUG GameScene            - Clearing game scene
02:42:05.282 [JavaFX Application Thread] DEBUG GameWorld            - Clearing game world
02:42:05.282 [JavaFX Application Thread] DEBUG PhysicsWorld         - Clearing physics world
02:42:05.285 [FXGL Background Thread 1 ] DEBUG FXGLApplication      - Initializing game
02:42:05.546 [FXGL Background Thread 1 ] INFO  FXGLApplication      - Game initialization took: 0.262 sec
02:42:05.557 [JavaFX Application Thread] DEBUG Input                - Clearing active input actions
02:42:05.576 [JavaFX Application Thread] DEBUG GameApplicationServi - Removing overlay from FXGLLoadingScene and adding to GameScene
02:42:05.576 [JavaFX Application Thread] DEBUG PrimaryStageWindow   - FXGLLoadingScene -> GameScene
02:42:05.741 [FXGL Background Thread 4 ] DEBUG FXGLAssetLoaderServi - Loading from file system: jar:file:/C:/Users/Deus/.m2/repository/com/github/almasb/fxgl/17.2/fxgl-17.2.jar!/fxglassets/ui/fonts/Abel-Regular.ttf
02:42:05.752 [FXGL Background Thread 4 ] DEBUG FXGLAssetLoaderServi - Loading from file system: jar:file:/C:/Users/Deus/.m2/repository/com/github/almasb/fxgl/17.2/fxgl-17.2.jar!/fxglassets/ui/fonts/TerminalLandMono-Regular.otf
02:42:05.765 [FXGL Background Thread 4 ] DEBUG FXGLAssetLoaderServi - Loading from file system: jar:file:/C:/Users/Deus/.m2/repository/com/github/almasb/fxgl/17.2/fxgl-17.2.jar!/fxglassets/ui/fonts/Courier-Prime.ttf
02:42:05.778 [JavaFX Application Thread] DEBUG FXGLApplication      - Registering font factories with UI factory
02:42:08.179 [FXGL Background Thread 3 ] DEBUG Engine               - Logging environment variables
02:42:08.180 [FXGL Background Thread 3 ] DEBUG Engine               - achievements: []
02:42:08.181 [FXGL Background Thread 3 ] DEBUG Engine               - actualHeight: 500.0
02:42:08.181 [FXGL Background Thread 3 ] DEBUG Engine               - actualHeightProperty: ReadOnlyDoubleProperty [value: 500.0]
02:42:08.181 [FXGL Background Thread 3 ] DEBUG Engine               - actualWidth: 800.0
02:42:08.182 [FXGL Background Thread 3 ] DEBUG Engine               - actualWidthProperty: ReadOnlyDoubleProperty [value: 800.0]
02:42:08.182 [FXGL Background Thread 3 ] DEBUG Engine               - appIcon: fxgl_icon.png
02:42:08.182 [FXGL Background Thread 3 ] DEBUG Engine               - applicationMode: DEVELOPER
02:42:08.182 [FXGL Background Thread 3 ] DEBUG Engine               - cSSList: [fxgl_dark.css]
02:42:08.182 [FXGL Background Thread 3 ] DEBUG Engine               - collisionDetectionStrategy: BRUTE_FORCE
02:42:08.182 [FXGL Background Thread 3 ] DEBUG Engine               - configClass: Optional.empty
02:42:08.182 [FXGL Background Thread 3 ] DEBUG Engine               - credits: []
02:42:08.183 [FXGL Background Thread 3 ] DEBUG Engine               - defaultCursor: CursorInfo(imageName=cursor.png, hotspotX=20.0, hotspotY=20.0)
02:42:08.184 [FXGL Background Thread 3 ] DEBUG Engine               - devBBoxColorProperty: ObjectProperty [value: 0xff0000ff]
02:42:08.184 [FXGL Background Thread 3 ] DEBUG Engine               - devEnableDebugCameraProperty: BooleanProperty [value: false]
02:42:08.184 [FXGL Background Thread 3 ] DEBUG Engine               - devSensorColorProperty: ObjectProperty [value: 0xffff00ff]
02:42:08.184 [FXGL Background Thread 3 ] DEBUG Engine               - devShowBBoxProperty: BooleanProperty [value: false]
02:42:08.184 [FXGL Background Thread 3 ] DEBUG Engine               - devShowPositionProperty: BooleanProperty [value: false]
02:42:08.184 [FXGL Background Thread 3 ] DEBUG Engine               - enabledMenuItems: []
02:42:08.185 [FXGL Background Thread 3 ] DEBUG Engine               - engineServices: [class com.almasb.fxgl.app.services.FXGLAssetLoaderService, class com.almasb.fxgl.app.FXGLApplication$GameApplicationService, class com.almasb.fxgl.app.services.FXGLDialogService, class com.almasb.fxgl.app.services.IOTaskExecutorService, class com.almasb.fxgl.io.FileSystemService, class com.almasb.fxgl.localization.LocalizationService, class com.almasb.fxgl.app.services.SystemBundleService, class com.almasb.fxgl.profile.SaveLoadService, class com.almasb.fxgl.ui.FXGLUIFactoryServiceProvider, class com.almasb.fxgl.ui.FXGLDialogFactoryServiceProvider, class com.almasb.fxgl.audio.AudioPlayer, class com.almasb.fxgl.notification.impl.NotificationServiceProvider, class com.almasb.fxgl.achievement.AchievementService, class com.almasb.fxgl.cutscene.CutsceneService, class com.almasb.fxgl.minigames.MiniGameService, class com.almasb.fxgl.net.NetService, class com.almasb.fxgl.app.services.UpdaterService, class com.almasb.fxgl.dev.DevService]
02:42:08.185 [FXGL Background Thread 3 ] DEBUG Engine               - fontGame: Abel-Regular.ttf
02:42:08.185 [FXGL Background Thread 3 ] DEBUG Engine               - fontMono: TerminalLandMono-Regular.otf
02:42:08.185 [FXGL Background Thread 3 ] DEBUG Engine               - fontText: Courier-Prime.ttf
02:42:08.185 [FXGL Background Thread 3 ] DEBUG Engine               - fontUI: VarelaRound-Regular.ttf
02:42:08.185 [FXGL Background Thread 3 ] DEBUG Engine               - fullScreen: BooleanProperty [value: false]
02:42:08.186 [FXGL Background Thread 3 ] DEBUG Engine               - gameDifficulty: MEDIUM
02:42:08.186 [FXGL Background Thread 3 ] DEBUG Engine               - gameDifficultyProperty: ObjectProperty [value: MEDIUM]
02:42:08.186 [FXGL Background Thread 3 ] DEBUG Engine               - globalMusicVolume: 0.5
02:42:08.186 [FXGL Background Thread 3 ] DEBUG Engine               - globalMusicVolumeProperty: DoubleProperty [value: 0.5]
02:42:08.186 [FXGL Background Thread 3 ] DEBUG Engine               - globalSoundVolume: 0.5
02:42:08.187 [FXGL Background Thread 3 ] DEBUG Engine               - globalSoundVolumeProperty: DoubleProperty [value: 0.5]
02:42:08.187 [FXGL Background Thread 3 ] DEBUG Engine               - height: 500
02:42:08.187 [FXGL Background Thread 3 ] DEBUG Engine               - is3D: false
02:42:08.187 [FXGL Background Thread 3 ] DEBUG Engine               - isAndroid: false
02:42:08.187 [FXGL Background Thread 3 ] DEBUG Engine               - isBrowser: false
02:42:08.187 [FXGL Background Thread 3 ] DEBUG Engine               - isClickFeedbackEnabled: false
02:42:08.187 [FXGL Background Thread 3 ] DEBUG Engine               - isCloseConfirmation: false
02:42:08.188 [FXGL Background Thread 3 ] DEBUG Engine               - isDesktop: true
02:42:08.188 [FXGL Background Thread 3 ] DEBUG Engine               - isDeveloperMenuEnabled: false
02:42:08.188 [FXGL Background Thread 3 ] DEBUG Engine               - isEmbedded: false
02:42:08.188 [FXGL Background Thread 3 ] DEBUG Engine               - isEntityPreloadEnabled: true
02:42:08.188 [FXGL Background Thread 3 ] DEBUG Engine               - isExperimentalTiledLargeMap: false
02:42:08.188 [FXGL Background Thread 3 ] DEBUG Engine               - isFileSystemWriteAllowed: true
02:42:08.189 [FXGL Background Thread 3 ] DEBUG Engine               - isFullScreenAllowed: false
02:42:08.189 [FXGL Background Thread 3 ] DEBUG Engine               - isFullScreenFromStart: false
02:42:08.189 [FXGL Background Thread 3 ] DEBUG Engine               - isGameMenuEnabled: true
02:42:08.189 [FXGL Background Thread 3 ] DEBUG Engine               - isIOS: false
02:42:08.189 [FXGL Background Thread 3 ] DEBUG Engine               - isIntroEnabled: false
02:42:08.189 [FXGL Background Thread 3 ] DEBUG Engine               - isLinux: false
02:42:08.189 [FXGL Background Thread 3 ] DEBUG Engine               - isMac: false
02:42:08.190 [FXGL Background Thread 3 ] DEBUG Engine               - isMainMenuEnabled: false
02:42:08.190 [FXGL Background Thread 3 ] DEBUG Engine               - isManualResizeEnabled: false
02:42:08.190 [FXGL Background Thread 3 ] DEBUG Engine               - isMobile: false
02:42:08.190 [FXGL Background Thread 3 ] DEBUG Engine               - isNative: false
02:42:08.190 [FXGL Background Thread 3 ] DEBUG Engine               - isPauseMusicWhenMinimized: true
02:42:08.190 [FXGL Background Thread 3 ] DEBUG Engine               - isPreserveResizeRatio: false
02:42:08.191 [FXGL Background Thread 3 ] DEBUG Engine               - isProfilingEnabled: false
02:42:08.191 [FXGL Background Thread 3 ] DEBUG Engine               - isScaleAffectedOnResize: true
02:42:08.191 [FXGL Background Thread 3 ] DEBUG Engine               - isSingleStep: false
02:42:08.191 [FXGL Background Thread 3 ] DEBUG Engine               - isUserProfileEnabled: false
02:42:08.191 [FXGL Background Thread 3 ] DEBUG Engine               - isWindows: true
02:42:08.192 [FXGL Background Thread 3 ] DEBUG Engine               - language: ObjectProperty [value: ENGLISH]
02:42:08.192 [FXGL Background Thread 3 ] DEBUG Engine               - menuKey: ESCAPE
02:42:08.192 [FXGL Background Thread 3 ] DEBUG Engine               - mouseSensitivity: 0.2
02:42:08.192 [FXGL Background Thread 3 ] DEBUG Engine               - notificationViewClass: class com.almasb.fxgl.notification.view.XboxNotificationView
02:42:08.192 [FXGL Background Thread 3 ] DEBUG Engine               - pixelsPerMeter: 50.0
02:42:08.192 [FXGL Background Thread 3 ] DEBUG Engine               - platform: WINDOWS
02:42:08.193 [FXGL Background Thread 3 ] DEBUG Engine               - prefHeightProperty: ReadOnlyDoubleProperty [value: 500.0]
02:42:08.193 [FXGL Background Thread 3 ] DEBUG Engine               - prefWidthProperty: ReadOnlyDoubleProperty [value: 800.0]
02:42:08.193 [FXGL Background Thread 3 ] DEBUG Engine               - profileDir: profiles/
02:42:08.193 [FXGL Background Thread 3 ] DEBUG Engine               - profileName: StringProperty [value: DEFAULT]
02:42:08.193 [FXGL Background Thread 3 ] DEBUG Engine               - randomSeed: -1
02:42:08.194 [FXGL Background Thread 3 ] DEBUG Engine               - runtimeInfo: RuntimeInfo(platform=WINDOWS, version=17.2, build=20.08.2022 16.50)
02:42:08.195 [FXGL Background Thread 3 ] DEBUG Engine               - saveFileExt: sav
02:42:08.195 [FXGL Background Thread 3 ] DEBUG Engine               - scaledHeightProp$fxgl: DoubleProperty [bound, value: 500.0]
02:42:08.195 [FXGL Background Thread 3 ] DEBUG Engine               - scaledWidthProp$fxgl: DoubleProperty [bound, value: 800.0]
02:42:08.195 [FXGL Background Thread 3 ] DEBUG Engine               - sceneFactory: com.almasb.fxgl.app.scene.SceneFactory@2f26a5c3
02:42:08.196 [FXGL Background Thread 3 ] DEBUG Engine               - secondsIn24h: 60
02:42:08.196 [FXGL Background Thread 3 ] DEBUG Engine               - soundMenuBack: menu/back.wav
02:42:08.196 [FXGL Background Thread 3 ] DEBUG Engine               - soundMenuPress: menu/press.wav
02:42:08.196 [FXGL Background Thread 3 ] DEBUG Engine               - soundMenuSelect: menu/select.wav
02:42:08.196 [FXGL Background Thread 3 ] DEBUG Engine               - soundNotification: core/notification.wav
02:42:08.197 [FXGL Background Thread 3 ] DEBUG Engine               - stageStyle: DECORATED
02:42:08.197 [FXGL Background Thread 3 ] DEBUG Engine               - supportedLanguages: [ENGLISH, FRENCH, GERMAN, HUNGARIAN, RUSSIAN]
02:42:08.197 [FXGL Background Thread 3 ] DEBUG Engine               - ticksPerSecond: -1
02:42:08.197 [FXGL Background Thread 3 ] DEBUG Engine               - title: Clicky Cooker
02:42:08.197 [FXGL Background Thread 3 ] DEBUG Engine               - urlGithub: https://github.com/AlmasB/FXGL
02:42:08.198 [FXGL Background Thread 3 ] DEBUG Engine               - urlLeaderboard: http://fxgl-top.herokuapp.com/
02:42:08.198 [FXGL Background Thread 3 ] DEBUG Engine               - urlPOM: https://raw.githubusercontent.com/AlmasB/FXGL/release/README.md
02:42:08.198 [FXGL Background Thread 3 ] DEBUG Engine               - userAppClass: class com.example.clickycooker.App
02:42:08.198 [FXGL Background Thread 3 ] DEBUG Engine               - version: 0.0
02:42:08.198 [FXGL Background Thread 3 ] DEBUG Engine               - versionCheckDays: 7
02:42:08.198 [FXGL Background Thread 3 ] DEBUG Engine               - width: 800
02:42:08.199 [FXGL Background Thread 3 ] DEBUG Engine               - Logging services
02:42:08.199 [FXGL Background Thread 3 ] DEBUG Engine               - class com.almasb.fxgl.app.services.FXGLAssetLoaderService
02:42:08.199 [FXGL Background Thread 3 ] DEBUG Engine               - class com.almasb.fxgl.app.FXGLApplication$GameApplicationService
02:42:08.199 [FXGL Background Thread 3 ] DEBUG Engine               - class com.almasb.fxgl.app.services.FXGLDialogService
02:42:08.199 [FXGL Background Thread 3 ] DEBUG Engine               - class com.almasb.fxgl.app.services.IOTaskExecutorService
02:42:08.199 [FXGL Background Thread 3 ] DEBUG Engine               - class com.almasb.fxgl.io.FileSystemService
02:42:08.199 [FXGL Background Thread 3 ] DEBUG Engine               - class com.almasb.fxgl.localization.LocalizationService
02:42:08.199 [FXGL Background Thread 3 ] DEBUG Engine               - class com.almasb.fxgl.app.services.SystemBundleService
02:42:08.200 [FXGL Background Thread 3 ] DEBUG Engine               - class com.almasb.fxgl.profile.SaveLoadService
02:42:08.200 [FXGL Background Thread 3 ] DEBUG Engine               - class com.almasb.fxgl.ui.FXGLUIFactoryServiceProvider
02:42:08.200 [FXGL Background Thread 3 ] DEBUG Engine               - class com.almasb.fxgl.ui.FXGLDialogFactoryServiceProvider
02:42:08.200 [FXGL Background Thread 3 ] DEBUG Engine               - class com.almasb.fxgl.audio.AudioPlayer
02:42:08.200 [FXGL Background Thread 3 ] DEBUG Engine               - class com.almasb.fxgl.notification.impl.NotificationServiceProvider
02:42:08.200 [FXGL Background Thread 3 ] DEBUG Engine               - class com.almasb.fxgl.achievement.AchievementService
02:42:08.200 [FXGL Background Thread 3 ] DEBUG Engine               - class com.almasb.fxgl.cutscene.CutsceneService
02:42:08.201 [FXGL Background Thread 3 ] DEBUG Engine               - class com.almasb.fxgl.minigames.MiniGameService
02:42:08.201 [FXGL Background Thread 3 ] DEBUG Engine               - class com.almasb.fxgl.net.NetService
02:42:08.201 [FXGL Background Thread 3 ] DEBUG Engine               - class com.almasb.fxgl.app.services.UpdaterService
02:42:08.201 [FXGL Background Thread 3 ] DEBUG Engine               - class com.almasb.fxgl.dev.DevService
02:42:11.047 [JavaFX Application Thread] DEBUG FXGLApplication      - Exiting FXGL
02:42:11.047 [JavaFX Application Thread] DEBUG LoopRunner           - Stopping loop
02:42:11.047 [JavaFX Application Thread] DEBUG SystemBundleService  - Saving FXGL system data
02:42:11.050 [JavaFX Application Thread] DEBUG FileSystemAccess     - Writing to: C:\Users\Deus\Documents\GitHub\ClickyCooker\system\fxgl.bundle
02:42:11.052 [JavaFX Application Thread] DEBUG Async                - Shutting down background threads
02:42:11.053 [JavaFX Application Thread] DEBUG PrimaryStageWindow   - Closing main window
02:42:11.064 [JavaFX Application Thread] DEBUG Logger               - Closing Logger
